
*** Running vivado
    with args -log max3sint16b.vdi -applog -m64 -product Vivado -messageDb vivado.pb -mode batch -source max3sint16b.tcl -notrace



****** Vivado v2022.1 (64-bit)
  **** SW Build 3526262 on Mon Apr 18 15:48:16 MDT 2022
  **** IP Build 3524634 on Mon Apr 18 20:55:01 MDT 2022
    ** Copyright 1986-2022 Xilinx, Inc. All Rights Reserved.

source max3sint16b.tcl -notrace
Command: link_design -top max3sint16b -part xc7a35tcpg236-1
Design is defaulting to srcset: sources_1
Design is defaulting to constrset: constrs_1
INFO: [Device 21-403] Loading part xc7a35tcpg236-1
Netlist sorting complete. Time (s): cpu = 00:00:00 ; elapsed = 00:00:00.002 . Memory (MB): peak = 1292.934 ; gain = 0.000
INFO: [Netlist 29-17] Analyzing 6 Unisim elements for replacement
INFO: [Netlist 29-28] Unisim Transformation completed in 0 CPU seconds
INFO: [Project 1-479] Netlist was created with Vivado 2022.1
INFO: [Project 1-570] Preparing netlist for logic optimization
Netlist sorting complete. Time (s): cpu = 00:00:00 ; elapsed = 00:00:00 . Memory (MB): peak = 1292.934 ; gain = 0.000
INFO: [Project 1-111] Unisim Transformation Summary:
No Unisim elements were transformed.

6 Infos, 0 Warnings, 0 Critical Warnings and 0 Errors encountered.
link_design completed successfully
link_design: Time (s): cpu = 00:00:05 ; elapsed = 00:00:06 . Memory (MB): peak = 1292.934 ; gain = 0.000
Command: opt_design
Attempting to get a license for feature 'Implementation' and/or device 'xc7a35t'
INFO: [Common 17-349] Got license for feature 'Implementation' and/or device 'xc7a35t'
Running DRC as a precondition to command opt_design

Starting DRC Task
INFO: [DRC 23-27] Running DRC with 2 threads
INFO: [Project 1-461] DRC finished with 0 Errors
INFO: [Project 1-462] Please refer to the DRC report (report_drc) for more information.

Time (s): cpu = 00:00:02 ; elapsed = 00:00:00.952 . Memory (MB): peak = 1292.934 ; gain = 0.000

Starting Cache Timing Information Task
INFO: [Timing 38-35] Done setting XDC timing constraints.
Ending Cache Timing Information Task | Checksum: 8a52e665

Time (s): cpu = 00:00:08 ; elapsed = 00:00:08 . Memory (MB): peak = 1414.172 ; gain = 121.238

Starting Logic Optimization Task

Phase 1 Retarget
INFO: [Opt 31-138] Pushed 0 inverter(s) to 0 load pin(s).
In IDDR TRANSFORM
INFO: [Opt 31-49] Retargeted 0 cell(s).
Phase 1 Retarget | Checksum: 8a52e665

Time (s): cpu = 00:00:00 ; elapsed = 00:00:00.077 . Memory (MB): peak = 1725.828 ; gain = 0.000
INFO: [Opt 31-389] Phase Retarget created 0 cells and removed 0 cells

Phase 2 Constant propagation
INFO: [Opt 31-138] Pushed 0 inverter(s) to 0 load pin(s).
Phase 2 Constant propagation | Checksum: 8a52e665

Time (s): cpu = 00:00:00 ; elapsed = 00:00:00.079 . Memory (MB): peak = 1725.828 ; gain = 0.000
INFO: [Opt 31-389] Phase Constant propagation created 0 cells and removed 0 cells

Phase 3 Sweep
Phase 3 Sweep | Checksum: b21d01d1

Time (s): cpu = 00:00:00 ; elapsed = 00:00:00.088 . Memory (MB): peak = 1725.828 ; gain = 0.000
INFO: [Opt 31-389] Phase Sweep created 0 cells and removed 0 cells

Phase 4 BUFG optimization
Phase 4 BUFG optimization | Checksum: b21d01d1

Time (s): cpu = 00:00:00 ; elapsed = 00:00:00.121 . Memory (MB): peak = 1725.828 ; gain = 0.000
INFO: [Opt 31-662] Phase BUFG optimization created 0 cells of which 0 are BUFGs and removed 0 cells.

Phase 5 Shift Register Optimization
INFO: [Opt 31-1064] SRL Remap converted 0 SRLs to 0 registers and converted 0 registers of register chains to 0 SRLs
Phase 5 Shift Register Optimization | Checksum: b21d01d1

Time (s): cpu = 00:00:00 ; elapsed = 00:00:00.123 . Memory (MB): peak = 1725.828 ; gain = 0.000
INFO: [Opt 31-389] Phase Shift Register Optimization created 0 cells and removed 0 cells

Phase 6 Post Processing Netlist
Phase 6 Post Processing Netlist | Checksum: b21d01d1

Time (s): cpu = 00:00:00 ; elapsed = 00:00:00.124 . Memory (MB): peak = 1725.828 ; gain = 0.000
INFO: [Opt 31-389] Phase Post Processing Netlist created 0 cells and removed 0 cells
Opt_design Change Summary
=========================


-------------------------------------------------------------------------------------------------------------------------
|  Phase                        |  #Cells created  |  #Cells Removed  |  #Constrained objects preventing optimizations  |
-------------------------------------------------------------------------------------------------------------------------
|  Retarget                     |               0  |               0  |                                              0  |
|  Constant propagation         |               0  |               0  |                                              0  |
|  Sweep                        |               0  |               0  |                                              0  |
|  BUFG optimization            |               0  |               0  |                                              0  |
|  Shift Register Optimization  |               0  |               0  |                                              0  |
|  Post Processing Netlist      |               0  |               0  |                                              0  |
-------------------------------------------------------------------------------------------------------------------------



Starting Connectivity Check Task

Time (s): cpu = 00:00:00 ; elapsed = 00:00:00.001 . Memory (MB): peak = 1725.828 ; gain = 0.000
Ending Logic Optimization Task | Checksum: fc17e50d

Time (s): cpu = 00:00:00 ; elapsed = 00:00:00.130 . Memory (MB): peak = 1725.828 ; gain = 0.000

Starting Power Optimization Task
INFO: [Pwropt 34-132] Skipping clock gating for clocks with a period < 2.00 ns.
Ending Power Optimization Task | Checksum: fc17e50d

Time (s): cpu = 00:00:00 ; elapsed = 00:00:00.007 . Memory (MB): peak = 1725.828 ; gain = 0.000

Starting Final Cleanup Task
Ending Final Cleanup Task | Checksum: fc17e50d

Time (s): cpu = 00:00:00 ; elapsed = 00:00:00 . Memory (MB): peak = 1725.828 ; gain = 0.000

Starting Netlist Obfuscation Task
Netlist sorting complete. Time (s): cpu = 00:00:00 ; elapsed = 00:00:00 . Memory (MB): peak = 1725.828 ; gain = 0.000
Ending Netlist Obfuscation Task | Checksum: fc17e50d

Time (s): cpu = 00:00:00 ; elapsed = 00:00:00.001 . Memory (MB): peak = 1725.828 ; gain = 0.000
INFO: [Common 17-83] Releasing license: Implementation
23 Infos, 0 Warnings, 0 Critical Warnings and 0 Errors encountered.
opt_design completed successfully
opt_design: Time (s): cpu = 00:00:13 ; elapsed = 00:00:13 . Memory (MB): peak = 1725.828 ; gain = 432.895
INFO: [Common 17-1381] The checkpoint 'C:/ece4743/Lab2/lab2/try_again.runs/impl_1/max3sint16b_opt.dcp' has been generated.
INFO: [runtcl-4] Executing : report_drc -file max3sint16b_drc_opted.rpt -pb max3sint16b_drc_opted.pb -rpx max3sint16b_drc_opted.rpx
Command: report_drc -file max3sint16b_drc_opted.rpt -pb max3sint16b_drc_opted.pb -rpx max3sint16b_drc_opted.rpx
INFO: [IP_Flow 19-234] Refreshing IP repositories
INFO: [IP_Flow 19-1704] No user IP repositories specified
INFO: [IP_Flow 19-2313] Loaded Vivado IP repository 'C:/Xilinx/Vivado/2022.1/data/ip'.
INFO: [Timing 38-35] Done setting XDC timing constraints.
INFO: [DRC 23-27] Running DRC with 2 threads
INFO: [Vivado_Tcl 2-168] The results of DRC are in file C:/ece4743/Lab2/lab2/try_again.runs/impl_1/max3sint16b_drc_opted.rpt.
report_drc completed successfully
Command: place_design
Attempting to get a license for feature 'Implementation' and/or device 'xc7a35t'
INFO: [Common 17-349] Got license for feature 'Implementation' and/or device 'xc7a35t'
INFO: [DRC 23-27] Running DRC with 2 threads
INFO: [Vivado_Tcl 4-198] DRC finished with 0 Errors
INFO: [Vivado_Tcl 4-199] Please refer to the DRC report (report_drc) for more information.
Running DRC as a precondition to command place_design
INFO: [DRC 23-27] Running DRC with 2 threads
INFO: [Vivado_Tcl 4-198] DRC finished with 0 Errors
INFO: [Vivado_Tcl 4-199] Please refer to the DRC report (report_drc) for more information.

Starting Placer Task
INFO: [Place 30-611] Multithreading enabled for place_design using a maximum of 2 CPUs

Phase 1 Placer Initialization

Phase 1.1 Placer Initialization Netlist Sorting
Netlist sorting complete. Time (s): cpu = 00:00:00 ; elapsed = 00:00:00 . Memory (MB): peak = 1765.918 ; gain = 0.000
Phase 1.1 Placer Initialization Netlist Sorting | Checksum: a6ddc04d

Time (s): cpu = 00:00:00 ; elapsed = 00:00:00.008 . Memory (MB): peak = 1765.918 ; gain = 0.000
Netlist sorting complete. Time (s): cpu = 00:00:00 ; elapsed = 00:00:00 . Memory (MB): peak = 1765.918 ; gain = 0.000

Phase 1.2 IO Placement/ Clock Placement/ Build Placer Device
Phase 1.2 IO Placement/ Clock Placement/ Build Placer Device | Checksum: bfbc865c

Time (s): cpu = 00:00:00 ; elapsed = 00:00:00.254 . Memory (MB): peak = 1765.918 ; gain = 0.000

Phase 1.3 Build Placer Netlist Model
Phase 1.3 Build Placer Netlist Model | Checksum: 1b0f0b08a

Time (s): cpu = 00:00:00 ; elapsed = 00:00:00.333 . Memory (MB): peak = 1765.918 ; gain = 0.000

Phase 1.4 Constrain Clocks/Macros
Phase 1.4 Constrain Clocks/Macros | Checksum: 1b0f0b08a

Time (s): cpu = 00:00:00 ; elapsed = 00:00:00.337 . Memory (MB): peak = 1765.918 ; gain = 0.000
Phase 1 Placer Initialization | Checksum: 1b0f0b08a

Time (s): cpu = 00:00:00 ; elapsed = 00:00:00.344 . Memory (MB): peak = 1765.918 ; gain = 0.000

Phase 2 Global Placement

Phase 2.1 Floorplanning
Phase 2.1 Floorplanning | Checksum: 1b0f0b08a

Time (s): cpu = 00:00:00 ; elapsed = 00:00:00.353 . Memory (MB): peak = 1765.918 ; gain = 0.000

Phase 2.2 Update Timing before SLR Path Opt
Phase 2.2 Update Timing before SLR Path Opt | Checksum: 1b0f0b08a

Time (s): cpu = 00:00:00 ; elapsed = 00:00:00.354 . Memory (MB): peak = 1765.918 ; gain = 0.000

Phase 2.3 Post-Processing in Floorplanning
Phase 2.3 Post-Processing in Floorplanning | Checksum: 1b0f0b08a

Time (s): cpu = 00:00:00 ; elapsed = 00:00:00.355 . Memory (MB): peak = 1765.918 ; gain = 0.000

Phase 2.4 Global Placement Core
WARNING: [Place 46-29] place_design is not in timing mode. Skip physical synthesis in placer
Phase 2.4 Global Placement Core | Checksum: 1a5eaf74f

Time (s): cpu = 00:00:01 ; elapsed = 00:00:00.789 . Memory (MB): peak = 1765.918 ; gain = 0.000
Phase 2 Global Placement | Checksum: 1a5eaf74f

Time (s): cpu = 00:00:01 ; elapsed = 00:00:00.792 . Memory (MB): peak = 1765.918 ; gain = 0.000

Phase 3 Detail Placement

Phase 3.1 Commit Multi Column Macros
Phase 3.1 Commit Multi Column Macros | Checksum: 1a5eaf74f

Time (s): cpu = 00:00:01 ; elapsed = 00:00:00.796 . Memory (MB): peak = 1765.918 ; gain = 0.000

Phase 3.2 Commit Most Macros & LUTRAMs
Phase 3.2 Commit Most Macros & LUTRAMs | Checksum: d1e2002a

Time (s): cpu = 00:00:01 ; elapsed = 00:00:00.805 . Memory (MB): peak = 1765.918 ; gain = 0.000

Phase 3.3 Area Swap Optimization
Phase 3.3 Area Swap Optimization | Checksum: 1905d6f87

Time (s): cpu = 00:00:01 ; elapsed = 00:00:00.814 . Memory (MB): peak = 1765.918 ; gain = 0.000

Phase 3.4 Pipeline Register Optimization
Phase 3.4 Pipeline Register Optimization | Checksum: 1905d6f87

Time (s): cpu = 00:00:01 ; elapsed = 00:00:00.815 . Memory (MB): peak = 1765.918 ; gain = 0.000

Phase 3.5 Small Shape Detail Placement
Phase 3.5 Small Shape Detail Placement | Checksum: 19799e63e

Time (s): cpu = 00:00:01 ; elapsed = 00:00:00.917 . Memory (MB): peak = 1765.918 ; gain = 0.000

Phase 3.6 Re-assign LUT pins
Phase 3.6 Re-assign LUT pins | Checksum: 19799e63e

Time (s): cpu = 00:00:01 ; elapsed = 00:00:00.924 . Memory (MB): peak = 1765.918 ; gain = 0.000

Phase 3.7 Pipeline Register Optimization
Phase 3.7 Pipeline Register Optimization | Checksum: 19799e63e

Time (s): cpu = 00:00:01 ; elapsed = 00:00:00.925 . Memory (MB): peak = 1765.918 ; gain = 0.000
Phase 3 Detail Placement | Checksum: 19799e63e

Time (s): cpu = 00:00:01 ; elapsed = 00:00:00.926 . Memory (MB): peak = 1765.918 ; gain = 0.000

Phase 4 Post Placement Optimization and Clean-Up

Phase 4.1 Post Commit Optimization
Phase 4.1 Post Commit Optimization | Checksum: 19799e63e

Time (s): cpu = 00:00:01 ; elapsed = 00:00:00.950 . Memory (MB): peak = 1765.918 ; gain = 0.000

Phase 4.2 Post Placement Cleanup
Phase 4.2 Post Placement Cleanup | Checksum: 19799e63e

Time (s): cpu = 00:00:01 ; elapsed = 00:00:00.953 . Memory (MB): peak = 1765.918 ; gain = 0.000

Phase 4.3 Placer Reporting

Phase 4.3.1 Print Estimated Congestion
INFO: [Place 30-612] Post-Placement Estimated Congestion 
 ____________________________________________________
|           | Global Congestion | Short Congestion  |
| Direction | Region Size       | Region Size       |
|___________|___________________|___________________|
|      North|                1x1|                1x1|
|___________|___________________|___________________|
|      South|                1x1|                1x1|
|___________|___________________|___________________|
|       East|                1x1|                1x1|
|___________|___________________|___________________|
|       West|                1x1|                1x1|
|___________|___________________|___________________|

Phase 4.3.1 Print Estimated Congestion | Checksum: 19799e63e

Time (s): cpu = 00:00:01 ; elapsed = 00:00:00.955 . Memory (MB): peak = 1765.918 ; gain = 0.000
Phase 4.3 Placer Reporting | Checksum: 19799e63e

Time (s): cpu = 00:00:01 ; elapsed = 00:00:00.956 . Memory (MB): peak = 1765.918 ; gain = 0.000

Phase 4.4 Final Placement Cleanup
Netlist sorting complete. Time (s): cpu = 00:00:00 ; elapsed = 00:00:00 . Memory (MB): peak = 1765.918 ; gain = 0.000

Time (s): cpu = 00:00:01 ; elapsed = 00:00:00.956 . Memory (MB): peak = 1765.918 ; gain = 0.000
Phase 4 Post Placement Optimization and Clean-Up | Checksum: 19799e63e

Time (s): cpu = 00:00:01 ; elapsed = 00:00:00.957 . Memory (MB): peak = 1765.918 ; gain = 0.000
Ending Placer Task | Checksum: d613097d

Time (s): cpu = 00:00:01 ; elapsed = 00:00:00.958 . Memory (MB): peak = 1765.918 ; gain = 0.000
INFO: [Common 17-83] Releasing license: Implementation
41 Infos, 1 Warnings, 0 Critical Warnings and 0 Errors encountered.
place_design completed successfully
Writing XDEF routing.
Writing XDEF routing logical nets.
Writing XDEF routing special nets.
Write XDEF Complete: Time (s): cpu = 00:00:00 ; elapsed = 00:00:00.105 . Memory (MB): peak = 1765.918 ; gain = 0.000
INFO: [Common 17-1381] The checkpoint 'C:/ece4743/Lab2/lab2/try_again.runs/impl_1/max3sint16b_placed.dcp' has been generated.
INFO: [runtcl-4] Executing : report_io -file max3sint16b_io_placed.rpt
report_io: Time (s): cpu = 00:00:00 ; elapsed = 00:00:00.056 . Memory (MB): peak = 1765.918 ; gain = 0.000
INFO: [runtcl-4] Executing : report_utilization -file max3sint16b_utilization_placed.rpt -pb max3sint16b_utilization_placed.pb
INFO: [runtcl-4] Executing : report_control_sets -verbose -file max3sint16b_control_sets_placed.rpt
report_control_sets: Time (s): cpu = 00:00:00 ; elapsed = 00:00:00.003 . Memory (MB): peak = 1765.918 ; gain = 0.000
Command: route_design
Attempting to get a license for feature 'Implementation' and/or device 'xc7a35t'
INFO: [Common 17-349] Got license for feature 'Implementation' and/or device 'xc7a35t'
Running DRC as a precondition to command route_design
INFO: [DRC 23-27] Running DRC with 2 threads
INFO: [Vivado_Tcl 4-198] DRC finished with 0 Errors
INFO: [Vivado_Tcl 4-199] Please refer to the DRC report (report_drc) for more information.


Starting Routing Task
INFO: [Route 35-254] Multithreading enabled for route_design using a maximum of 2 CPUs

Phase 1 Build RT Design
Checksum: PlaceDB: 2f354930 ConstDB: 0 ShapeSum: a6ddc04d RouteDB: 0
Post Restoration Checksum: NetGraph: 2e0aa80b NumContArr: 2cbb7980 Constraints: 0 Timing: 0
Phase 1 Build RT Design | Checksum: 5ac6218b

Time (s): cpu = 00:00:21 ; elapsed = 00:00:19 . Memory (MB): peak = 1841.246 ; gain = 66.484

Phase 2 Router Initialization
INFO: [Route 35-64] No timing constraints were detected. The router will operate in resource-optimization mode.

Phase 2.1 Fix Topology Constraints
Phase 2.1 Fix Topology Constraints | Checksum: 5ac6218b

Time (s): cpu = 00:00:21 ; elapsed = 00:00:19 . Memory (MB): peak = 1847.289 ; gain = 72.527

Phase 2.2 Pre Route Cleanup
Phase 2.2 Pre Route Cleanup | Checksum: 5ac6218b

Time (s): cpu = 00:00:21 ; elapsed = 00:00:19 . Memory (MB): peak = 1847.289 ; gain = 72.527
 Number of Nodes with overlaps = 0

Router Utilization Summary
  Global Vertical Routing Utilization    = 0 %
  Global Horizontal Routing Utilization  = 0 %
  Routable Net Status*
  *Does not include unroutable nets such as driverless and loadless.
  Run report_route_status for detailed report.
  Number of Failed Nets               = 70
    (Failed Nets is the sum of unrouted and partially routed nets)
  Number of Unrouted Nets             = 70
  Number of Partially Routed Nets     = 0
  Number of Node Overlaps             = 0

Phase 2 Router Initialization | Checksum: d2bd06f5

Time (s): cpu = 00:00:21 ; elapsed = 00:00:19 . Memory (MB): peak = 1851.973 ; gain = 77.211

Phase 3 Initial Routing

Phase 3.1 Global Routing
Phase 3.1 Global Routing | Checksum: d2bd06f5

Time (s): cpu = 00:00:21 ; elapsed = 00:00:19 . Memory (MB): peak = 1851.973 ; gain = 77.211
Phase 3 Initial Routing | Checksum: 1efe77115

Time (s): cpu = 00:00:21 ; elapsed = 00:00:19 . Memory (MB): peak = 1851.973 ; gain = 77.211

Phase 4 Rip-up And Reroute

Phase 4.1 Global Iteration 0
 Number of Nodes with overlaps = 3
 Number of Nodes with overlaps = 0
Phase 4.1 Global Iteration 0 | Checksum: a748fd7c

Time (s): cpu = 00:00:21 ; elapsed = 00:00:19 . Memory (MB): peak = 1851.973 ; gain = 77.211
Phase 4 Rip-up And Reroute | Checksum: a748fd7c

Time (s): cpu = 00:00:21 ; elapsed = 00:00:19 . Memory (MB): peak = 1851.973 ; gain = 77.211

Phase 5 Delay and Skew Optimization
Phase 5 Delay and Skew Optimization | Checksum: a748fd7c

Time (s): cpu = 00:00:21 ; elapsed = 00:00:19 . Memory (MB): peak = 1851.973 ; gain = 77.211

Phase 6 Post Hold Fix

Phase 6.1 Hold Fix Iter
Phase 6.1 Hold Fix Iter | Checksum: a748fd7c

Time (s): cpu = 00:00:21 ; elapsed = 00:00:19 . Memory (MB): peak = 1851.973 ; gain = 77.211
Phase 6 Post Hold Fix | Checksum: a748fd7c

Time (s): cpu = 00:00:21 ; elapsed = 00:00:19 . Memory (MB): peak = 1851.973 ; gain = 77.211

Phase 7 Route finalize

Router Utilization Summary
  Global Vertical Routing Utilization    = 0.0581998 %
  Global Horizontal Routing Utilization  = 0.112572 %
  Routable Net Status*
  *Does not include unroutable nets such as driverless and loadless.
  Run report_route_status for detailed report.
  Number of Failed Nets               = 0
    (Failed Nets is the sum of unrouted and partially routed nets)
  Number of Unrouted Nets             = 0
  Number of Partially Routed Nets     = 0
  Number of Node Overlaps             = 0

Congestion Report
North Dir 1x1 Area, Max Cong = 11.7117%, No Congested Regions.
South Dir 1x1 Area, Max Cong = 12.6126%, No Congested Regions.
East Dir 1x1 Area, Max Cong = 35.2941%, No Congested Regions.
West Dir 1x1 Area, Max Cong = 17.6471%, No Congested Regions.

------------------------------
Reporting congestion hotspots
------------------------------
Direction: North
----------------
Congested clusters found at Level 0
Effective congestion level: 0 Aspect Ratio: 1 Sparse Ratio: 0
Direction: South
----------------
Congested clusters found at Level 0
Effective congestion level: 0 Aspect Ratio: 1 Sparse Ratio: 0
Direction: East
----------------
Congested clusters found at Level 0
Effective congestion level: 0 Aspect Ratio: 1 Sparse Ratio: 0
Direction: West
----------------
Congested clusters found at Level 0
Effective congestion level: 0 Aspect Ratio: 1 Sparse Ratio: 0

Phase 7 Route finalize | Checksum: a748fd7c

Time (s): cpu = 00:00:21 ; elapsed = 00:00:19 . Memory (MB): peak = 1851.973 ; gain = 77.211

Phase 8 Verifying routed nets

 Verification completed successfully
Phase 8 Verifying routed nets | Checksum: a748fd7c

Time (s): cpu = 00:00:21 ; elapsed = 00:00:19 . Memory (MB): peak = 1852.613 ; gain = 77.852

Phase 9 Depositing Routes
Phase 9 Depositing Routes | Checksum: 88a3d932

Time (s): cpu = 00:00:22 ; elapsed = 00:00:19 . Memory (MB): peak = 1852.613 ; gain = 77.852
INFO: [Route 35-16] Router Completed Successfully

Time (s): cpu = 00:00:22 ; elapsed = 00:00:20 . Memory (MB): peak = 1852.613 ; gain = 77.852

Routing Is Done.
INFO: [Common 17-83] Releasing license: Implementation
53 Infos, 1 Warnings, 0 Critical Warnings and 0 Errors encountered.
route_design completed successfully
route_design: Time (s): cpu = 00:00:23 ; elapsed = 00:00:20 . Memory (MB): peak = 1852.613 ; gain = 86.695
Writing XDEF routing.
Writing XDEF routing logical nets.
Writing XDEF routing special nets.
Write XDEF Complete: Time (s): cpu = 00:00:00 ; elapsed = 00:00:00.040 . Memory (MB): peak = 1864.438 ; gain = 11.824
INFO: [Common 17-1381] The checkpoint 'C:/ece4743/Lab2/lab2/try_again.runs/impl_1/max3sint16b_routed.dcp' has been generated.
INFO: [runtcl-4] Executing : report_drc -file max3sint16b_drc_routed.rpt -pb max3sint16b_drc_routed.pb -rpx max3sint16b_drc_routed.rpx
Command: report_drc -file max3sint16b_drc_routed.rpt -pb max3sint16b_drc_routed.pb -rpx max3sint16b_drc_routed.rpx
INFO: [IP_Flow 19-1839] IP Catalog is up to date.
INFO: [DRC 23-27] Running DRC with 2 threads
INFO: [Vivado_Tcl 2-168] The results of DRC are in file C:/ece4743/Lab2/lab2/try_again.runs/impl_1/max3sint16b_drc_routed.rpt.
report_drc completed successfully
INFO: [runtcl-4] Executing : report_methodology -file max3sint16b_methodology_drc_routed.rpt -pb max3sint16b_methodology_drc_routed.pb -rpx max3sint16b_methodology_drc_routed.rpx
Command: report_methodology -file max3sint16b_methodology_drc_routed.rpt -pb max3sint16b_methodology_drc_routed.pb -rpx max3sint16b_methodology_drc_routed.rpx
INFO: [Timing 38-35] Done setting XDC timing constraints.
INFO: [DRC 23-133] Running Methodology with 2 threads
INFO: [Vivado_Tcl 2-1520] The results of Report Methodology are in file C:/ece4743/Lab2/lab2/try_again.runs/impl_1/max3sint16b_methodology_drc_routed.rpt.
report_methodology completed successfully
INFO: [runtcl-4] Executing : report_power -file max3sint16b_power_routed.rpt -pb max3sint16b_power_summary_routed.pb -rpx max3sint16b_power_routed.rpx
Command: report_power -file max3sint16b_power_routed.rpt -pb max3sint16b_power_summary_routed.pb -rpx max3sint16b_power_routed.rpx
INFO: [Timing 38-35] Done setting XDC timing constraints.
WARNING: [Power 33-232] No user defined clocks were found in the design! Power estimation will be inaccurate until this is corrected.
Resolution: Please specify clocks using create_clock/create_generated_clock for sequential elements. For pure combinatorial circuits, please specify a virtual clock, otherwise the vectorless estimation might be inaccurate
Running Vector-less Activity Propagation...

Finished Running Vector-less Activity Propagation
64 Infos, 2 Warnings, 0 Critical Warnings and 0 Errors encountered.
report_power completed successfully
INFO: [runtcl-4] Executing : report_route_status -file max3sint16b_route_status.rpt -pb max3sint16b_route_status.pb
INFO: [runtcl-4] Executing : report_timing_summary -max_paths 10 -file max3sint16b_timing_summary_routed.rpt -pb max3sint16b_timing_summary_routed.pb -rpx max3sint16b_timing_summary_routed.rpx -warn_on_violation 
INFO: [Timing 38-91] UpdateTimingParams: Speed grade: -1, Delay Type: min_max.
INFO: [Timing 38-191] Multithreading enabled for timing update using a maximum of 2 CPUs
WARNING: [Timing 38-313] There are no user specified timing constraints. Timing constraints are needed for proper timing analysis.
INFO: [runtcl-4] Executing : report_incremental_reuse -file max3sint16b_incremental_reuse_routed.rpt
INFO: [Vivado_Tcl 4-1062] Incremental flow is disabled. No incremental reuse Info to report.
INFO: [runtcl-4] Executing : report_clock_utilization -file max3sint16b_clock_utilization_routed.rpt
INFO: [runtcl-4] Executing : report_bus_skew -warn_on_violation -file max3sint16b_bus_skew_routed.rpt -pb max3sint16b_bus_skew_routed.pb -rpx max3sint16b_bus_skew_routed.rpx
INFO: [Timing 38-91] UpdateTimingParams: Speed grade: -1, Delay Type: min_max.
INFO: [Timing 38-191] Multithreading enabled for timing update using a maximum of 2 CPUs
INFO: [Common 17-206] Exiting Vivado at Tue Aug 30 18:58:22 2022...
