#-----------------------------------------------------------
# Vivado v2022.1 (64-bit)
# SW Build 3526262 on Mon Apr 18 15:48:16 MDT 2022
# IP Build 3524634 on Mon Apr 18 20:55:01 MDT 2022
# Start of session at: Tue Sep  6 19:30:13 2022
# Process ID: 124884
# Current directory: C:/ece4743/Lab3_part2
# Command line: vivado.exe -gui_launcher_event rodinguilauncherevent129892 C:\ece4743\Lab3_part2\project_1.xpr
# Log file: C:/ece4743/Lab3_part2/vivado.log
# Journal file: C:/ece4743/Lab3_part2\vivado.jou
# Running On: Lenovo-9i-Joe-Laptop, OS: Windows, CPU Frequency: 2995 MHz, CPU Physical cores: 4, Host memory: 16901 MB
#-----------------------------------------------------------
start_gui
open_project C:/ece4743/Lab3_part2/project_1.xpr
WARNING: [Board 49-26] cannot add Board Part xilinx.com:kc705:part0:1.6 available at C:/Xilinx/Vivado/2022.1/data/xhub/boards/XilinxBoardStore/boards/Xilinx/kc705/1.6/board.xml as part xc7k325tffg900-2 specified in board_part file is either invalid or not available
WARNING: [Board 49-26] cannot add Board Part xilinx.com:kcu105:part0:1.6 available at C:/Xilinx/Vivado/2022.1/data/xhub/boards/XilinxBoardStore/boards/Xilinx/kcu105/1.6/board.xml as part xcku040-ffva1156-2-e specified in board_part file is either invalid or not available
WARNING: [Board 49-26] cannot add Board Part xilinx.com:kcu105:part0:1.7 available at C:/Xilinx/Vivado/2022.1/data/xhub/boards/XilinxBoardStore/boards/Xilinx/kcu105/1.7/board.xml as part xcku040-ffva1156-2-e specified in board_part file is either invalid or not available
WARNING: [Board 49-26] cannot add Board Part xilinx.com:kcu1500:part0:1.2 available at C:/Xilinx/Vivado/2022.1/data/xhub/boards/XilinxBoardStore/boards/Xilinx/kcu1500/1.2/board.xml as part xcku115-flvb2104-2-e specified in board_part file is either invalid or not available
WARNING: [Board 49-26] cannot add Board Part xilinx.com:vc707:part0:1.4 available at C:/Xilinx/Vivado/2022.1/data/xhub/boards/XilinxBoardStore/boards/Xilinx/vc707/1.4/board.xml as part xc7vx485tffg1761-2 specified in board_part file is either invalid or not available
WARNING: [Board 49-26] cannot add Board Part xilinx.com:vc709:part0:1.8 available at C:/Xilinx/Vivado/2022.1/data/xhub/boards/XilinxBoardStore/boards/Xilinx/vc709/1.8/board.xml as part xc7vx690tffg1761-2 specified in board_part file is either invalid or not available
WARNING: [Board 49-26] cannot add Board Part xilinx.com:vck190:part0:2.2 available at C:/Xilinx/Vivado/2022.1/data/xhub/boards/XilinxBoardStore/boards/Xilinx/vck190/production/2.2/board.xml as part xcvc1902-vsva2197-2mp-e-s specified in board_part file is either invalid or not available
WARNING: [Board 49-26] cannot add Board Part xilinx.com:vck190:part0:3.0 available at C:/Xilinx/Vivado/2022.1/data/xhub/boards/XilinxBoardStore/boards/Xilinx/vck190/production/3.0/board.xml as part xcvc1902-vsva2197-2mp-e-s specified in board_part file is either invalid or not available
WARNING: [Board 49-26] cannot add Board Part xilinx.com:vck190_newl:part0:1.0 available at C:/Xilinx/Vivado/2022.1/data/xhub/boards/XilinxBoardStore/boards/Xilinx/vck190_newl/production/1.0/board.xml as part xcvc1902-vsva2197-2mp-e-s specified in board_part file is either invalid or not available
WARNING: [Board 49-26] cannot add Board Part xilinx.com:vcu108:part0:1.6 available at C:/Xilinx/Vivado/2022.1/data/xhub/boards/XilinxBoardStore/boards/Xilinx/vcu108/1.6/board.xml as part xcvu095-ffva2104-2-e specified in board_part file is either invalid or not available
WARNING: [Board 49-26] cannot add Board Part xilinx.com:vcu108:part0:1.7 available at C:/Xilinx/Vivado/2022.1/data/xhub/boards/XilinxBoardStore/boards/Xilinx/vcu108/1.7/board.xml as part xcvu095-ffva2104-2-e specified in board_part file is either invalid or not available
WARNING: [Board 49-26] cannot add Board Part xilinx.com:vcu110:part0:1.4 available at C:/Xilinx/Vivado/2022.1/data/xhub/boards/XilinxBoardStore/boards/Xilinx/vcu110/1.4/board.xml as part xcvu190-flgc2104-2-e specified in board_part file is either invalid or not available
WARNING: [Board 49-26] cannot add Board Part xilinx.com:vcu118:part0:2.0 available at C:/Xilinx/Vivado/2022.1/data/xhub/boards/XilinxBoardStore/boards/Xilinx/vcu118/2.0/board.xml as part xcvu9p-flga2104-2l-e specified in board_part file is either invalid or not available
WARNING: [Board 49-26] cannot add Board Part xilinx.com:vcu118:part0:2.3 available at C:/Xilinx/Vivado/2022.1/data/xhub/boards/XilinxBoardStore/boards/Xilinx/vcu118/2.3/board.xml as part xcvu9p-flga2104-2l-e specified in board_part file is either invalid or not available
WARNING: [Board 49-26] cannot add Board Part xilinx.com:vcu118:part0:2.4 available at C:/Xilinx/Vivado/2022.1/data/xhub/boards/XilinxBoardStore/boards/Xilinx/vcu118/2.4/board.xml as part xcvu9p-flga2104-2l-e specified in board_part file is either invalid or not available
WARNING: [Board 49-26] cannot add Board Part xilinx.com:vcu128:part0:1.0 available at C:/Xilinx/Vivado/2022.1/data/xhub/boards/XilinxBoardStore/boards/Xilinx/vcu128/production/1.0/board.xml as part xcvu37p-fsvh2892-2l-e specified in board_part file is either invalid or not available
WARNING: [Board 49-26] cannot add Board Part xilinx.com:vcu129:part0:1.0 available at C:/Xilinx/Vivado/2022.1/data/xhub/boards/XilinxBoardStore/boards/Xilinx/vcu129/production/1.0/board.xml as part xcvu29p-fsga2577-2l-e specified in board_part file is either invalid or not available
WARNING: [Board 49-26] cannot add Board Part xilinx.com:vcu1525:part0:1.3 available at C:/Xilinx/Vivado/2022.1/data/xhub/boards/XilinxBoardStore/boards/Xilinx/vcu1525/1.3/board.xml as part xcvu9p-fsgd2104-2l-e specified in board_part file is either invalid or not available
WARNING: [Board 49-26] cannot add Board Part xilinx.com:vermeo_t1_mpsoc:part0:1.0 available at C:/Xilinx/Vivado/2022.1/data/xhub/boards/XilinxBoardStore/boards/Xilinx/vermeo_t1_mpsoc/1.0/board.xml as part xczu19eg-ffvd1760-2l-e specified in board_part file is either invalid or not available
WARNING: [Board 49-26] cannot add Board Part xilinx.com:vermeo_t1_rfsoc:part0:1.0 available at C:/Xilinx/Vivado/2022.1/data/xhub/boards/XilinxBoardStore/boards/Xilinx/vermeo_t1_rfsoc/1.0/board.xml as part xczu21dr-ffvd1156-2l-e specified in board_part file is either invalid or not available
WARNING: [Board 49-26] cannot add Board Part xilinx.com:vmk180:part0:2.2 available at C:/Xilinx/Vivado/2022.1/data/xhub/boards/XilinxBoardStore/boards/Xilinx/vmk180/production/2.2/board.xml as part xcvm1802-vsva2197-2mp-e-s specified in board_part file is either invalid or not available
WARNING: [Board 49-26] cannot add Board Part xilinx.com:vmk180:part0:3.0 available at C:/Xilinx/Vivado/2022.1/data/xhub/boards/XilinxBoardStore/boards/Xilinx/vmk180/production/3.0/board.xml as part xcvm1802-vsva2197-2mp-e-s specified in board_part file is either invalid or not available
WARNING: [Board 49-26] cannot add Board Part xilinx.com:vmk180_newl:part0:1.0 available at C:/Xilinx/Vivado/2022.1/data/xhub/boards/XilinxBoardStore/boards/Xilinx/vmk180_newl/production/1.0/board.xml as part xcvm1802-vsva2197-2mp-e-s specified in board_part file is either invalid or not available
WARNING: [Board 49-26] cannot add Board Part xilinx.com:vpk120_es:part0:1.2 available at C:/Xilinx/Vivado/2022.1/data/xhub/boards/XilinxBoardStore/boards/Xilinx/vpk120/es/1.2/board.xml as part xcvp1202-vsva2785-2mp-e-s-es1 specified in board_part file is either invalid or not available
WARNING: [Board 49-26] cannot add Board Part xilinx.com:vpk120_es_revb:part0:1.0 available at C:/Xilinx/Vivado/2022.1/data/xhub/boards/XilinxBoardStore/boards/Xilinx/vpk120_revb/es/1.0/board.xml as part xcvp1202-vsva2785-2mp-e-s-es1 specified in board_part file is either invalid or not available
WARNING: [Board 49-26] cannot add Board Part xilinx.com:zc706:part0:1.4 available at C:/Xilinx/Vivado/2022.1/data/xhub/boards/XilinxBoardStore/boards/Xilinx/zc706/1.4/board.xml as part xc7z045ffg900-2 specified in board_part file is either invalid or not available
WARNING: [Board 49-26] cannot add Board Part xilinx.com:zcu102:part0:3.3 available at C:/Xilinx/Vivado/2022.1/data/xhub/boards/XilinxBoardStore/boards/Xilinx/zcu102/3.3/board.xml as part xczu9eg-ffvb1156-2-e specified in board_part file is either invalid or not available
WARNING: [Board 49-26] cannot add Board Part xilinx.com:zcu102:part0:3.4 available at C:/Xilinx/Vivado/2022.1/data/xhub/boards/XilinxBoardStore/boards/Xilinx/zcu102/3.4/board.xml as part xczu9eg-ffvb1156-2-e specified in board_part file is either invalid or not available
WARNING: [Board 49-26] cannot add Board Part xilinx.com:zcu111:part0:1.2 available at C:/Xilinx/Vivado/2022.1/data/xhub/boards/XilinxBoardStore/boards/Xilinx/zcu111/1.2/board.xml as part xczu28dr-ffvg1517-2-e specified in board_part file is either invalid or not available
WARNING: [Board 49-26] cannot add Board Part xilinx.com:zcu111:part0:1.3 available at C:/Xilinx/Vivado/2022.1/data/xhub/boards/XilinxBoardStore/boards/Xilinx/zcu111/1.3/board.xml as part xczu28dr-ffvg1517-2-e specified in board_part file is either invalid or not available
WARNING: [Board 49-26] cannot add Board Part xilinx.com:zcu111:part0:1.4 available at C:/Xilinx/Vivado/2022.1/data/xhub/boards/XilinxBoardStore/boards/Xilinx/zcu111/1.4/board.xml as part xczu28dr-ffvg1517-2-e specified in board_part file is either invalid or not available
WARNING: [Board 49-26] cannot add Board Part xilinx.com:zcu1275:part0:1.0 available at C:/Xilinx/Vivado/2022.1/data/xhub/boards/XilinxBoardStore/boards/Xilinx/zcu1275/1.0/board.xml as part xczu29dr-ffvf1760-2-e specified in board_part file is either invalid or not available
WARNING: [Board 49-26] cannot add Board Part xilinx.com:zcu1285:part0:1.0 available at C:/Xilinx/Vivado/2022.1/data/xhub/boards/XilinxBoardStore/boards/Xilinx/zcu1285/1.0/board.xml as part xczu39dr-ffvf1760-2-i specified in board_part file is either invalid or not available
WARNING: [Board 49-26] cannot add Board Part xilinx.com:zcu208:part0:2.0 available at C:/Xilinx/Vivado/2022.1/data/xhub/boards/XilinxBoardStore/boards/Xilinx/zcu208/production/2.0/board.xml as part xczu48dr-fsvg1517-2-e specified in board_part file is either invalid or not available
WARNING: [Board 49-26] cannot add Board Part xilinx.com:zcu208ld:part0:2.0 available at C:/Xilinx/Vivado/2022.1/data/xhub/boards/XilinxBoardStore/boards/Xilinx/zcu208ld/production/2.0/board.xml as part xczu58dr-fsvg1517-2-i specified in board_part file is either invalid or not available
WARNING: [Board 49-26] cannot add Board Part xilinx.com:zcu216:part0:2.0 available at C:/Xilinx/Vivado/2022.1/data/xhub/boards/XilinxBoardStore/boards/Xilinx/zcu216/production/2.0/board.xml as part xczu49dr-ffvf1760-2-e specified in board_part file is either invalid or not available
WARNING: [Board 49-26] cannot add Board Part xilinx.com:zcu216ld:part0:2.0 available at C:/Xilinx/Vivado/2022.1/data/xhub/boards/XilinxBoardStore/boards/Xilinx/zcu216ld/production/2.0/board.xml as part xczu59dr-ffvf1760-2-i specified in board_part file is either invalid or not available
WARNING: [Board 49-26] cannot add Board Part xilinx.com:zcu670:part0:2.0 available at C:/Xilinx/Vivado/2022.1/data/xhub/boards/XilinxBoardStore/boards/Xilinx/zcu670/2.0/board.xml as part xczu67dr-fsve1156-2-i specified in board_part file is either invalid or not available
WARNING: [Board 49-26] cannot add Board Part xilinx.com:zcu670ld:part0:1.0 available at C:/Xilinx/Vivado/2022.1/data/xhub/boards/XilinxBoardStore/boards/Xilinx/zcu670ld/1.0/board.xml as part xczu57dr-fsve1156-2-i specified in board_part file is either invalid or not available
INFO: [Project 1-313] Project file moved from 'C:/ece4743/lab3' since last save.
INFO: [filemgmt 56-2] Default IP Output Path : Could not find the directory 'C:/ece4743/Lab3_part2/project_1.gen/sources_1', nor could it be found using path 'C:/ece4743/lab3/project_1.gen/sources_1'.
Scanning sources...
Finished scanning sources
INFO: [IP_Flow 19-234] Refreshing IP repositories
INFO: [IP_Flow 19-1704] No user IP repositories specified
INFO: [IP_Flow 19-2313] Loaded Vivado IP repository 'C:/Xilinx/Vivado/2022.1/data/ip'.
open_project: Time (s): cpu = 00:00:17 ; elapsed = 00:00:07 . Memory (MB): peak = 1654.195 ; gain = 0.000
import_files -norecurse C:/ece4743/Lab3_part2/satadd.v
update_compile_order -fileset sources_1
set_property SOURCE_SET sources_1 [get_filesets sim_1]
import_files -fileset sim_1 -norecurse C:/ece4743/Lab3_part2/tb_satadd.v
update_compile_order -fileset sim_1
launch_runs synth_1 -jobs 4
WARNING: [Vivado 12-7122] Auto Incremental Compile:: No reference checkpoint was found in run synth_1. Auto-incremental flow will not be run, the standard flow will be run instead.
[Tue Sep  6 19:31:23 2022] Launched synth_1...
Run output will be captured here: C:/ece4743/Lab3_part2/project_1.runs/synth_1/runme.log
update_compile_order -fileset sim_1
launch_simulation
Command: launch_simulation 
INFO: [Vivado 12-12493] Simulation top is 'tb_satadd'
WARNING: [Vivado 12-13340] Unable to auto find GCC executables from simulator install path! (path not set)
WARNING: [Vivado 12-13277] Compiled library path does not exist: ''
INFO: [Vivado 12-5682] Launching behavioral simulation in 'C:/ece4743/Lab3_part2/project_1.sim/sim_1/behav/xsim'
INFO: [SIM-utils-51] Simulation object is 'sim_1'
INFO: [SIM-utils-72] Using boost library from 'C:/Xilinx/Vivado/2022.1/tps/boost_1_72_0'
INFO: [SIM-utils-54] Inspecting design source files for 'tb_satadd' in fileset 'sim_1'...
INFO: [USF-XSim-97] Finding global include files...
INFO: [USF-XSim-98] Fetching design files from 'sim_1'...
INFO: [USF-XSim-2] XSim::Compile design
INFO: [USF-XSim-61] Executing 'COMPILE and ANALYZE' step in 'C:/ece4743/Lab3_part2/project_1.sim/sim_1/behav/xsim'
"xvlog --incr --relax -prj tb_satadd_vlog.prj"
INFO: [VRFC 10-2263] Analyzing Verilog file "C:/ece4743/Lab3_part2/project_1.srcs/sources_1/imports/Lab3_part2/satadd.v" into library xil_defaultlib
INFO: [VRFC 10-311] analyzing module satadd
INFO: [VRFC 10-2263] Analyzing Verilog file "C:/ece4743/Lab3_part2/project_1.srcs/sim_1/imports/Lab3_part2/tb_satadd.v" into library xil_defaultlib
INFO: [VRFC 10-311] analyzing module tb_satadd
INFO: [VRFC 10-2263] Analyzing Verilog file "C:/ece4743/Lab3_part2/project_1.sim/sim_1/behav/xsim/glbl.v" into library xil_defaultlib
INFO: [VRFC 10-311] analyzing module glbl
INFO: [USF-XSim-69] 'compile' step finished in '2' seconds
INFO: [USF-XSim-3] XSim::Elaborate design
INFO: [USF-XSim-61] Executing 'ELABORATE' step in 'C:/ece4743/Lab3_part2/project_1.sim/sim_1/behav/xsim'
"xelab --incr --debug typical --relax --mt 2 -L xil_defaultlib -L unisims_ver -L unimacro_ver -L secureip --snapshot tb_satadd_behav xil_defaultlib.tb_satadd xil_defaultlib.glbl -log elaborate.log"
Vivado Simulator v2022.1
Copyright 1986-1999, 2001-2022 Xilinx, Inc. All Rights Reserved.
Running: C:/Xilinx/Vivado/2022.1/bin/unwrapped/win64.o/xelab.exe --incr --debug typical --relax --mt 2 -L xil_defaultlib -L unisims_ver -L unimacro_ver -L secureip --snapshot tb_satadd_behav xil_defaultlib.tb_satadd xil_defaultlib.glbl -log elaborate.log 
Using 2 slave threads.
Starting static elaboration
Pass Through NonSizing Optimizer
Completed static elaboration
Starting simulation data flow analysis
WARNING: [XSIM 43-4099] "C:/ece4743/Lab3_part2/project_1.srcs/sources_1/imports/Lab3_part2/satadd.v" Line 3. Module satadd doesn't have a timescale but at least one module in design has a timescale.
WARNING: [XSIM 43-4099] "C:/ece4743/Lab3_part2/project_1.srcs/sources_1/imports/Lab3_part2/satadd.v" Line 3. Module satadd doesn't have a timescale but at least one module in design has a timescale.
Completed simulation data flow analysis
Time Resolution for simulation is 1ps
Compiling module xil_defaultlib.satadd
Compiling module xil_defaultlib.tb_satadd
Compiling module xil_defaultlib.glbl
Built simulation snapshot tb_satadd_behav
INFO: [USF-XSim-69] 'elaborate' step finished in '4' seconds
INFO: [USF-XSim-4] XSim::Simulate design
INFO: [USF-XSim-61] Executing 'SIMULATE' step in 'C:/ece4743/Lab3_part2/project_1.sim/sim_1/behav/xsim'
INFO: [USF-XSim-98] *** Running xsim
   with args "tb_satadd_behav -key {Behavioral:sim_1:Functional:tb_satadd} -tclbatch {tb_satadd.tcl} -log {simulate.log}"
INFO: [USF-XSim-8] Loading simulator feature
Time resolution is 1 ps
source tb_satadd.tcl
# set curr_wave [current_wave_config]
# if { [string length $curr_wave] == 0 } {
#   if { [llength [get_objects]] > 0} {
#     add_wave /
#     set_property needs_save false [current_wave_config]
#   } else {
#      send_msg_id Add_Wave-1 WARNING "No top level signals found. Simulator will start without a wave window. If you want to open a wave window go to 'File->New Waveform Configuration' or type 'create_wave_config' in the TCL console."
#   }
# }
# run 1000ns
          1(              200000): FAIL, mode: 2, a: 004, b: 005, y (actual): zzz, y (expected): 00000009                                                                                                    #

          2(              300000): FAIL, mode: 1, a: 004, b: 005, y (actual): zzz, y (expected): 00000009                                                                                                    #

          3(              400000): FAIL, mode: 1, a: 004, b: 005, y (actual): zzz, y (expected): 00000009                                                                                                    #

          4(              500000): FAIL, mode: 2, a: b00, b: 100, y (actual): zzz, y (expected): 00000c00                                                                                                    #

          5(              600000): FAIL, mode: 1, a: b00, b: 100, y (actual): zzz, y (expected): 00000c00                                                                                                    #

          6(              700000): FAIL, mode: 1, a: b00, b: 100, y (actual): zzz, y (expected): 00000c00                                                                                                    #

          7(              800000): FAIL, mode: 2, a: 7ff, b: 001, y (actual): zzz, y (expected): 00000800                                                                                                    #

          8(              900000): FAIL, mode: 1, a: 7ff, b: 001, y (actual): zzz, y (expected): 000007ff                                                                                                    #

          9(             1000000): FAIL, mode: 0, a: 7ff, b: 001, y (actual): zzz, y (expected): 00000800                                                                                                    #

INFO: [USF-XSim-96] XSim completed. Design snapshot 'tb_satadd_behav' loaded.
INFO: [USF-XSim-97] XSim simulation ran for 1000ns
launch_simulation: Time (s): cpu = 00:00:07 ; elapsed = 00:00:09 . Memory (MB): peak = 1654.195 ; gain = 0.000
export_ip_user_files -of_objects  [get_files C:/ece4743/Lab3_part2/project_1.srcs/sources_1/imports/Lab3_part2/satadd.v] -no_script -reset -force -quiet
remove_files  C:/ece4743/Lab3_part2/project_1.srcs/sources_1/imports/Lab3_part2/satadd.v
export_ip_user_files -of_objects  [get_files C:/ece4743/Lab3_part2/project_1.srcs/sim_1/imports/Lab3_part2/tb_satadd.v] -no_script -reset -force -quiet
remove_files  -fileset sim_1 C:/ece4743/Lab3_part2/project_1.srcs/sim_1/imports/Lab3_part2/tb_satadd.v
file delete -force C:/ece4743/Lab3_part2/project_1.srcs/sim_1/imports/Lab3_part2/tb_satadd.v
remove_files  C:/ece4743/Lab3_part2/project_1.srcs/sources_1/imports/Lab3_part2/satadd.v
WARNING: [Vivado 12-818] No files matched 'C:/ece4743/Lab3_part2/project_1.srcs/sources_1/imports/Lab3_part2/satadd.v'
file delete -force C:/ece4743/Lab3_part2/project_1.srcs/sources_1/imports/Lab3_part2/satadd.v
set_property SOURCE_SET sources_1 [get_filesets sim_1]
import_files -fileset sim_1 -norecurse C:/ece4743/Lab3_part2/satadd.v
set_property SOURCE_SET sources_1 [get_filesets sim_1]
import_files -fileset sim_1 -norecurse C:/ece4743/Lab3_part2/tb_satadd.v
update_compile_order -fileset sim_1
update_compile_order -fileset sim_1
import_files -norecurse C:/ece4743/Lab3_part2/satadd.v
update_compile_order -fileset sim_1
export_ip_user_files -of_objects  [get_files C:/ece4743/Lab3_part2/project_1.srcs/sim_1/imports/Lab3_part2/satadd.v] -no_script -reset -force -quiet
remove_files  -fileset sim_1 C:/ece4743/Lab3_part2/project_1.srcs/sim_1/imports/Lab3_part2/satadd.v
file delete -force C:/ece4743/Lab3_part2/project_1.srcs/sim_1/imports/Lab3_part2/satadd.v
reset_run synth_1
INFO: [Project 1-1160] Copying file C:/ece4743/Lab3_part2/project_1.runs/synth_1/satadd.dcp to C:/Users/jpcok/Desktop/School Docs/Junior 1/Digital System Design/ece4743/Lab2/project_1/project_1.srcs/utils_1/imports/synth_1 and adding it to utils fileset
WARNING: [Vivado 12-1017] Problems encountered:
1. Failed to delete one or more files in run directory C:/ece4743/Lab3_part2/project_1.runs/synth_1

launch_runs synth_1 -jobs 4
[Tue Sep  6 19:39:27 2022] Launched synth_1...
Run output will be captured here: C:/ece4743/Lab3_part2/project_1.runs/synth_1/runme.log
export_ip_user_files -of_objects  [get_files {{C:/Users/jpcok/Desktop/School Docs/Junior 1/Digital System Design/ece4743/Lab2/project_1/project_1.srcs/utils_1/imports/synth_1/satadd.dcp}}] -no_script -reset -force -quiet
remove_files  -fileset utils_1 {{C:/Users/jpcok/Desktop/School Docs/Junior 1/Digital System Design/ece4743/Lab2/project_1/project_1.srcs/utils_1/imports/synth_1/satadd.dcp}}
reset_run synth_1
WARNING: [Vivado 12-1017] Problems encountered:
1. Failed to delete one or more files in run directory C:/ece4743/Lab3_part2/project_1.runs/synth_1

launch_runs synth_1 -jobs 4
WARNING: [Vivado 12-7122] Auto Incremental Compile:: No reference checkpoint was found in run synth_1. Auto-incremental flow will not be run, the standard flow will be run instead.
[Tue Sep  6 19:39:53 2022] Launched synth_1...
Run output will be captured here: C:/ece4743/Lab3_part2/project_1.runs/synth_1/runme.log
launch_runs impl_1 -jobs 4
[Tue Sep  6 19:41:32 2022] Launched impl_1...
Run output will be captured here: C:/ece4743/Lab3_part2/project_1.runs/impl_1/runme.log
open_run impl_1
INFO: [Device 21-403] Loading part xc7k70tfbv676-1
Netlist sorting complete. Time (s): cpu = 00:00:00 ; elapsed = 00:00:00.002 . Memory (MB): peak = 1654.195 ; gain = 0.000
INFO: [Netlist 29-17] Analyzing 4 Unisim elements for replacement
INFO: [Netlist 29-28] Unisim Transformation completed in 0 CPU seconds
INFO: [Project 1-479] Netlist was created with Vivado 2022.1
INFO: [Project 1-570] Preparing netlist for logic optimization
Reading XDEF placement.
Reading placer database...
Reading XDEF routing.
Read XDEF Files: Time (s): cpu = 00:00:00 ; elapsed = 00:00:00.082 . Memory (MB): peak = 1654.195 ; gain = 0.000
Restored from archive | CPU: 0.000000 secs | Memory: 0.000000 MB |
Finished XDEF File Restore: Time (s): cpu = 00:00:00 ; elapsed = 00:00:00.083 . Memory (MB): peak = 1654.195 ; gain = 0.000
Netlist sorting complete. Time (s): cpu = 00:00:00 ; elapsed = 00:00:00 . Memory (MB): peak = 2034.648 ; gain = 0.000
INFO: [Project 1-111] Unisim Transformation Summary:
No Unisim elements were transformed.

open_run: Time (s): cpu = 00:00:46 ; elapsed = 00:00:30 . Memory (MB): peak = 2148.969 ; gain = 494.773
WARNING: [Timing 38-313] There are no user specified timing constraints. Timing constraints are needed for proper timing analysis.
create_ip -name c_addsub -vendor xilinx.com -library ip -version 12.0 -module_name ip_addsub
set_property -dict [list CONFIG.Component_Name {ip_addsub} CONFIG.A_Type {Unsigned} CONFIG.B_Type {Unsigned} CONFIG.A_Width {12} CONFIG.B_Width {12} CONFIG.Latency {0} CONFIG.CE {false} CONFIG.B_Width {12} CONFIG.Out_Width {12} CONFIG.Latency {0} CONFIG.B_Value {000000000000}] [get_ips ip_addsub]
WARNING: [Vivado 12-3523] Attempt to change 'Component_Name' from 'ip_addsub' to 'ip_addsub' is not allowed and is ignored.
generate_target {instantiation_template} [get_files c:/ece4743/Lab3_part2/project_1.srcs/sources_1/ip/ip_addsub/ip_addsub.xci]
INFO: [IP_Flow 19-1686] Generating 'Instantiation Template' target for IP 'ip_addsub'...
update_compile_order -fileset sources_1
generate_target all [get_files  c:/ece4743/Lab3_part2/project_1.srcs/sources_1/ip/ip_addsub/ip_addsub.xci]
INFO: [IP_Flow 19-1686] Generating 'Synthesis' target for IP 'ip_addsub'...
INFO: [IP_Flow 19-1686] Generating 'Simulation' target for IP 'ip_addsub'...
INFO: [IP_Flow 19-1686] Generating 'Change Log' target for IP 'ip_addsub'...
catch { config_ip_cache -export [get_ips -all ip_addsub] }
export_ip_user_files -of_objects [get_files c:/ece4743/Lab3_part2/project_1.srcs/sources_1/ip/ip_addsub/ip_addsub.xci] -no_script -sync -force -quiet
create_ip_run [get_files -of_objects [get_fileset sources_1] c:/ece4743/Lab3_part2/project_1.srcs/sources_1/ip/ip_addsub/ip_addsub.xci]
launch_runs ip_addsub_synth_1 -jobs 4
[Tue Sep  6 19:51:17 2022] Launched ip_addsub_synth_1...
Run output will be captured here: C:/ece4743/Lab3_part2/project_1.runs/ip_addsub_synth_1/runme.log
export_simulation -of_objects [get_files c:/ece4743/Lab3_part2/project_1.srcs/sources_1/ip/ip_addsub/ip_addsub.xci] -directory C:/ece4743/Lab2/project_1/project_1.ip_user_files/sim_scripts -ip_user_files_dir C:/ece4743/Lab2/project_1/project_1.ip_user_files -ipstatic_source_dir C:/ece4743/Lab3_part2/project_1.ip_user_files/ipstatic -lib_map_path [list {modelsim=C:/ece4743/Lab3_part2/project_1.cache/compile_simlib/modelsim} {questa=C:/ece4743/Lab3_part2/project_1.cache/compile_simlib/questa} {riviera=C:/ece4743/Lab3_part2/project_1.cache/compile_simlib/riviera} {activehdl=C:/ece4743/Lab3_part2/project_1.cache/compile_simlib/activehdl}] -use_ip_compiled_libs -force -quiet
set_property -dict [list CONFIG.Out_Width {13} CONFIG.Latency {0}] [get_ips ip_addsub]
generate_target all [get_files  c:/ece4743/Lab3_part2/project_1.srcs/sources_1/ip/ip_addsub/ip_addsub.xci]
INFO: [IP_Flow 19-1686] Generating 'Instantiation Template' target for IP 'ip_addsub'...
INFO: [IP_Flow 19-1686] Generating 'Synthesis' target for IP 'ip_addsub'...
INFO: [IP_Flow 19-1686] Generating 'Simulation' target for IP 'ip_addsub'...
INFO: [IP_Flow 19-1686] Generating 'Change Log' target for IP 'ip_addsub'...
catch { config_ip_cache -export [get_ips -all ip_addsub] }
export_ip_user_files -of_objects [get_files c:/ece4743/Lab3_part2/project_1.srcs/sources_1/ip/ip_addsub/ip_addsub.xci] -no_script -sync -force -quiet
reset_run ip_addsub_synth_1
launch_runs ip_addsub_synth_1 -jobs 4
[Tue Sep  6 19:52:30 2022] Launched ip_addsub_synth_1...
Run output will be captured here: C:/ece4743/Lab3_part2/project_1.runs/ip_addsub_synth_1/runme.log
export_simulation -of_objects [get_files c:/ece4743/Lab3_part2/project_1.srcs/sources_1/ip/ip_addsub/ip_addsub.xci] -directory C:/ece4743/Lab2/project_1/project_1.ip_user_files/sim_scripts -ip_user_files_dir C:/ece4743/Lab2/project_1/project_1.ip_user_files -ipstatic_source_dir C:/ece4743/Lab3_part2/project_1.ip_user_files/ipstatic -lib_map_path [list {modelsim=C:/ece4743/Lab3_part2/project_1.cache/compile_simlib/modelsim} {questa=C:/ece4743/Lab3_part2/project_1.cache/compile_simlib/questa} {riviera=C:/ece4743/Lab3_part2/project_1.cache/compile_simlib/riviera} {activehdl=C:/ece4743/Lab3_part2/project_1.cache/compile_simlib/activehdl}] -use_ip_compiled_libs -force -quiet
export_ip_user_files -of_objects  [get_files C:/ece4743/Lab3_part2/project_1.srcs/sources_1/imports/Lab3_part2/satadd.v] -no_script -reset -force -quiet
remove_files  C:/ece4743/Lab3_part2/project_1.srcs/sources_1/imports/Lab3_part2/satadd.v
file delete -force C:/ece4743/Lab3_part2/project_1.srcs/sources_1/imports/Lab3_part2/satadd.v
import_files -norecurse C:/ece4743/Lab3_part2/satadd.v
import_files -norecurse C:/ece4743/Lab3_part2/satadd.v
WARNING: [filemgmt 56-199] Attempt to get parsing info during refresh. "On-the-fly" syntax checking information may be incorrect. [C:\ece4743\Lab3_part2\project_1.srcs\sources_1\imports\Lab3_part2\satadd.v:]
WARNING: [filemgmt 56-199] Attempt to get parsing info during refresh. "On-the-fly" syntax checking information may be incorrect. [C:\ece4743\Lab3_part2\project_1.srcs\sources_1\imports\Lab3_part2\satadd.v:]
ERROR: [Common 17-180] Spawn failed: No error
WARNING: [filemgmt 56-199] Attempt to get parsing info during refresh. "On-the-fly" syntax checking information may be incorrect. [C:\ece4743\Lab3_part2\project_1.srcs\sources_1\imports\Lab3_part2\satadd.v:]
WARNING: [filemgmt 56-199] Attempt to get parsing info during refresh. "On-the-fly" syntax checking information may be incorrect. [C:\ece4743\Lab3_part2\project_1.srcs\sources_1\imports\Lab3_part2\satadd.v:]
WARNING: [filemgmt 56-199] Attempt to get parsing info during refresh. "On-the-fly" syntax checking information may be incorrect. [C:\ece4743\Lab3_part2\project_1.srcs\sources_1\imports\Lab3_part2\satadd.v:]
WARNING: [filemgmt 56-199] Attempt to get parsing info during refresh. "On-the-fly" syntax checking information may be incorrect. [C:\ece4743\Lab3_part2\project_1.srcs\sources_1\imports\Lab3_part2\satadd.v:]
ERROR: [Common 17-180] Spawn failed: No error
WARNING: [filemgmt 56-199] Attempt to get parsing info during refresh. "On-the-fly" syntax checking information may be incorrect. [C:\ece4743\Lab3_part2\project_1.srcs\sources_1\imports\Lab3_part2\satadd.v:]
ERROR: [Common 17-180] Spawn failed: No error
WARNING: [filemgmt 56-199] Attempt to get parsing info during refresh. "On-the-fly" syntax checking information may be incorrect. [C:\ece4743\Lab3_part2\project_1.srcs\sources_1\imports\Lab3_part2\satadd.v:]
WARNING: [filemgmt 56-199] Attempt to get parsing info during refresh. "On-the-fly" syntax checking information may be incorrect. [C:\ece4743\Lab3_part2\project_1.srcs\sources_1\imports\Lab3_part2\satadd.v:]
WARNING: [filemgmt 56-199] Attempt to get parsing info during refresh. "On-the-fly" syntax checking information may be incorrect. [C:\ece4743\Lab3_part2\project_1.srcs\sources_1\imports\Lab3_part2\satadd.v:]
WARNING: [filemgmt 56-199] Attempt to get parsing info during refresh. "On-the-fly" syntax checking information may be incorrect. [C:\ece4743\Lab3_part2\project_1.srcs\sources_1\imports\Lab3_part2\satadd.v:]
ERROR: [Common 17-180] Spawn failed: No error
WARNING: [filemgmt 56-199] Attempt to get parsing info during refresh. "On-the-fly" syntax checking information may be incorrect. [C:\ece4743\Lab3_part2\project_1.srcs\sources_1\imports\Lab3_part2\satadd.v:]
ERROR: [Common 17-180] Spawn failed: No error
WARNING: [filemgmt 56-199] Attempt to get parsing info during refresh. "On-the-fly" syntax checking information may be incorrect. [C:\ece4743\Lab3_part2\project_1.srcs\sources_1\imports\Lab3_part2\satadd.v:]
WARNING: [filemgmt 56-199] Attempt to get parsing info during refresh. "On-the-fly" syntax checking information may be incorrect. [C:\ece4743\Lab3_part2\project_1.srcs\sources_1\imports\Lab3_part2\satadd.v:]
WARNING: [filemgmt 56-199] Attempt to get parsing info during refresh. "On-the-fly" syntax checking information may be incorrect. [C:\ece4743\Lab3_part2\project_1.srcs\sources_1\imports\Lab3_part2\satadd.v:]
WARNING: [filemgmt 56-199] Attempt to get parsing info during refresh. "On-the-fly" syntax checking information may be incorrect. [C:\ece4743\Lab3_part2\project_1.srcs\sources_1\imports\Lab3_part2\satadd.v:]
ERROR: [Common 17-180] Spawn failed: No error
WARNING: [filemgmt 56-199] Attempt to get parsing info during refresh. "On-the-fly" syntax checking information may be incorrect. [C:\ece4743\Lab3_part2\project_1.srcs\sources_1\imports\Lab3_part2\satadd.v:]
ERROR: [Common 17-180] Spawn failed: No error
WARNING: [filemgmt 56-199] Attempt to get parsing info during refresh. "On-the-fly" syntax checking information may be incorrect. [C:\ece4743\Lab3_part2\project_1.srcs\sources_1\imports\Lab3_part2\satadd.v:]
WARNING: [filemgmt 56-199] Attempt to get parsing info during refresh. "On-the-fly" syntax checking information may be incorrect. [C:\ece4743\Lab3_part2\project_1.srcs\sources_1\imports\Lab3_part2\satadd.v:]
ERROR: [Common 17-180] Spawn failed: No error
WARNING: [filemgmt 56-199] Attempt to get parsing info during refresh. "On-the-fly" syntax checking information may be incorrect. [C:\ece4743\Lab3_part2\project_1.srcs\sources_1\imports\Lab3_part2\satadd.v:]
WARNING: [filemgmt 56-199] Attempt to get parsing info during refresh. "On-the-fly" syntax checking information may be incorrect. [C:\ece4743\Lab3_part2\project_1.srcs\sources_1\imports\Lab3_part2\satadd.v:]
ERROR: [Common 17-180] Spawn failed: No error
WARNING: [filemgmt 56-199] Attempt to get parsing info during refresh. "On-the-fly" syntax checking information may be incorrect. [C:\ece4743\Lab3_part2\project_1.srcs\sources_1\imports\Lab3_part2\satadd.v:]
WARNING: [filemgmt 56-199] Attempt to get parsing info during refresh. "On-the-fly" syntax checking information may be incorrect. [C:\ece4743\Lab3_part2\project_1.srcs\sources_1\imports\Lab3_part2\satadd.v:]
ERROR: [Common 17-180] Spawn failed: No error
WARNING: [filemgmt 56-199] Attempt to get parsing info during refresh. "On-the-fly" syntax checking information may be incorrect. [C:\ece4743\Lab3_part2\project_1.srcs\sources_1\imports\Lab3_part2\satadd.v:]
WARNING: [filemgmt 56-199] Attempt to get parsing info during refresh. "On-the-fly" syntax checking information may be incorrect. [C:\ece4743\Lab3_part2\project_1.srcs\sources_1\imports\Lab3_part2\satadd.v:]
ERROR: [Common 17-180] Spawn failed: No error
WARNING: [filemgmt 56-199] Attempt to get parsing info during refresh. "On-the-fly" syntax checking information may be incorrect. [C:\ece4743\Lab3_part2\project_1.srcs\sources_1\imports\Lab3_part2\satadd.v:]
WARNING: [filemgmt 56-199] Attempt to get parsing info during refresh. "On-the-fly" syntax checking information may be incorrect. [C:\ece4743\Lab3_part2\project_1.srcs\sources_1\imports\Lab3_part2\satadd.v:]
ERROR: [Common 17-180] Spawn failed: No error
WARNING: [filemgmt 56-199] Attempt to get parsing info during refresh. "On-the-fly" syntax checking information may be incorrect. [C:\ece4743\Lab3_part2\project_1.srcs\sources_1\imports\Lab3_part2\satadd.v:]
WARNING: [filemgmt 56-199] Attempt to get parsing info during refresh. "On-the-fly" syntax checking information may be incorrect. [C:\ece4743\Lab3_part2\project_1.srcs\sources_1\imports\Lab3_part2\satadd.v:]
ERROR: [Common 17-180] Spawn failed: No error
WARNING: [filemgmt 56-199] Attempt to get parsing info during refresh. "On-the-fly" syntax checking information may be incorrect. [C:\ece4743\Lab3_part2\project_1.srcs\sources_1\imports\Lab3_part2\satadd.v:]
WARNING: [filemgmt 56-199] Attempt to get parsing info during refresh. "On-the-fly" syntax checking information may be incorrect. [C:\ece4743\Lab3_part2\project_1.srcs\sources_1\imports\Lab3_part2\satadd.v:]
ERROR: [Common 17-180] Spawn failed: No error
WARNING: [filemgmt 56-199] Attempt to get parsing info during refresh. "On-the-fly" syntax checking information may be incorrect. [C:\ece4743\Lab3_part2\project_1.srcs\sources_1\imports\Lab3_part2\satadd.v:]
WARNING: [filemgmt 56-199] Attempt to get parsing info during refresh. "On-the-fly" syntax checking information may be incorrect. [C:\ece4743\Lab3_part2\project_1.srcs\sources_1\imports\Lab3_part2\satadd.v:]
WARNING: [filemgmt 56-199] Attempt to get parsing info during refresh. "On-the-fly" syntax checking information may be incorrect. [C:\ece4743\Lab3_part2\project_1.srcs\sources_1\imports\Lab3_part2\satadd.v:]
WARNING: [filemgmt 56-199] Attempt to get parsing info during refresh. "On-the-fly" syntax checking information may be incorrect. [C:\ece4743\Lab3_part2\project_1.srcs\sources_1\imports\Lab3_part2\satadd.v:]
ERROR: [Common 17-180] Spawn failed: No error
WARNING: [filemgmt 56-199] Attempt to get parsing info during refresh. "On-the-fly" syntax checking information may be incorrect. [C:\ece4743\Lab3_part2\project_1.srcs\sources_1\imports\Lab3_part2\satadd.v:]
WARNING: [filemgmt 56-199] Attempt to get parsing info during refresh. "On-the-fly" syntax checking information may be incorrect. [C:\ece4743\Lab3_part2\project_1.srcs\sources_1\imports\Lab3_part2\satadd.v:]
WARNING: [filemgmt 56-199] Attempt to get parsing info during refresh. "On-the-fly" syntax checking information may be incorrect. [C:\ece4743\Lab3_part2\project_1.srcs\sources_1\imports\Lab3_part2\satadd.v:]
ERROR: [Common 17-180] Spawn failed: No error
WARNING: [filemgmt 56-199] Attempt to get parsing info during refresh. "On-the-fly" syntax checking information may be incorrect. [C:\ece4743\Lab3_part2\project_1.srcs\sources_1\imports\Lab3_part2\satadd.v:]
ERROR: [Common 17-180] Spawn failed: No error
WARNING: [filemgmt 56-199] Attempt to get parsing info during refresh. "On-the-fly" syntax checking information may be incorrect. [C:\ece4743\Lab3_part2\project_1.srcs\sources_1\imports\Lab3_part2\satadd.v:]
ERROR: [Common 17-180] Spawn failed: No error
WARNING: [filemgmt 56-199] Attempt to get parsing info during refresh. "On-the-fly" syntax checking information may be incorrect. [C:\ece4743\Lab3_part2\project_1.srcs\sources_1\imports\Lab3_part2\satadd.v:]
WARNING: [filemgmt 56-199] Attempt to get parsing info during refresh. "On-the-fly" syntax checking information may be incorrect. [C:\ece4743\Lab3_part2\project_1.srcs\sources_1\imports\Lab3_part2\satadd.v:]
ERROR: [Common 17-180] Spawn failed: No error
WARNING: [filemgmt 56-199] Attempt to get parsing info during refresh. "On-the-fly" syntax checking information may be incorrect. [C:\ece4743\Lab3_part2\project_1.srcs\sources_1\imports\Lab3_part2\satadd.v:]
WARNING: [filemgmt 56-199] Attempt to get parsing info during refresh. "On-the-fly" syntax checking information may be incorrect. [C:\ece4743\Lab3_part2\project_1.srcs\sources_1\imports\Lab3_part2\satadd.v:]
WARNING: [filemgmt 56-199] Attempt to get parsing info during refresh. "On-the-fly" syntax checking information may be incorrect. [C:\ece4743\Lab3_part2\project_1.srcs\sources_1\imports\Lab3_part2\satadd.v:]
WARNING: [filemgmt 56-199] Attempt to get parsing info during refresh. "On-the-fly" syntax checking information may be incorrect. [C:\ece4743\Lab3_part2\project_1.srcs\sources_1\imports\Lab3_part2\satadd.v:]
ERROR: [Common 17-180] Spawn failed: No error
WARNING: [filemgmt 56-199] Attempt to get parsing info during refresh. "On-the-fly" syntax checking information may be incorrect. [C:\ece4743\Lab3_part2\project_1.srcs\sources_1\imports\Lab3_part2\satadd.v:]
WARNING: [filemgmt 56-199] Attempt to get parsing info during refresh. "On-the-fly" syntax checking information may be incorrect. [C:\ece4743\Lab3_part2\project_1.srcs\sources_1\imports\Lab3_part2\satadd.v:]
WARNING: [filemgmt 56-199] Attempt to get parsing info during refresh. "On-the-fly" syntax checking information may be incorrect. [C:\ece4743\Lab3_part2\project_1.srcs\sources_1\imports\Lab3_part2\satadd.v:]
WARNING: [filemgmt 56-199] Attempt to get parsing info during refresh. "On-the-fly" syntax checking information may be incorrect. [C:\ece4743\Lab3_part2\project_1.srcs\sources_1\imports\Lab3_part2\satadd.v:]
ERROR: [Common 17-180] Spawn failed: No error
WARNING: [filemgmt 56-199] Attempt to get parsing info during refresh. "On-the-fly" syntax checking information may be incorrect. [C:\ece4743\Lab3_part2\project_1.srcs\sources_1\imports\Lab3_part2\satadd.v:]
WARNING: [filemgmt 56-199] Attempt to get parsing info during refresh. "On-the-fly" syntax checking information may be incorrect. [C:\ece4743\Lab3_part2\project_1.srcs\sources_1\imports\Lab3_part2\satadd.v:]
ERROR: [Common 17-180] Spawn failed: No error
WARNING: [filemgmt 56-199] Attempt to get parsing info during refresh. "On-the-fly" syntax checking information may be incorrect. [C:\ece4743\Lab3_part2\project_1.srcs\sources_1\imports\Lab3_part2\satadd.v:]
WARNING: [filemgmt 56-199] Attempt to get parsing info during refresh. "On-the-fly" syntax checking information may be incorrect. [C:\ece4743\Lab3_part2\project_1.srcs\sources_1\imports\Lab3_part2\satadd.v:]
ERROR: [Common 17-180] Spawn failed: No error
WARNING: [filemgmt 56-199] Attempt to get parsing info during refresh. "On-the-fly" syntax checking information may be incorrect. [C:\ece4743\Lab3_part2\project_1.srcs\sources_1\imports\Lab3_part2\satadd.v:]
WARNING: [filemgmt 56-199] Attempt to get parsing info during refresh. "On-the-fly" syntax checking information may be incorrect. [C:\ece4743\Lab3_part2\project_1.srcs\sources_1\imports\Lab3_part2\satadd.v:]
WARNING: [filemgmt 56-199] Attempt to get parsing info during refresh. "On-the-fly" syntax checking information may be incorrect. [C:\ece4743\Lab3_part2\project_1.srcs\sources_1\imports\Lab3_part2\satadd.v:]
WARNING: [filemgmt 56-199] Attempt to get parsing info during refresh. "On-the-fly" syntax checking information may be incorrect. [C:\ece4743\Lab3_part2\project_1.srcs\sources_1\imports\Lab3_part2\satadd.v:]
ERROR: [Common 17-180] Spawn failed: No error
WARNING: [filemgmt 56-199] Attempt to get parsing info during refresh. "On-the-fly" syntax checking information may be incorrect. [C:\ece4743\Lab3_part2\project_1.srcs\sources_1\imports\Lab3_part2\satadd.v:]
WARNING: [filemgmt 56-199] Attempt to get parsing info during refresh. "On-the-fly" syntax checking information may be incorrect. [C:\ece4743\Lab3_part2\project_1.srcs\sources_1\imports\Lab3_part2\satadd.v:]
WARNING: [filemgmt 56-199] Attempt to get parsing info during refresh. "On-the-fly" syntax checking information may be incorrect. [C:\ece4743\Lab3_part2\project_1.srcs\sources_1\imports\Lab3_part2\satadd.v:]
ERROR: [Common 17-180] Spawn failed: No error
WARNING: [filemgmt 56-199] Attempt to get parsing info during refresh. "On-the-fly" syntax checking information may be incorrect. [C:\ece4743\Lab3_part2\project_1.srcs\sources_1\imports\Lab3_part2\satadd.v:]
ERROR: [Common 17-180] Spawn failed: No error
WARNING: [filemgmt 56-199] Attempt to get parsing info during refresh. "On-the-fly" syntax checking information may be incorrect. [C:\ece4743\Lab3_part2\project_1.srcs\sources_1\imports\Lab3_part2\satadd.v:]
WARNING: [filemgmt 56-199] Attempt to get parsing info during refresh. "On-the-fly" syntax checking information may be incorrect. [C:\ece4743\Lab3_part2\project_1.srcs\sources_1\imports\Lab3_part2\satadd.v:]
WARNING: [filemgmt 56-199] Attempt to get parsing info during refresh. "On-the-fly" syntax checking information may be incorrect. [C:\ece4743\Lab3_part2\project_1.srcs\sources_1\imports\Lab3_part2\satadd.v:]
WARNING: [filemgmt 56-199] Attempt to get parsing info during refresh. "On-the-fly" syntax checking information may be incorrect. [C:\ece4743\Lab3_part2\project_1.srcs\sources_1\imports\Lab3_part2\satadd.v:]
WARNING: [filemgmt 56-199] Attempt to get parsing info during refresh. "On-the-fly" syntax checking information may be incorrect. [C:\ece4743\Lab3_part2\project_1.srcs\sources_1\imports\Lab3_part2\satadd.v:]
WARNING: [filemgmt 56-199] Attempt to get parsing info during refresh. "On-the-fly" syntax checking information may be incorrect. [C:\ece4743\Lab3_part2\project_1.srcs\sources_1\imports\Lab3_part2\satadd.v:]
ERROR: [Common 17-180] Spawn failed: No error
ERROR: [Common 17-180] Spawn failed: No error
WARNING: [filemgmt 56-199] Attempt to get parsing info during refresh. "On-the-fly" syntax checking information may be incorrect. [C:\ece4743\Lab3_part2\project_1.srcs\sources_1\imports\Lab3_part2\satadd.v:]
WARNING: [filemgmt 56-199] Attempt to get parsing info during refresh. "On-the-fly" syntax checking information may be incorrect. [C:\ece4743\Lab3_part2\project_1.srcs\sources_1\imports\Lab3_part2\satadd.v:]
WARNING: [filemgmt 56-199] Attempt to get parsing info during refresh. "On-the-fly" syntax checking information may be incorrect. [C:\ece4743\Lab3_part2\project_1.srcs\sources_1\imports\Lab3_part2\satadd.v:]
WARNING: [filemgmt 56-199] Attempt to get parsing info during refresh. "On-the-fly" syntax checking information may be incorrect. [C:\ece4743\Lab3_part2\project_1.srcs\sources_1\imports\Lab3_part2\satadd.v:]
ERROR: [Common 17-180] Spawn failed: No error
WARNING: [filemgmt 56-199] Attempt to get parsing info during refresh. "On-the-fly" syntax checking information may be incorrect. [C:\ece4743\Lab3_part2\project_1.srcs\sources_1\imports\Lab3_part2\satadd.v:]
WARNING: [filemgmt 56-199] Attempt to get parsing info during refresh. "On-the-fly" syntax checking information may be incorrect. [C:\ece4743\Lab3_part2\project_1.srcs\sources_1\imports\Lab3_part2\satadd.v:]
WARNING: [filemgmt 56-199] Attempt to get parsing info during refresh. "On-the-fly" syntax checking information may be incorrect. [C:\ece4743\Lab3_part2\project_1.srcs\sources_1\imports\Lab3_part2\satadd.v:]
ERROR: [Common 17-180] Spawn failed: No error
WARNING: [filemgmt 56-199] Attempt to get parsing info during refresh. "On-the-fly" syntax checking information may be incorrect. [C:\ece4743\Lab3_part2\project_1.srcs\sources_1\imports\Lab3_part2\satadd.v:]
ERROR: [Common 17-180] Spawn failed: No error
WARNING: [filemgmt 56-199] Attempt to get parsing info during refresh. "On-the-fly" syntax checking information may be incorrect. [C:\ece4743\Lab3_part2\project_1.srcs\sources_1\imports\Lab3_part2\satadd.v:]
WARNING: [filemgmt 56-199] Attempt to get parsing info during refresh. "On-the-fly" syntax checking information may be incorrect. [C:\ece4743\Lab3_part2\project_1.srcs\sources_1\imports\Lab3_part2\satadd.v:]
ERROR: [Common 17-180] Spawn failed: No error
WARNING: [filemgmt 56-199] Attempt to get parsing info during refresh. "On-the-fly" syntax checking information may be incorrect. [C:\ece4743\Lab3_part2\project_1.srcs\sources_1\imports\Lab3_part2\satadd.v:]
WARNING: [filemgmt 56-199] Attempt to get parsing info during refresh. "On-the-fly" syntax checking information may be incorrect. [C:\ece4743\Lab3_part2\project_1.srcs\sources_1\imports\Lab3_part2\satadd.v:]
ERROR: [Common 17-180] Spawn failed: No error
WARNING: [filemgmt 56-199] Attempt to get parsing info during refresh. "On-the-fly" syntax checking information may be incorrect. [C:\ece4743\Lab3_part2\project_1.srcs\sources_1\imports\Lab3_part2\satadd.v:]
WARNING: [filemgmt 56-199] Attempt to get parsing info during refresh. "On-the-fly" syntax checking information may be incorrect. [C:\ece4743\Lab3_part2\project_1.srcs\sources_1\imports\Lab3_part2\satadd.v:]
WARNING: [filemgmt 56-199] Attempt to get parsing info during refresh. "On-the-fly" syntax checking information may be incorrect. [C:\ece4743\Lab3_part2\project_1.srcs\sources_1\imports\Lab3_part2\satadd.v:]
WARNING: [filemgmt 56-199] Attempt to get parsing info during refresh. "On-the-fly" syntax checking information may be incorrect. [C:\ece4743\Lab3_part2\project_1.srcs\sources_1\imports\Lab3_part2\satadd.v:]
ERROR: [Common 17-180] Spawn failed: No error
WARNING: [filemgmt 56-199] Attempt to get parsing info during refresh. "On-the-fly" syntax checking information may be incorrect. [C:\ece4743\Lab3_part2\project_1.srcs\sources_1\imports\Lab3_part2\satadd.v:]
ERROR: [Common 17-180] Spawn failed: No error
WARNING: [filemgmt 56-199] Attempt to get parsing info during refresh. "On-the-fly" syntax checking information may be incorrect. [C:\ece4743\Lab3_part2\project_1.srcs\sources_1\imports\Lab3_part2\satadd.v:]
WARNING: [filemgmt 56-199] Attempt to get parsing info during refresh. "On-the-fly" syntax checking information may be incorrect. [C:\ece4743\Lab3_part2\project_1.srcs\sources_1\imports\Lab3_part2\satadd.v:]
ERROR: [Common 17-180] Spawn failed: No error
WARNING: [filemgmt 56-199] Attempt to get parsing info during refresh. "On-the-fly" syntax checking information may be incorrect. [C:\ece4743\Lab3_part2\project_1.srcs\sources_1\imports\Lab3_part2\satadd.v:]
WARNING: [filemgmt 56-199] Attempt to get parsing info during refresh. "On-the-fly" syntax checking information may be incorrect. [C:\ece4743\Lab3_part2\project_1.srcs\sources_1\imports\Lab3_part2\satadd.v:]
WARNING: [filemgmt 56-199] Attempt to get parsing info during refresh. "On-the-fly" syntax checking information may be incorrect. [C:\ece4743\Lab3_part2\project_1.srcs\sources_1\imports\Lab3_part2\satadd.v:]
WARNING: [filemgmt 56-199] Attempt to get parsing info during refresh. "On-the-fly" syntax checking information may be incorrect. [C:\ece4743\Lab3_part2\project_1.srcs\sources_1\imports\Lab3_part2\satadd.v:]
ERROR: [Common 17-180] Spawn failed: No error
WARNING: [filemgmt 56-199] Attempt to get parsing info during refresh. "On-the-fly" syntax checking information may be incorrect. [C:\ece4743\Lab3_part2\project_1.srcs\sources_1\imports\Lab3_part2\satadd.v:]
ERROR: [Common 17-180] Spawn failed: No error
WARNING: [filemgmt 56-199] Attempt to get parsing info during refresh. "On-the-fly" syntax checking information may be incorrect. [C:\ece4743\Lab3_part2\project_1.srcs\sources_1\imports\Lab3_part2\satadd.v:]
WARNING: [filemgmt 56-199] Attempt to get parsing info during refresh. "On-the-fly" syntax checking information may be incorrect. [C:\ece4743\Lab3_part2\project_1.srcs\sources_1\imports\Lab3_part2\satadd.v:]
ERROR: [Common 17-180] Spawn failed: No error
WARNING: [filemgmt 56-199] Attempt to get parsing info during refresh. "On-the-fly" syntax checking information may be incorrect. [C:\ece4743\Lab3_part2\project_1.srcs\sources_1\imports\Lab3_part2\satadd.v:]
WARNING: [filemgmt 56-199] Attempt to get parsing info during refresh. "On-the-fly" syntax checking information may be incorrect. [C:\ece4743\Lab3_part2\project_1.srcs\sources_1\imports\Lab3_part2\satadd.v:]
WARNING: [filemgmt 56-199] Attempt to get parsing info during refresh. "On-the-fly" syntax checking information may be incorrect. [C:\ece4743\Lab3_part2\project_1.srcs\sources_1\imports\Lab3_part2\satadd.v:]
WARNING: [filemgmt 56-199] Attempt to get parsing info during refresh. "On-the-fly" syntax checking information may be incorrect. [C:\ece4743\Lab3_part2\project_1.srcs\sources_1\imports\Lab3_part2\satadd.v:]
ERROR: [Common 17-180] Spawn failed: No error
WARNING: [filemgmt 56-199] Attempt to get parsing info during refresh. "On-the-fly" syntax checking information may be incorrect. [C:\ece4743\Lab3_part2\project_1.srcs\sources_1\imports\Lab3_part2\satadd.v:]
WARNING: [filemgmt 56-199] Attempt to get parsing info during refresh. "On-the-fly" syntax checking information may be incorrect. [C:\ece4743\Lab3_part2\project_1.srcs\sources_1\imports\Lab3_part2\satadd.v:]
INFO: [Common 17-14] Message 'filemgmt 56-199' appears 100 times and further instances of the messages will be disabled. Use the Tcl command set_msg_config to change the current settings.
ERROR: [Common 17-180] Spawn failed: No error
ERROR: [Common 17-180] Spawn failed: No error
ERROR: [Common 17-180] Spawn failed: No error
ERROR: [Common 17-180] Spawn failed: No error
ERROR: [Common 17-180] Spawn failed: No error
ERROR: [Common 17-180] Spawn failed: No error
ERROR: [Common 17-180] Spawn failed: No error
ERROR: [Common 17-180] Spawn failed: No error
ERROR: [Common 17-180] Spawn failed: No error
ERROR: [Common 17-180] Spawn failed: No error
ERROR: [Common 17-180] Spawn failed: No error
ERROR: [Common 17-180] Spawn failed: No error
ERROR: [Common 17-180] Spawn failed: No error
ERROR: [Common 17-180] Spawn failed: No error
ERROR: [Common 17-180] Spawn failed: No error
ERROR: [Common 17-180] Spawn failed: No error
reset_run synth_1
INFO: [Project 1-1160] Copying file C:/ece4743/Lab3_part2/project_1.runs/synth_1/satadd.dcp to C:/Users/jpcok/Desktop/School Docs/Junior 1/Digital System Design/ece4743/Lab2/project_1/project_1.srcs/utils_1/imports/synth_1 and adding it to utils fileset
WARNING: [Vivado 12-1017] Problems encountered:
1. Failed to delete one or more files in run directory C:/ece4743/Lab3_part2/project_1.runs/synth_1

launch_runs synth_1 -jobs 4
CRITICAL WARNING: [HDL 9-1206] Syntax error near ';' [C:/ece4743/Lab3_part2/project_1.srcs/sources_1/imports/Lab3_part2/satadd.v:41]
[Tue Sep  6 19:56:55 2022] Launched synth_1...
Run output will be captured here: C:/ece4743/Lab3_part2/project_1.runs/synth_1/runme.log
WARNING: [filemgmt 56-199] Attempt to get parsing info during refresh. "On-the-fly" syntax checking information may be incorrect. [C:\ece4743\Lab3_part2\project_1.srcs\sources_1\imports\Lab3_part2\satadd.v:]
WARNING: [filemgmt 56-199] Attempt to get parsing info during refresh. "On-the-fly" syntax checking information may be incorrect. [C:\ece4743\Lab3_part2\project_1.srcs\sources_1\imports\Lab3_part2\satadd.v:]
ERROR: [Common 17-180] Spawn failed: No error
WARNING: [filemgmt 56-199] Attempt to get parsing info during refresh. "On-the-fly" syntax checking information may be incorrect. [C:\ece4743\Lab3_part2\project_1.srcs\sources_1\imports\Lab3_part2\satadd.v:]
WARNING: [filemgmt 56-199] Attempt to get parsing info during refresh. "On-the-fly" syntax checking information may be incorrect. [C:\ece4743\Lab3_part2\project_1.srcs\sources_1\imports\Lab3_part2\satadd.v:]
ERROR: [Common 17-180] Spawn failed: No error
WARNING: [filemgmt 56-199] Attempt to get parsing info during refresh. "On-the-fly" syntax checking information may be incorrect. [C:\ece4743\Lab3_part2\project_1.srcs\sources_1\imports\Lab3_part2\satadd.v:]
WARNING: [filemgmt 56-199] Attempt to get parsing info during refresh. "On-the-fly" syntax checking information may be incorrect. [C:\ece4743\Lab3_part2\project_1.srcs\sources_1\imports\Lab3_part2\satadd.v:]
ERROR: [Common 17-180] Spawn failed: No error
WARNING: [filemgmt 56-199] Attempt to get parsing info during refresh. "On-the-fly" syntax checking information may be incorrect. [C:\ece4743\Lab3_part2\project_1.srcs\sources_1\imports\Lab3_part2\satadd.v:]
WARNING: [filemgmt 56-199] Attempt to get parsing info during refresh. "On-the-fly" syntax checking information may be incorrect. [C:\ece4743\Lab3_part2\project_1.srcs\sources_1\imports\Lab3_part2\satadd.v:]
ERROR: [Common 17-180] Spawn failed: No error
WARNING: [filemgmt 56-199] Attempt to get parsing info during refresh. "On-the-fly" syntax checking information may be incorrect. [C:\ece4743\Lab3_part2\project_1.srcs\sources_1\imports\Lab3_part2\satadd.v:]
WARNING: [filemgmt 56-199] Attempt to get parsing info during refresh. "On-the-fly" syntax checking information may be incorrect. [C:\ece4743\Lab3_part2\project_1.srcs\sources_1\imports\Lab3_part2\satadd.v:]
ERROR: [Common 17-180] Spawn failed: No error
WARNING: [filemgmt 56-199] Attempt to get parsing info during refresh. "On-the-fly" syntax checking information may be incorrect. [C:\ece4743\Lab3_part2\project_1.srcs\sources_1\imports\Lab3_part2\satadd.v:]
WARNING: [filemgmt 56-199] Attempt to get parsing info during refresh. "On-the-fly" syntax checking information may be incorrect. [C:\ece4743\Lab3_part2\project_1.srcs\sources_1\imports\Lab3_part2\satadd.v:]
ERROR: [Common 17-180] Spawn failed: No error
export_ip_user_files -of_objects  [get_files {{C:/Users/jpcok/Desktop/School Docs/Junior 1/Digital System Design/ece4743/Lab2/project_1/project_1.srcs/utils_1/imports/synth_1/satadd.dcp}}] -no_script -reset -force -quiet
remove_files  -fileset utils_1 {{C:/Users/jpcok/Desktop/School Docs/Junior 1/Digital System Design/ece4743/Lab2/project_1/project_1.srcs/utils_1/imports/synth_1/satadd.dcp}}
reset_run synth_1
WARNING: [Vivado 12-1017] Problems encountered:
1. Failed to delete one or more files in run directory C:/ece4743/Lab3_part2/project_1.runs/synth_1

launch_runs synth_1 -jobs 4
CRITICAL WARNING: [HDL 9-1206] Syntax error near ';' [C:/ece4743/Lab3_part2/project_1.srcs/sources_1/imports/Lab3_part2/satadd.v:41]
WARNING: [Vivado 12-7122] Auto Incremental Compile:: No reference checkpoint was found in run synth_1. Auto-incremental flow will not be run, the standard flow will be run instead.
[Tue Sep  6 19:58:29 2022] Launched synth_1...
Run output will be captured here: C:/ece4743/Lab3_part2/project_1.runs/synth_1/runme.log
reset_run synth_1
WARNING: [Vivado 12-1017] Problems encountered:
1. Failed to delete one or more files in run directory C:/ece4743/Lab3_part2/project_1.runs/synth_1

launch_runs synth_1 -jobs 4
CRITICAL WARNING: [HDL 9-1206] Syntax error near ';' [C:/ece4743/Lab3_part2/project_1.srcs/sources_1/imports/Lab3_part2/satadd.v:32]
WARNING: [Vivado 12-7122] Auto Incremental Compile:: No reference checkpoint was found in run synth_1. Auto-incremental flow will not be run, the standard flow will be run instead.
[Tue Sep  6 20:00:08 2022] Launched synth_1...
Run output will be captured here: C:/ece4743/Lab3_part2/project_1.runs/synth_1/runme.log
WARNING: [filemgmt 56-199] Attempt to get parsing info during refresh. "On-the-fly" syntax checking information may be incorrect. [C:\ece4743\Lab3_part2\project_1.srcs\sources_1\imports\Lab3_part2\satadd.v:]
WARNING: [filemgmt 56-199] Attempt to get parsing info during refresh. "On-the-fly" syntax checking information may be incorrect. [C:\ece4743\Lab3_part2\project_1.srcs\sources_1\imports\Lab3_part2\satadd.v:]
ERROR: [Common 17-180] Spawn failed: No error
reset_run synth_1
WARNING: [Vivado 12-1017] Problems encountered:
1. Failed to delete one or more files in run directory C:/ece4743/Lab3_part2/project_1.runs/synth_1

launch_runs synth_1 -jobs 4
WARNING: [Vivado 12-7122] Auto Incremental Compile:: No reference checkpoint was found in run synth_1. Auto-incremental flow will not be run, the standard flow will be run instead.
[Tue Sep  6 20:01:18 2022] Launched synth_1...
Run output will be captured here: C:/ece4743/Lab3_part2/project_1.runs/synth_1/runme.log
launch_runs impl_1 -jobs 4
[Tue Sep  6 20:02:09 2022] Launched impl_1...
Run output will be captured here: C:/ece4743/Lab3_part2/project_1.runs/impl_1/runme.log
refresh_design
Netlist sorting complete. Time (s): cpu = 00:00:00 ; elapsed = 00:00:00 . Memory (MB): peak = 2327.031 ; gain = 0.000
INFO: [Project 1-479] Netlist was created with Vivado 2022.1
INFO: [Project 1-570] Preparing netlist for logic optimization
Reading XDEF placement.
Reading placer database...
Reading XDEF routing.
Read XDEF Files: Time (s): cpu = 00:00:00 ; elapsed = 00:00:00.028 . Memory (MB): peak = 2327.031 ; gain = 0.000
Restored from archive | CPU: 0.000000 secs | Memory: 0.000000 MB |
Finished XDEF File Restore: Time (s): cpu = 00:00:00 ; elapsed = 00:00:00.028 . Memory (MB): peak = 2327.031 ; gain = 0.000
WARNING: [Timing 38-313] There are no user specified timing constraints. Timing constraints are needed for proper timing analysis.
launch_simulation -mode post-implementation -type timing
Command: launch_simulation  -mode post-implementation -type timing
INFO: [Vivado 12-12493] Simulation top is 'tb_satadd'
WARNING: [Vivado 12-13340] Unable to auto find GCC executables from simulator install path! (path not set)
INFO: [Vivado 12-12490] The selected simulation model for 'ip_addsub' IP changed to 'rtl' from '', the simulation run directory will be deleted.
WARNING: [Vivado 12-13277] Compiled library path does not exist: ''
INFO: [Vivado 12-5698] Checking validity of IPs in the design for the 'XSim' simulator...
INFO: [Vivado 12-5682] Launching post-implementation timing simulation in 'C:/ece4743/Lab3_part2/project_1.sim/sim_1/impl/timing/xsim'
INFO: [Vivado 12-4795] Using compiled simulation libraries for IPs
INFO: [SIM-utils-51] Simulation object is 'sim_1'
INFO: [SIM-utils-72] Using boost library from 'C:/Xilinx/Vivado/2022.1/tps/boost_1_72_0'
INFO: [SIM-utils-31] Writing simulation netlist file for design 'impl_1'...
INFO: [SIM-utils-32] write_verilog -mode timesim -nolib -sdf_anno true -force -file "C:/ece4743/Lab3_part2/project_1.sim/sim_1/impl/timing/xsim/tb_satadd_time_impl.v"
INFO: [SIM-utils-34] Writing SDF file...
INFO: [SIM-utils-35] write_sdf -mode timesim -process_corner slow -force -file "C:/ece4743/Lab3_part2/project_1.sim/sim_1/impl/timing/xsim/tb_satadd_time_impl.sdf"
INFO: [SIM-utils-36] Netlist generated:C:/ece4743/Lab3_part2/project_1.sim/sim_1/impl/timing/xsim/tb_satadd_time_impl.v
INFO: [SIM-utils-37] SDF generated:C:/ece4743/Lab3_part2/project_1.sim/sim_1/impl/timing/xsim/tb_satadd_time_impl.sdf
INFO: [USF-XSim-7] Finding pre-compiled libraries...
INFO: [USF-XSim-11] File 'C:/Xilinx/Vivado/2022.1/data/xsim/xsim.ini' copied to run dir:'C:/ece4743/Lab3_part2/project_1.sim/sim_1/impl/timing/xsim'
INFO: [SIM-utils-54] Inspecting design source files for 'tb_satadd' in fileset 'sim_1'...
INFO: [USF-XSim-2] XSim::Compile design
INFO: [USF-XSim-61] Executing 'COMPILE and ANALYZE' step in 'C:/ece4743/Lab3_part2/project_1.sim/sim_1/impl/timing/xsim'
"xvlog --incr --relax -prj tb_satadd_vlog.prj"
INFO: [VRFC 10-2263] Analyzing Verilog file "C:/ece4743/Lab3_part2/project_1.sim/sim_1/impl/timing/xsim/tb_satadd_time_impl.v" into library xil_defaultlib
INFO: [VRFC 10-311] analyzing module satadd
INFO: [VRFC 10-311] analyzing module glbl
INFO: [VRFC 10-2263] Analyzing Verilog file "C:/ece4743/Lab3_part2/project_1.srcs/sim_1/imports/Lab3_part2/tb_satadd.v" into library xil_defaultlib
INFO: [VRFC 10-311] analyzing module tb_satadd
INFO: [USF-XSim-69] 'compile' step finished in '1' seconds
INFO: [USF-XSim-3] XSim::Elaborate design
INFO: [USF-XSim-61] Executing 'ELABORATE' step in 'C:/ece4743/Lab3_part2/project_1.sim/sim_1/impl/timing/xsim'
"xelab --incr --debug typical --relax --mt 2 --maxdelay -L xil_defaultlib -L simprims_ver -L secureip --snapshot tb_satadd_time_impl -transport_int_delays -pulse_r 0 -pulse_int_r 0 -pulse_e 0 -pulse_int_e 0 xil_defaultlib.tb_satadd xil_defaultlib.glbl -log elaborate.log"
Vivado Simulator v2022.1
Copyright 1986-1999, 2001-2022 Xilinx, Inc. All Rights Reserved.
Running: C:/Xilinx/Vivado/2022.1/bin/unwrapped/win64.o/xelab.exe --incr --debug typical --relax --mt 2 --maxdelay -L xil_defaultlib -L simprims_ver -L secureip --snapshot tb_satadd_time_impl -transport_int_delays -pulse_r 0 -pulse_int_r 0 -pulse_e 0 -pulse_int_e 0 xil_defaultlib.tb_satadd xil_defaultlib.glbl -log elaborate.log 
Using 2 slave threads.
Starting static elaboration
Pass Through NonSizing Optimizer
Completed static elaboration
Starting simulation data flow analysis
Completed simulation data flow analysis
INFO: [XSIM 43-3451] SDF backannotation process started with SDF file "tb_satadd_time_impl.sdf", for root module "tb_satadd/uut".
INFO: [XSIM 43-3452] SDF backannotation was successful for SDF file "tb_satadd_time_impl.sdf", for root module "tb_satadd/uut".
Time Resolution for simulation is 1ps
Compiling module simprims_ver.OBUFT
Compiling module xil_defaultlib.satadd
Compiling module xil_defaultlib.tb_satadd
Compiling module xil_defaultlib.glbl
Built simulation snapshot tb_satadd_time_impl
INFO: [USF-XSim-69] 'elaborate' step finished in '3' seconds
INFO: [USF-XSim-4] XSim::Simulate design
INFO: [USF-XSim-61] Executing 'SIMULATE' step in 'C:/ece4743/Lab3_part2/project_1.sim/sim_1/impl/timing/xsim'
INFO: [USF-XSim-98] *** Running xsim
   with args "tb_satadd_time_impl -key {Post-Implementation:sim_1:Timing:tb_satadd} -tclbatch {tb_satadd.tcl} -log {simulate.log}"
INFO: [USF-XSim-8] Loading simulator feature
Time resolution is 1 ps
source tb_satadd.tcl
# set curr_wave [current_wave_config]
# if { [string length $curr_wave] == 0 } {
#   if { [llength [get_objects]] > 0} {
#     add_wave /
#     set_property needs_save false [current_wave_config]
#   } else {
#      send_msg_id Add_Wave-1 WARNING "No top level signals found. Simulator will start without a wave window. If you want to open a wave window go to 'File->New Waveform Configuration' or type 'create_wave_config' in the TCL console."
#   }
# }
# run 1000ns
WARNING: file ../../../../satadd_vectors.txt could not be opened
          1(              200000): FAIL, mode: 2, a: 004, b: 005, y (actual): zzz, y (expected): 00000009                                                                                                    #

          2(              300000): FAIL, mode: 1, a: 004, b: 005, y (actual): zzz, y (expected): 00000009                                                                                                    #

          3(              400000): FAIL, mode: 1, a: 004, b: 005, y (actual): zzz, y (expected): 00000009                                                                                                    #

          4(              500000): FAIL, mode: 2, a: b00, b: 100, y (actual): zzz, y (expected): 00000c00                                                                                                    #

          5(              600000): FAIL, mode: 1, a: b00, b: 100, y (actual): zzz, y (expected): 00000c00                                                                                                    #

          6(              700000): FAIL, mode: 1, a: b00, b: 100, y (actual): zzz, y (expected): 00000c00                                                                                                    #

          7(              800000): FAIL, mode: 2, a: 7ff, b: 001, y (actual): zzz, y (expected): 00000800                                                                                                    #

          8(              900000): FAIL, mode: 1, a: 7ff, b: 001, y (actual): zzz, y (expected): 000007ff                                                                                                    #

          9(             1000000): FAIL, mode: 0, a: 7ff, b: 001, y (actual): zzz, y (expected): 00000800                                                                                                    #

INFO: [USF-XSim-96] XSim completed. Design snapshot 'tb_satadd_time_impl' loaded.
INFO: [USF-XSim-97] XSim simulation ran for 1000ns
launch_simulation: Time (s): cpu = 00:00:03 ; elapsed = 00:00:08 . Memory (MB): peak = 2335.641 ; gain = 8.609
report_utilization -name utilization_1
The simulator has terminated in an unexpected manner with exit code 1073807364.  Please review the simulation log (xsim.log) for details.
The simulator has terminated in an unexpected manner with exit code 1073807364.  Please review the simulation log (xsim.log) for details.
