INFO: [VRFC 10-2263] Analyzing Verilog file "C:/ece4743/lab6/lab6_part2/empty_template.gen/sources_1/ip/clk_wiz/clk_wiz_clk_wiz.v" into library xil_defaultlib
INFO: [VRFC 10-311] analyzing module clk_wiz_clk_wiz
INFO: [VRFC 10-2263] Analyzing Verilog file "C:/ece4743/lab6/lab6_part2/empty_template.gen/sources_1/ip/clk_wiz/clk_wiz.v" into library xil_defaultlib
INFO: [VRFC 10-311] analyzing module clk_wiz
INFO: [VRFC 10-2263] Analyzing Verilog file "C:/ece4743/lab6/lab6_part2/empty_template.srcs/sources_1/imports/lab6_part2/hw_testbench.v" into library xil_defaultlib
INFO: [VRFC 10-311] analyzing module hw_testbench
INFO: [VRFC 10-2263] Analyzing Verilog file "C:/ece4743/lab6/lab6_part2/empty_template.srcs/sources_1/imports/lab6_part2/lab6dpath.v" into library xil_defaultlib
INFO: [VRFC 10-311] analyzing module lab6dpath
INFO: [VRFC 10-2263] Analyzing Verilog file "C:/ece4743/lab6/lab6_part2/empty_template.srcs/sources_1/imports/lab6_part2/lfsr.v" into library xil_defaultlib
INFO: [VRFC 10-311] analyzing module lfsr
INFO: [VRFC 10-2263] Analyzing Verilog file "C:/ece4743/lab6/lab6_part2/empty_template.srcs/sources_1/imports/lab6_part2/pulsegenms.v" into library xil_defaultlib
INFO: [VRFC 10-311] analyzing module pulsegenMS
INFO: [VRFC 10-2263] Analyzing Verilog file "C:/ece4743/lab6/lab6_part2/empty_template.srcs/sources_1/imports/lab6_part2/sevenseg.v" into library xil_defaultlib
INFO: [VRFC 10-311] analyzing module sevenseg
WARNING: [VRFC 10-3380] identifier 'anondeChange' is used before its declaration [C:/ece4743/lab6/lab6_part2/empty_template.srcs/sources_1/imports/lab6_part2/sevenseg.v:33]
INFO: [VRFC 10-2263] Analyzing Verilog file "C:/ece4743/lab6/lab6_part2/empty_template.srcs/sim_1/imports/lab6_part2/tb_hw_testbench.v" into library xil_defaultlib
INFO: [VRFC 10-311] analyzing module tb_hw_testbench
INFO: [VRFC 10-2263] Analyzing Verilog file "C:/ece4743/lab6/lab6_part2/empty_template.sim/sim_1/behav/xsim/glbl.v" into library xil_defaultlib
INFO: [VRFC 10-311] analyzing module glbl
INFO: [VRFC 10-163] Analyzing VHDL file "C:/ece4743/lab6/lab6_part2/empty_template.gen/sources_1/ip/multiply/sim/multiply.vhd" into library xil_defaultlib
INFO: [VRFC 10-3107] analyzing entity 'multiply'
