Vivado Simulator v2022.1
Copyright 1986-1999, 2001-2022 Xilinx, Inc. All Rights Reserved.
Running: C:/Xilinx/Vivado/2022.1/bin/unwrapped/win64.o/xelab.exe --incr --debug typical --relax --mt 2 -L xil_defaultlib -L xbip_utils_v3_0_10 -L xbip_pipe_v3_0_6 -L xbip_bram18k_v3_0_6 -L mult_gen_v12_0_18 -L unisims_ver -L unimacro_ver -L secureip -L xpm --snapshot tb_hw_testbench_behav xil_defaultlib.tb_hw_testbench xil_defaultlib.glbl -log elaborate.log 
Using 2 slave threads.
Starting static elaboration
Pass Through NonSizing Optimizer
Completed static elaboration
Starting simulation data flow analysis
Completed simulation data flow analysis
Time Resolution for simulation is 1ps
Compiling package std.standard
Compiling package std.textio
Compiling package ieee.std_logic_1164
Compiling package ieee.numeric_std
Compiling package mult_gen_v12_0_18.mult_gen_v12_0_18_viv_comp
Compiling package xbip_utils_v3_0_10.xbip_utils_v3_0_10_pkg
Compiling package mult_gen_v12_0_18.mult_gen_v12_0_18_pkg
Compiling package ieee.std_logic_arith
Compiling package ieee.std_logic_signed
Compiling package unisim.vcomponents
Compiling package mult_gen_v12_0_18.dsp_pkg
Compiling module unisims_ver.IBUF
Compiling module unisims_ver.MMCME2_ADV(CLKFBOUT_MULT_F=10.0,...
Compiling module unisims_ver.BUFG
Compiling module xil_defaultlib.clk_wiz_clk_wiz
Compiling module xil_defaultlib.clk_wiz
Compiling module xil_defaultlib.lfsr
Compiling architecture xilinx of entity mult_gen_v12_0_18.delay_line [\delay_line(c_xdevicefamily="art...]
Compiling architecture xilinx of entity mult_gen_v12_0_18.op_resize [\op_resize(ai_width=12,bi_width=...]
Compiling architecture xilinx of entity mult_gen_v12_0_18.dsp [\dsp(c_xdevicefamily="artix7",c_...]
Compiling architecture xilinx of entity mult_gen_v12_0_18.mult_gen_v12_0_18_viv [\mult_gen_v12_0_18_viv(c_verbosi...]
Compiling architecture xilinx of entity mult_gen_v12_0_18.mult_gen_v12_0_18 [\mult_gen_v12_0_18(c_xdevicefami...]
Compiling architecture multiply_arch of entity xil_defaultlib.multiply [multiply_default]
Compiling module xil_defaultlib.lab6dpath
Compiling module xil_defaultlib.pulsegenMS(MSPERIOD=2)
Compiling module xil_defaultlib.sevenseg
Compiling module xil_defaultlib.hw_testbench
Compiling module xil_defaultlib.tb_hw_testbench
Compiling module xil_defaultlib.glbl
Built simulation snapshot tb_hw_testbench_behav
