Copyright 1986-2022 Xilinx, Inc. All Rights Reserved.
------------------------------------------------------------------------------------------------------------------------------------------------------------------------------------------------------------------------
| Tool Version : Vivado v.2022.1 (win64) Build 3526262 Mon Apr 18 15:48:16 MDT 2022
| Date         : Tue Sep 20 19:20:32 2022
| Host         : Lenovo-9i-Joe-Laptop running 64-bit major release  (build 9200)
| Command      : report_timing_summary -max_paths 10 -report_unconstrained -file lab4dpath_timing_summary_routed.rpt -pb lab4dpath_timing_summary_routed.pb -rpx lab4dpath_timing_summary_routed.rpx -warn_on_violation
| Design       : lab4dpath
| Device       : 7k70t-fbv676
| Speed File   : -1  PRODUCTION 1.12 2017-02-17
------------------------------------------------------------------------------------------------------------------------------------------------------------------------------------------------------------------------

Timing Summary Report

------------------------------------------------------------------------------------------------
| Timer Settings
| --------------
------------------------------------------------------------------------------------------------

  Enable Multi Corner Analysis               :  Yes
  Enable Pessimism Removal                   :  Yes
  Pessimism Removal Resolution               :  Nearest Common Node
  Enable Input Delay Default Clock           :  No
  Enable Preset / Clear Arcs                 :  No
  Disable Flight Delays                      :  No
  Ignore I/O Paths                           :  No
  Timing Early Launch at Borrowing Latches   :  No
  Borrow Time for Max Delay Exceptions       :  Yes
  Merge Timing Exceptions                    :  Yes

  Corner  Analyze    Analyze    
  Name    Max Paths  Min Paths  
  ------  ---------  ---------  
  Slow    Yes        Yes        
  Fast    Yes        Yes        


------------------------------------------------------------------------------------------------
| Report Methodology
| ------------------
------------------------------------------------------------------------------------------------

Rule  Severity  Description  Violations  
----  --------  -----------  ----------  

Note: This report is based on the most recent report_methodology run and may not be up-to-date. Run report_methodology on the current design for the latest report.



check_timing report

Table of Contents
-----------------
1. checking no_clock (0)
2. checking constant_clock (0)
3. checking pulse_width_clock (0)
4. checking unconstrained_internal_endpoints (0)
5. checking no_input_delay (0)
6. checking no_output_delay (0)
7. checking multiple_clock (0)
8. checking generated_clocks (0)
9. checking loops (0)
10. checking partial_input_delay (30)
11. checking partial_output_delay (0)
12. checking latch_loops (0)

1. checking no_clock (0)
------------------------
 There are 0 register/latch pins with no clock.


2. checking constant_clock (0)
------------------------------
 There are 0 register/latch pins with constant_clock.


3. checking pulse_width_clock (0)
---------------------------------
 There are 0 register/latch pins which need pulse_width check


4. checking unconstrained_internal_endpoints (0)
------------------------------------------------
 There are 0 pins that are not constrained for maximum delay.

 There are 0 pins that are not constrained for maximum delay due to constant clock.


5. checking no_input_delay (0)
------------------------------
 There are 0 input ports with no input delay specified.

 There are 0 input ports with no input delay but user has a false path constraint.


6. checking no_output_delay (0)
-------------------------------
 There are 0 ports with no output delay specified.

 There are 0 ports with no output delay but user has a false path constraint

 There are 0 ports with no output delay but with a timing clock defined on it or propagating through it


7. checking multiple_clock (0)
------------------------------
 There are 0 register/latch pins with multiple clocks.


8. checking generated_clocks (0)
--------------------------------
 There are 0 generated clocks that are not connected to a clock source.


9. checking loops (0)
---------------------
 There are 0 combinational loops in the design.


10. checking partial_input_delay (30)
-------------------------------------
 There are 30 input ports with partial input delay specified. (HIGH)


11. checking partial_output_delay (0)
-------------------------------------
 There are 0 ports with partial output delay specified.


12. checking latch_loops (0)
----------------------------
 There are 0 combinational latch loops in the design through latch input



------------------------------------------------------------------------------------------------
| Design Timing Summary
| ---------------------
------------------------------------------------------------------------------------------------

    WNS(ns)      TNS(ns)  TNS Failing Endpoints  TNS Total Endpoints      WHS(ns)      THS(ns)  THS Failing Endpoints  THS Total Endpoints     WPWS(ns)     TPWS(ns)  TPWS Failing Endpoints  TPWS Total Endpoints  
    -------      -------  ---------------------  -------------------      -------      -------  ---------------------  -------------------     --------     --------  ----------------------  --------------------  
      8.378        0.000                      0                   10          inf        0.000                      0                   10           NA           NA                      NA                    NA  


All user specified timing constraints are met.


------------------------------------------------------------------------------------------------
| Clock Summary
| -------------
------------------------------------------------------------------------------------------------


------------------------------------------------------------------------------------------------
| Intra Clock Table
| -----------------
------------------------------------------------------------------------------------------------

Clock             WNS(ns)      TNS(ns)  TNS Failing Endpoints  TNS Total Endpoints      WHS(ns)      THS(ns)  THS Failing Endpoints  THS Total Endpoints     WPWS(ns)     TPWS(ns)  TPWS Failing Endpoints  TPWS Total Endpoints  
-----             -------      -------  ---------------------  -------------------      -------      -------  ---------------------  -------------------     --------     --------  ----------------------  --------------------  


------------------------------------------------------------------------------------------------
| Inter Clock Table
| -----------------
------------------------------------------------------------------------------------------------

From Clock    To Clock          WNS(ns)      TNS(ns)  TNS Failing Endpoints  TNS Total Endpoints      WHS(ns)      THS(ns)  THS Failing Endpoints  THS Total Endpoints  
----------    --------          -------      -------  ---------------------  -------------------      -------      -------  ---------------------  -------------------  


------------------------------------------------------------------------------------------------
| Other Path Groups Table
| -----------------------
------------------------------------------------------------------------------------------------

Path Group        From Clock        To Clock              WNS(ns)      TNS(ns)  TNS Failing Endpoints  TNS Total Endpoints      WHS(ns)      THS(ns)  THS Failing Endpoints  THS Total Endpoints  
----------        ----------        --------              -------      -------  ---------------------  -------------------      -------      -------  ---------------------  -------------------  
**default**       input port clock                          8.378        0.000                      0                   10                                                                        


------------------------------------------------------------------------------------------------
| User Ignored Path Table
| -----------------------
------------------------------------------------------------------------------------------------

Path Group    From Clock    To Clock    
----------    ----------    --------    


------------------------------------------------------------------------------------------------
| Unconstrained Path Table
| ------------------------
------------------------------------------------------------------------------------------------

Path Group    From Clock    To Clock    
----------    ----------    --------    
(none)                                    


------------------------------------------------------------------------------------------------
| Timing Details
| --------------
------------------------------------------------------------------------------------------------


---------------------------------------------------------------------------------------------------
Path Group:  **default**
From Clock:  input port clock
  To Clock:  

Setup :            0  Failing Endpoints,  Worst Slack        8.378ns,  Total Violation        0.000ns
Hold  :           NA  Failing Endpoints,  Worst Slack           NA  ,  Total Violation           NA
---------------------------------------------------------------------------------------------------


Max Delay Paths
--------------------------------------------------------------------------------------
Slack (MET) :             8.378ns  (required time - arrival time)
  Source:                 x2[0]
                            (input port)
  Destination:            y[9]
  Path Group:             **default**
  Path Type:              Max at Slow Process Corner
  Requirement:            20.000ns  (MaxDelay Path 20.000ns)
  Data Path Delay:        11.622ns  (logic 6.137ns (52.804%)  route 5.485ns (47.196%))
  Logic Levels:           12  (CARRY4=7 IBUF=1 LUT2=1 LUT3=1 LUT4=1 OBUF=1)
  Output Delay:           0.000ns
  Timing Exception:       MaxDelay Path 20.000ns

    Location             Delay type                Incr(ns)  Path(ns)    Netlist Resource(s)
  -------------------------------------------------------------------    -------------------
    P16                                               0.000     0.000 r  x2[0] (IN)
                         net (fo=0)                   0.000     0.000    x2[0]
    P16                  IBUF (Prop_ibuf_I_O)         0.794     0.794 r  x2_IBUF[0]_inst/O
                         net (fo=2, routed)           1.189     1.983    jpc2/U0/i_mult/gLUT.gLUT_speed.iLUT/B[2]
    SLICE_X1Y13          CARRY4 (Prop_carry4_S[0]_O[3])
                                                      0.410     2.393 r  jpc2/U0/i_mult/gLUT.gLUT_speed.iLUT/NxM_mult.ppgen[1].carrychain[8].ppadd.b_is_even.stageN.muxcy0_CARRY4/O[3]
                         net (fo=4, routed)           0.463     2.855    jpc2/U0/i_mult/gLUT.gLUT_speed.iLUT/pp_out[1]_1[11]
    SLICE_X0Y13          CARRY4 (Prop_carry4_S[3]_CO[3])
                                                      0.375     3.230 r  jpc2/U0/i_mult/gLUT.gLUT_speed.iLUT/plusOp_carry__1/CO[3]
                         net (fo=1, routed)           0.000     3.230    jpc2/U0/i_mult/gLUT.gLUT_speed.iLUT/plusOp_carry__1_n_0
    SLICE_X0Y14          CARRY4 (Prop_carry4_CI_O[1])
                                                      0.213     3.443 r  jpc2/U0/i_mult/gLUT.gLUT_speed.iLUT/plusOp_carry__2/O[1]
                         net (fo=1, routed)           0.562     4.005    jpc2/U0/i_mult/gLUT.gLUT_speed.iLUT/plusOp[13]
    SLICE_X0Y16          LUT2 (Prop_lut2_I1_O)        0.152     4.157 r  jpc2/U0/i_mult/gLUT.gLUT_speed.iLUT/plusOp__79_carry__1_i_2/O
                         net (fo=1, routed)           0.000     4.157    jpc2/U0/i_mult/gLUT.gLUT_speed.iLUT/plusOp__79_carry__1_i_2_n_0
    SLICE_X0Y16          CARRY4 (Prop_carry4_S[3]_CO[3])
                                                      0.233     4.390 r  jpc2/U0/i_mult/gLUT.gLUT_speed.iLUT/plusOp__79_carry__1/CO[3]
                         net (fo=1, routed)           0.000     4.390    jpc2/U0/i_mult/gLUT.gLUT_speed.iLUT/plusOp__79_carry__1_n_0
    SLICE_X0Y17          CARRY4 (Prop_carry4_CI_O[1])
                                                      0.213     4.603 r  jpc2/U0/i_mult/gLUT.gLUT_speed.iLUT/plusOp__79_carry__2/O[1]
                         net (fo=2, routed)           0.601     5.204    jpc2/U0/i_mult/gLUT.gLUT_speed.iLUT/plusOp5[13]
    SLICE_X2Y18          CARRY4 (Prop_carry4_DI[1]_O[3])
                                                      0.459     5.663 r  jpc2/U0/i_mult/gLUT.gLUT_speed.iLUT/plusOp__167_carry__1/O[3]
                         net (fo=2, routed)           0.549     6.213    t2[19]
    SLICE_X3Y19          LUT3 (Prop_lut3_I0_O)        0.153     6.366 r  y_OBUF[9]_inst_i_3/O
                         net (fo=2, routed)           0.347     6.713    y_OBUF[9]_inst_i_3_n_0
    SLICE_X3Y19          LUT4 (Prop_lut4_I3_O)        0.170     6.883 r  y_OBUF[9]_inst_i_7/O
                         net (fo=1, routed)           0.000     6.883    y_OBUF[9]_inst_i_7_n_0
    SLICE_X3Y19          CARRY4 (Prop_carry4_S[1]_O[3])
                                                      0.379     7.262 r  y_OBUF[9]_inst_i_1/O[3]
                         net (fo=1, routed)           1.774     9.036    y_OBUF[9]
    M26                  OBUF (Prop_obuf_I_O)         2.585    11.622 r  y_OBUF[9]_inst/O
                         net (fo=0)                   0.000    11.622    y[9]
    M26                                                               r  y[9] (OUT)
  -------------------------------------------------------------------    -------------------

                         max delay                   20.000    20.000    
                         clock pessimism              0.000    20.000    
                         output delay                -0.000    20.000    
  -------------------------------------------------------------------
                         required time                         20.000    
                         arrival time                         -11.622    
  -------------------------------------------------------------------
                         slack                                  8.378    

Slack (MET) :             8.418ns  (required time - arrival time)
  Source:                 x2[0]
                            (input port)
  Destination:            y[8]
  Path Group:             **default**
  Path Type:              Max at Slow Process Corner
  Requirement:            20.000ns  (MaxDelay Path 20.000ns)
  Data Path Delay:        11.582ns  (logic 6.088ns (52.562%)  route 5.494ns (47.438%))
  Logic Levels:           12  (CARRY4=7 IBUF=1 LUT2=1 LUT3=1 LUT4=1 OBUF=1)
  Output Delay:           0.000ns
  Timing Exception:       MaxDelay Path 20.000ns

    Location             Delay type                Incr(ns)  Path(ns)    Netlist Resource(s)
  -------------------------------------------------------------------    -------------------
    P16                                               0.000     0.000 r  x2[0] (IN)
                         net (fo=0)                   0.000     0.000    x2[0]
    P16                  IBUF (Prop_ibuf_I_O)         0.794     0.794 r  x2_IBUF[0]_inst/O
                         net (fo=2, routed)           1.189     1.983    jpc2/U0/i_mult/gLUT.gLUT_speed.iLUT/B[2]
    SLICE_X1Y13          CARRY4 (Prop_carry4_S[0]_O[3])
                                                      0.410     2.393 r  jpc2/U0/i_mult/gLUT.gLUT_speed.iLUT/NxM_mult.ppgen[1].carrychain[8].ppadd.b_is_even.stageN.muxcy0_CARRY4/O[3]
                         net (fo=4, routed)           0.463     2.855    jpc2/U0/i_mult/gLUT.gLUT_speed.iLUT/pp_out[1]_1[11]
    SLICE_X0Y13          CARRY4 (Prop_carry4_S[3]_CO[3])
                                                      0.375     3.230 r  jpc2/U0/i_mult/gLUT.gLUT_speed.iLUT/plusOp_carry__1/CO[3]
                         net (fo=1, routed)           0.000     3.230    jpc2/U0/i_mult/gLUT.gLUT_speed.iLUT/plusOp_carry__1_n_0
    SLICE_X0Y14          CARRY4 (Prop_carry4_CI_O[1])
                                                      0.213     3.443 r  jpc2/U0/i_mult/gLUT.gLUT_speed.iLUT/plusOp_carry__2/O[1]
                         net (fo=1, routed)           0.562     4.005    jpc2/U0/i_mult/gLUT.gLUT_speed.iLUT/plusOp[13]
    SLICE_X0Y16          LUT2 (Prop_lut2_I1_O)        0.152     4.157 r  jpc2/U0/i_mult/gLUT.gLUT_speed.iLUT/plusOp__79_carry__1_i_2/O
                         net (fo=1, routed)           0.000     4.157    jpc2/U0/i_mult/gLUT.gLUT_speed.iLUT/plusOp__79_carry__1_i_2_n_0
    SLICE_X0Y16          CARRY4 (Prop_carry4_S[3]_CO[3])
                                                      0.233     4.390 r  jpc2/U0/i_mult/gLUT.gLUT_speed.iLUT/plusOp__79_carry__1/CO[3]
                         net (fo=1, routed)           0.000     4.390    jpc2/U0/i_mult/gLUT.gLUT_speed.iLUT/plusOp__79_carry__1_n_0
    SLICE_X0Y17          CARRY4 (Prop_carry4_CI_O[1])
                                                      0.213     4.603 r  jpc2/U0/i_mult/gLUT.gLUT_speed.iLUT/plusOp__79_carry__2/O[1]
                         net (fo=2, routed)           0.601     5.204    jpc2/U0/i_mult/gLUT.gLUT_speed.iLUT/plusOp5[13]
    SLICE_X2Y18          CARRY4 (Prop_carry4_DI[1]_O[3])
                                                      0.459     5.663 r  jpc2/U0/i_mult/gLUT.gLUT_speed.iLUT/plusOp__167_carry__1/O[3]
                         net (fo=2, routed)           0.549     6.213    t2[19]
    SLICE_X3Y19          LUT3 (Prop_lut3_I0_O)        0.153     6.366 r  y_OBUF[9]_inst_i_3/O
                         net (fo=2, routed)           0.347     6.713    y_OBUF[9]_inst_i_3_n_0
    SLICE_X3Y19          LUT4 (Prop_lut4_I3_O)        0.170     6.883 r  y_OBUF[9]_inst_i_7/O
                         net (fo=1, routed)           0.000     6.883    y_OBUF[9]_inst_i_7_n_0
    SLICE_X3Y19          CARRY4 (Prop_carry4_S[1]_O[2])
                                                      0.345     7.228 r  y_OBUF[9]_inst_i_1/O[2]
                         net (fo=1, routed)           1.784     9.012    y_OBUF[8]
    R25                  OBUF (Prop_obuf_I_O)         2.571    11.582 r  y_OBUF[8]_inst/O
                         net (fo=0)                   0.000    11.582    y[8]
    R25                                                               r  y[8] (OUT)
  -------------------------------------------------------------------    -------------------

                         max delay                   20.000    20.000    
                         clock pessimism              0.000    20.000    
                         output delay                -0.000    20.000    
  -------------------------------------------------------------------
                         required time                         20.000    
                         arrival time                         -11.582    
  -------------------------------------------------------------------
                         slack                                  8.418    

Slack (MET) :             8.445ns  (required time - arrival time)
  Source:                 x1[0]
                            (input port)
  Destination:            y[7]
  Path Group:             **default**
  Path Type:              Max at Slow Process Corner
  Requirement:            20.000ns  (MaxDelay Path 20.000ns)
  Data Path Delay:        11.555ns  (logic 5.747ns (49.731%)  route 5.809ns (50.269%))
  Logic Levels:           14  (CARRY4=8 IBUF=1 LUT2=2 LUT3=1 LUT4=1 OBUF=1)
  Output Delay:           0.000ns
  Timing Exception:       MaxDelay Path 20.000ns

    Location             Delay type                Incr(ns)  Path(ns)    Netlist Resource(s)
  -------------------------------------------------------------------    -------------------
    U16                                               0.000     0.000 r  x1[0] (IN)
                         net (fo=0)                   0.000     0.000    x1[0]
    U16                  IBUF (Prop_ibuf_I_O)         0.802     0.802 r  x1_IBUF[0]_inst/O
                         net (fo=4, routed)           1.228     2.029    jpc1/U0/i_mult/gLUT.gLUT_speed.iLUT/B[2]
    SLICE_X0Y7           LUT2 (Prop_lut2_I0_O)        0.053     2.082 r  jpc1/U0/i_mult/gLUT.gLUT_speed.iLUT/NxM_mult.ppgen[1].carrychain[11].ppadd.b_is_even.stageN.muxcy0_i_1/O
                         net (fo=1, routed)           0.000     2.082    jpc1/U0/i_mult/gLUT.gLUT_speed.iLUT/NxM_mult.ppgen[1].carrychain[11].ppadd.b_is_even.stageN.lut_sig
    SLICE_X0Y7           CARRY4 (Prop_carry4_S[3]_O[3])
                                                      0.140     2.222 r  jpc1/U0/i_mult/gLUT.gLUT_speed.iLUT/NxM_mult.ppgen[1].carrychain[8].ppadd.b_is_even.stageN.muxcy0_CARRY4/O[3]
                         net (fo=4, routed)           0.576     2.798    jpc1/U0/i_mult/gLUT.gLUT_speed.iLUT/pp_out[1]_1[11]
    SLICE_X2Y7           CARRY4 (Prop_carry4_S[3]_CO[3])
                                                      0.358     3.156 r  jpc1/U0/i_mult/gLUT.gLUT_speed.iLUT/plusOp_carry__1/CO[3]
                         net (fo=1, routed)           0.000     3.156    jpc1/U0/i_mult/gLUT.gLUT_speed.iLUT/plusOp_carry__1_n_0
    SLICE_X2Y8           CARRY4 (Prop_carry4_CI_O[1])
                                                      0.212     3.368 r  jpc1/U0/i_mult/gLUT.gLUT_speed.iLUT/plusOp_carry__2/O[1]
                         net (fo=1, routed)           0.548     3.916    jpc1/U0/i_mult/gLUT.gLUT_speed.iLUT/plusOp[13]
    SLICE_X1Y8           LUT2 (Prop_lut2_I1_O)        0.155     4.071 r  jpc1/U0/i_mult/gLUT.gLUT_speed.iLUT/plusOp__79_carry__1_i_2/O
                         net (fo=1, routed)           0.000     4.071    jpc1/U0/i_mult/gLUT.gLUT_speed.iLUT/plusOp__79_carry__1_i_2_n_0
    SLICE_X1Y8           CARRY4 (Prop_carry4_S[3]_O[3])
                                                      0.140     4.211 r  jpc1/U0/i_mult/gLUT.gLUT_speed.iLUT/plusOp__79_carry__1/O[3]
                         net (fo=2, routed)           0.527     4.738    jpc1/U0/i_mult/gLUT.gLUT_speed.iLUT/plusOp5[11]
    SLICE_X2Y10          CARRY4 (Prop_carry4_DI[3]_CO[3])
                                                      0.323     5.061 r  jpc1/U0/i_mult/gLUT.gLUT_speed.iLUT/plusOp__167_carry__0/CO[3]
                         net (fo=1, routed)           0.000     5.061    jpc1/U0/i_mult/gLUT.gLUT_speed.iLUT/plusOp__167_carry__0_n_0
    SLICE_X2Y11          CARRY4 (Prop_carry4_CI_O[1])
                                                      0.212     5.273 r  jpc1/U0/i_mult/gLUT.gLUT_speed.iLUT/plusOp__167_carry__1/O[1]
                         net (fo=2, routed)           0.707     5.981    t1[17]
    SLICE_X3Y18          LUT3 (Prop_lut3_I1_O)        0.165     6.146 r  y_OBUF[5]_inst_i_2/O
                         net (fo=2, routed)           0.472     6.618    y_OBUF[5]_inst_i_2_n_0
    SLICE_X3Y18          LUT4 (Prop_lut4_I3_O)        0.165     6.783 r  y_OBUF[5]_inst_i_6/O
                         net (fo=1, routed)           0.000     6.783    y_OBUF[5]_inst_i_6_n_0
    SLICE_X3Y18          CARRY4 (Prop_carry4_S[3]_CO[3])
                                                      0.233     7.016 r  y_OBUF[5]_inst_i_1/CO[3]
                         net (fo=1, routed)           0.000     7.016    y_OBUF[5]_inst_i_1_n_0
    SLICE_X3Y19          CARRY4 (Prop_carry4_CI_O[1])
                                                      0.213     7.229 r  y_OBUF[9]_inst_i_1/O[1]
                         net (fo=1, routed)           1.750     8.979    y_OBUF[7]
    P25                  OBUF (Prop_obuf_I_O)         2.576    11.555 r  y_OBUF[7]_inst/O
                         net (fo=0)                   0.000    11.555    y[7]
    P25                                                               r  y[7] (OUT)
  -------------------------------------------------------------------    -------------------

                         max delay                   20.000    20.000    
                         clock pessimism              0.000    20.000    
                         output delay                -0.000    20.000    
  -------------------------------------------------------------------
                         required time                         20.000    
                         arrival time                         -11.555    
  -------------------------------------------------------------------
                         slack                                  8.445    

Slack (MET) :             8.555ns  (required time - arrival time)
  Source:                 x1[0]
                            (input port)
  Destination:            y[6]
  Path Group:             **default**
  Path Type:              Max at Slow Process Corner
  Requirement:            20.000ns  (MaxDelay Path 20.000ns)
  Data Path Delay:        11.445ns  (logic 5.657ns (49.427%)  route 5.788ns (50.573%))
  Logic Levels:           14  (CARRY4=8 IBUF=1 LUT2=2 LUT3=1 LUT4=1 OBUF=1)
  Output Delay:           0.000ns
  Timing Exception:       MaxDelay Path 20.000ns

    Location             Delay type                Incr(ns)  Path(ns)    Netlist Resource(s)
  -------------------------------------------------------------------    -------------------
    U16                                               0.000     0.000 r  x1[0] (IN)
                         net (fo=0)                   0.000     0.000    x1[0]
    U16                  IBUF (Prop_ibuf_I_O)         0.802     0.802 r  x1_IBUF[0]_inst/O
                         net (fo=4, routed)           1.228     2.029    jpc1/U0/i_mult/gLUT.gLUT_speed.iLUT/B[2]
    SLICE_X0Y7           LUT2 (Prop_lut2_I0_O)        0.053     2.082 r  jpc1/U0/i_mult/gLUT.gLUT_speed.iLUT/NxM_mult.ppgen[1].carrychain[11].ppadd.b_is_even.stageN.muxcy0_i_1/O
                         net (fo=1, routed)           0.000     2.082    jpc1/U0/i_mult/gLUT.gLUT_speed.iLUT/NxM_mult.ppgen[1].carrychain[11].ppadd.b_is_even.stageN.lut_sig
    SLICE_X0Y7           CARRY4 (Prop_carry4_S[3]_O[3])
                                                      0.140     2.222 r  jpc1/U0/i_mult/gLUT.gLUT_speed.iLUT/NxM_mult.ppgen[1].carrychain[8].ppadd.b_is_even.stageN.muxcy0_CARRY4/O[3]
                         net (fo=4, routed)           0.576     2.798    jpc1/U0/i_mult/gLUT.gLUT_speed.iLUT/pp_out[1]_1[11]
    SLICE_X2Y7           CARRY4 (Prop_carry4_S[3]_CO[3])
                                                      0.358     3.156 r  jpc1/U0/i_mult/gLUT.gLUT_speed.iLUT/plusOp_carry__1/CO[3]
                         net (fo=1, routed)           0.000     3.156    jpc1/U0/i_mult/gLUT.gLUT_speed.iLUT/plusOp_carry__1_n_0
    SLICE_X2Y8           CARRY4 (Prop_carry4_CI_O[1])
                                                      0.212     3.368 r  jpc1/U0/i_mult/gLUT.gLUT_speed.iLUT/plusOp_carry__2/O[1]
                         net (fo=1, routed)           0.548     3.916    jpc1/U0/i_mult/gLUT.gLUT_speed.iLUT/plusOp[13]
    SLICE_X1Y8           LUT2 (Prop_lut2_I1_O)        0.155     4.071 r  jpc1/U0/i_mult/gLUT.gLUT_speed.iLUT/plusOp__79_carry__1_i_2/O
                         net (fo=1, routed)           0.000     4.071    jpc1/U0/i_mult/gLUT.gLUT_speed.iLUT/plusOp__79_carry__1_i_2_n_0
    SLICE_X1Y8           CARRY4 (Prop_carry4_S[3]_O[3])
                                                      0.140     4.211 r  jpc1/U0/i_mult/gLUT.gLUT_speed.iLUT/plusOp__79_carry__1/O[3]
                         net (fo=2, routed)           0.527     4.738    jpc1/U0/i_mult/gLUT.gLUT_speed.iLUT/plusOp5[11]
    SLICE_X2Y10          CARRY4 (Prop_carry4_DI[3]_CO[3])
                                                      0.323     5.061 r  jpc1/U0/i_mult/gLUT.gLUT_speed.iLUT/plusOp__167_carry__0/CO[3]
                         net (fo=1, routed)           0.000     5.061    jpc1/U0/i_mult/gLUT.gLUT_speed.iLUT/plusOp__167_carry__0_n_0
    SLICE_X2Y11          CARRY4 (Prop_carry4_CI_O[1])
                                                      0.212     5.273 r  jpc1/U0/i_mult/gLUT.gLUT_speed.iLUT/plusOp__167_carry__1/O[1]
                         net (fo=2, routed)           0.707     5.981    t1[17]
    SLICE_X3Y18          LUT3 (Prop_lut3_I1_O)        0.165     6.146 r  y_OBUF[5]_inst_i_2/O
                         net (fo=2, routed)           0.472     6.618    y_OBUF[5]_inst_i_2_n_0
    SLICE_X3Y18          LUT4 (Prop_lut4_I3_O)        0.165     6.783 r  y_OBUF[5]_inst_i_6/O
                         net (fo=1, routed)           0.000     6.783    y_OBUF[5]_inst_i_6_n_0
    SLICE_X3Y18          CARRY4 (Prop_carry4_S[3]_CO[3])
                                                      0.233     7.016 r  y_OBUF[5]_inst_i_1/CO[3]
                         net (fo=1, routed)           0.000     7.016    y_OBUF[5]_inst_i_1_n_0
    SLICE_X3Y19          CARRY4 (Prop_carry4_CI_O[0])
                                                      0.139     7.155 r  y_OBUF[9]_inst_i_1/O[0]
                         net (fo=1, routed)           1.730     8.885    y_OBUF[6]
    N19                  OBUF (Prop_obuf_I_O)         2.560    11.445 r  y_OBUF[6]_inst/O
                         net (fo=0)                   0.000    11.445    y[6]
    N19                                                               r  y[6] (OUT)
  -------------------------------------------------------------------    -------------------

                         max delay                   20.000    20.000    
                         clock pessimism              0.000    20.000    
                         output delay                -0.000    20.000    
  -------------------------------------------------------------------
                         required time                         20.000    
                         arrival time                         -11.445    
  -------------------------------------------------------------------
                         slack                                  8.555    

Slack (MET) :             8.660ns  (required time - arrival time)
  Source:                 x2[0]
                            (input port)
  Destination:            y[5]
  Path Group:             **default**
  Path Type:              Max at Slow Process Corner
  Requirement:            20.000ns  (MaxDelay Path 20.000ns)
  Data Path Delay:        11.340ns  (logic 5.555ns (48.983%)  route 5.785ns (51.017%))
  Logic Levels:           10  (CARRY4=5 IBUF=1 LUT2=1 LUT3=1 LUT4=1 OBUF=1)
  Output Delay:           0.000ns
  Timing Exception:       MaxDelay Path 20.000ns

    Location             Delay type                Incr(ns)  Path(ns)    Netlist Resource(s)
  -------------------------------------------------------------------    -------------------
    P16                                               0.000     0.000 r  x2[0] (IN)
                         net (fo=0)                   0.000     0.000    x2[0]
    P16                  IBUF (Prop_ibuf_I_O)         0.794     0.794 r  x2_IBUF[0]_inst/O
                         net (fo=2, routed)           1.189     1.983    jpc2/U0/i_mult/gLUT.gLUT_speed.iLUT/B[2]
    SLICE_X1Y13          CARRY4 (Prop_carry4_S[0]_O[2])
                                                      0.376     2.359 r  jpc2/U0/i_mult/gLUT.gLUT_speed.iLUT/NxM_mult.ppgen[1].carrychain[8].ppadd.b_is_even.stageN.muxcy0_CARRY4/O[2]
                         net (fo=1, routed)           0.456     2.815    jpc2/U0/i_mult/gLUT.gLUT_speed.iLUT/pp_out[1]_1[10]
    SLICE_X0Y13          CARRY4 (Prop_carry4_S[2]_O[2])
                                                      0.292     3.107 r  jpc2/U0/i_mult/gLUT.gLUT_speed.iLUT/plusOp_carry__1/O[2]
                         net (fo=2, routed)           0.769     3.876    jpc2/U0/i_mult/gLUT.gLUT_speed.iLUT/plusOp[10]
    SLICE_X0Y16          LUT2 (Prop_lut2_I0_O)        0.152     4.028 r  jpc2/U0/i_mult/gLUT.gLUT_speed.iLUT/plusOp__79_carry__1_i_5/O
                         net (fo=1, routed)           0.000     4.028    jpc2/U0/i_mult/gLUT.gLUT_speed.iLUT/plusOp__79_carry__1_i_5_n_0
    SLICE_X0Y16          CARRY4 (Prop_carry4_S[0]_O[1])
                                                      0.271     4.299 r  jpc2/U0/i_mult/gLUT.gLUT_speed.iLUT/plusOp__79_carry__1/O[1]
                         net (fo=2, routed)           0.682     4.981    jpc2/U0/i_mult/gLUT.gLUT_speed.iLUT/plusOp5[9]
    SLICE_X2Y17          CARRY4 (Prop_carry4_DI[1]_O[2])
                                                      0.425     5.406 r  jpc2/U0/i_mult/gLUT.gLUT_speed.iLUT/plusOp__167_carry__0/O[2]
                         net (fo=2, routed)           0.515     5.921    t2[14]
    SLICE_X3Y17          LUT3 (Prop_lut3_I0_O)        0.166     6.087 r  y_OBUF[5]_inst_i_5/O
                         net (fo=2, routed)           0.443     6.530    y_OBUF[5]_inst_i_5_n_0
    SLICE_X3Y18          LUT4 (Prop_lut4_I3_O)        0.168     6.698 r  y_OBUF[5]_inst_i_9/O
                         net (fo=1, routed)           0.000     6.698    y_OBUF[5]_inst_i_9_n_0
    SLICE_X3Y18          CARRY4 (Prop_carry4_S[0]_O[3])
                                                      0.357     7.055 r  y_OBUF[5]_inst_i_1/O[3]
                         net (fo=1, routed)           1.731     8.786    y_OBUF[5]
    M20                  OBUF (Prop_obuf_I_O)         2.553    11.340 r  y_OBUF[5]_inst/O
                         net (fo=0)                   0.000    11.340    y[5]
    M20                                                               r  y[5] (OUT)
  -------------------------------------------------------------------    -------------------

                         max delay                   20.000    20.000    
                         clock pessimism              0.000    20.000    
                         output delay                -0.000    20.000    
  -------------------------------------------------------------------
                         required time                         20.000    
                         arrival time                         -11.340    
  -------------------------------------------------------------------
                         slack                                  8.660    

Slack (MET) :             8.754ns  (required time - arrival time)
  Source:                 x2[0]
                            (input port)
  Destination:            y[4]
  Path Group:             **default**
  Path Type:              Max at Slow Process Corner
  Requirement:            20.000ns  (MaxDelay Path 20.000ns)
  Data Path Delay:        11.246ns  (logic 5.554ns (49.386%)  route 5.692ns (50.614%))
  Logic Levels:           10  (CARRY4=5 IBUF=1 LUT2=1 LUT3=1 LUT4=1 OBUF=1)
  Output Delay:           0.000ns
  Timing Exception:       MaxDelay Path 20.000ns

    Location             Delay type                Incr(ns)  Path(ns)    Netlist Resource(s)
  -------------------------------------------------------------------    -------------------
    P16                                               0.000     0.000 r  x2[0] (IN)
                         net (fo=0)                   0.000     0.000    x2[0]
    P16                  IBUF (Prop_ibuf_I_O)         0.794     0.794 r  x2_IBUF[0]_inst/O
                         net (fo=2, routed)           1.189     1.983    jpc2/U0/i_mult/gLUT.gLUT_speed.iLUT/B[2]
    SLICE_X1Y13          CARRY4 (Prop_carry4_S[0]_O[2])
                                                      0.376     2.359 r  jpc2/U0/i_mult/gLUT.gLUT_speed.iLUT/NxM_mult.ppgen[1].carrychain[8].ppadd.b_is_even.stageN.muxcy0_CARRY4/O[2]
                         net (fo=1, routed)           0.456     2.815    jpc2/U0/i_mult/gLUT.gLUT_speed.iLUT/pp_out[1]_1[10]
    SLICE_X0Y13          CARRY4 (Prop_carry4_S[2]_O[2])
                                                      0.292     3.107 r  jpc2/U0/i_mult/gLUT.gLUT_speed.iLUT/plusOp_carry__1/O[2]
                         net (fo=2, routed)           0.769     3.876    jpc2/U0/i_mult/gLUT.gLUT_speed.iLUT/plusOp[10]
    SLICE_X0Y16          LUT2 (Prop_lut2_I0_O)        0.152     4.028 r  jpc2/U0/i_mult/gLUT.gLUT_speed.iLUT/plusOp__79_carry__1_i_5/O
                         net (fo=1, routed)           0.000     4.028    jpc2/U0/i_mult/gLUT.gLUT_speed.iLUT/plusOp__79_carry__1_i_5_n_0
    SLICE_X0Y16          CARRY4 (Prop_carry4_S[0]_O[1])
                                                      0.271     4.299 r  jpc2/U0/i_mult/gLUT.gLUT_speed.iLUT/plusOp__79_carry__1/O[1]
                         net (fo=2, routed)           0.682     4.981    jpc2/U0/i_mult/gLUT.gLUT_speed.iLUT/plusOp5[9]
    SLICE_X2Y17          CARRY4 (Prop_carry4_DI[1]_O[2])
                                                      0.425     5.406 r  jpc2/U0/i_mult/gLUT.gLUT_speed.iLUT/plusOp__167_carry__0/O[2]
                         net (fo=2, routed)           0.515     5.921    t2[14]
    SLICE_X3Y17          LUT3 (Prop_lut3_I0_O)        0.166     6.087 r  y_OBUF[5]_inst_i_5/O
                         net (fo=2, routed)           0.443     6.530    y_OBUF[5]_inst_i_5_n_0
    SLICE_X3Y18          LUT4 (Prop_lut4_I3_O)        0.168     6.698 r  y_OBUF[5]_inst_i_9/O
                         net (fo=1, routed)           0.000     6.698    y_OBUF[5]_inst_i_9_n_0
    SLICE_X3Y18          CARRY4 (Prop_carry4_S[0]_O[2])
                                                      0.323     7.021 r  y_OBUF[5]_inst_i_1/O[2]
                         net (fo=1, routed)           1.638     8.659    y_OBUF[4]
    M24                  OBUF (Prop_obuf_I_O)         2.587    11.246 r  y_OBUF[4]_inst/O
                         net (fo=0)                   0.000    11.246    y[4]
    M24                                                               r  y[4] (OUT)
  -------------------------------------------------------------------    -------------------

                         max delay                   20.000    20.000    
                         clock pessimism              0.000    20.000    
                         output delay                -0.000    20.000    
  -------------------------------------------------------------------
                         required time                         20.000    
                         arrival time                         -11.246    
  -------------------------------------------------------------------
                         slack                                  8.754    

Slack (MET) :             8.821ns  (required time - arrival time)
  Source:                 x2[0]
                            (input port)
  Destination:            y[3]
  Path Group:             **default**
  Path Type:              Max at Slow Process Corner
  Requirement:            20.000ns  (MaxDelay Path 20.000ns)
  Data Path Delay:        11.179ns  (logic 5.515ns (49.327%)  route 5.665ns (50.673%))
  Logic Levels:           10  (CARRY4=5 IBUF=1 LUT2=1 LUT3=1 LUT4=1 OBUF=1)
  Output Delay:           0.000ns
  Timing Exception:       MaxDelay Path 20.000ns

    Location             Delay type                Incr(ns)  Path(ns)    Netlist Resource(s)
  -------------------------------------------------------------------    -------------------
    P16                                               0.000     0.000 r  x2[0] (IN)
                         net (fo=0)                   0.000     0.000    x2[0]
    P16                  IBUF (Prop_ibuf_I_O)         0.794     0.794 r  x2_IBUF[0]_inst/O
                         net (fo=2, routed)           1.189     1.983    jpc2/U0/i_mult/gLUT.gLUT_speed.iLUT/B[2]
    SLICE_X1Y13          CARRY4 (Prop_carry4_S[0]_O[2])
                                                      0.376     2.359 r  jpc2/U0/i_mult/gLUT.gLUT_speed.iLUT/NxM_mult.ppgen[1].carrychain[8].ppadd.b_is_even.stageN.muxcy0_CARRY4/O[2]
                         net (fo=1, routed)           0.456     2.815    jpc2/U0/i_mult/gLUT.gLUT_speed.iLUT/pp_out[1]_1[10]
    SLICE_X0Y13          CARRY4 (Prop_carry4_S[2]_O[2])
                                                      0.292     3.107 r  jpc2/U0/i_mult/gLUT.gLUT_speed.iLUT/plusOp_carry__1/O[2]
                         net (fo=2, routed)           0.769     3.876    jpc2/U0/i_mult/gLUT.gLUT_speed.iLUT/plusOp[10]
    SLICE_X0Y16          LUT2 (Prop_lut2_I0_O)        0.152     4.028 r  jpc2/U0/i_mult/gLUT.gLUT_speed.iLUT/plusOp__79_carry__1_i_5/O
                         net (fo=1, routed)           0.000     4.028    jpc2/U0/i_mult/gLUT.gLUT_speed.iLUT/plusOp__79_carry__1_i_5_n_0
    SLICE_X0Y16          CARRY4 (Prop_carry4_S[0]_O[1])
                                                      0.271     4.299 r  jpc2/U0/i_mult/gLUT.gLUT_speed.iLUT/plusOp__79_carry__1/O[1]
                         net (fo=2, routed)           0.682     4.981    jpc2/U0/i_mult/gLUT.gLUT_speed.iLUT/plusOp5[9]
    SLICE_X2Y17          CARRY4 (Prop_carry4_DI[1]_O[2])
                                                      0.425     5.406 r  jpc2/U0/i_mult/gLUT.gLUT_speed.iLUT/plusOp__167_carry__0/O[2]
                         net (fo=2, routed)           0.515     5.921    t2[14]
    SLICE_X3Y17          LUT3 (Prop_lut3_I0_O)        0.166     6.087 r  y_OBUF[5]_inst_i_5/O
                         net (fo=2, routed)           0.443     6.530    y_OBUF[5]_inst_i_5_n_0
    SLICE_X3Y18          LUT4 (Prop_lut4_I3_O)        0.168     6.698 r  y_OBUF[5]_inst_i_9/O
                         net (fo=1, routed)           0.000     6.698    y_OBUF[5]_inst_i_9_n_0
    SLICE_X3Y18          CARRY4 (Prop_carry4_S[0]_O[1])
                                                      0.271     6.969 r  y_OBUF[5]_inst_i_1/O[1]
                         net (fo=1, routed)           1.611     8.580    y_OBUF[3]
    L24                  OBUF (Prop_obuf_I_O)         2.599    11.179 r  y_OBUF[3]_inst/O
                         net (fo=0)                   0.000    11.179    y[3]
    L24                                                               r  y[3] (OUT)
  -------------------------------------------------------------------    -------------------

                         max delay                   20.000    20.000    
                         clock pessimism              0.000    20.000    
                         output delay                -0.000    20.000    
  -------------------------------------------------------------------
                         required time                         20.000    
                         arrival time                         -11.179    
  -------------------------------------------------------------------
                         slack                                  8.821    

Slack (MET) :             8.959ns  (required time - arrival time)
  Source:                 x2[0]
                            (input port)
  Destination:            y[2]
  Path Group:             **default**
  Path Type:              Max at Slow Process Corner
  Requirement:            20.000ns  (MaxDelay Path 20.000ns)
  Data Path Delay:        11.041ns  (logic 5.374ns (48.672%)  route 5.667ns (51.328%))
  Logic Levels:           10  (CARRY4=5 IBUF=1 LUT2=1 LUT3=1 LUT4=1 OBUF=1)
  Output Delay:           0.000ns
  Timing Exception:       MaxDelay Path 20.000ns

    Location             Delay type                Incr(ns)  Path(ns)    Netlist Resource(s)
  -------------------------------------------------------------------    -------------------
    P16                                               0.000     0.000 r  x2[0] (IN)
                         net (fo=0)                   0.000     0.000    x2[0]
    P16                  IBUF (Prop_ibuf_I_O)         0.794     0.794 r  x2_IBUF[0]_inst/O
                         net (fo=2, routed)           1.189     1.983    jpc2/U0/i_mult/gLUT.gLUT_speed.iLUT/B[2]
    SLICE_X1Y13          CARRY4 (Prop_carry4_S[0]_O[2])
                                                      0.376     2.359 r  jpc2/U0/i_mult/gLUT.gLUT_speed.iLUT/NxM_mult.ppgen[1].carrychain[8].ppadd.b_is_even.stageN.muxcy0_CARRY4/O[2]
                         net (fo=1, routed)           0.456     2.815    jpc2/U0/i_mult/gLUT.gLUT_speed.iLUT/pp_out[1]_1[10]
    SLICE_X0Y13          CARRY4 (Prop_carry4_S[2]_O[2])
                                                      0.292     3.107 r  jpc2/U0/i_mult/gLUT.gLUT_speed.iLUT/plusOp_carry__1/O[2]
                         net (fo=2, routed)           0.769     3.876    jpc2/U0/i_mult/gLUT.gLUT_speed.iLUT/plusOp[10]
    SLICE_X0Y16          LUT2 (Prop_lut2_I0_O)        0.152     4.028 r  jpc2/U0/i_mult/gLUT.gLUT_speed.iLUT/plusOp__79_carry__1_i_5/O
                         net (fo=1, routed)           0.000     4.028    jpc2/U0/i_mult/gLUT.gLUT_speed.iLUT/plusOp__79_carry__1_i_5_n_0
    SLICE_X0Y16          CARRY4 (Prop_carry4_S[0]_O[1])
                                                      0.271     4.299 r  jpc2/U0/i_mult/gLUT.gLUT_speed.iLUT/plusOp__79_carry__1/O[1]
                         net (fo=2, routed)           0.682     4.981    jpc2/U0/i_mult/gLUT.gLUT_speed.iLUT/plusOp5[9]
    SLICE_X2Y17          CARRY4 (Prop_carry4_DI[1]_O[2])
                                                      0.425     5.406 r  jpc2/U0/i_mult/gLUT.gLUT_speed.iLUT/plusOp__167_carry__0/O[2]
                         net (fo=2, routed)           0.515     5.921    t2[14]
    SLICE_X3Y17          LUT3 (Prop_lut3_I0_O)        0.166     6.087 r  y_OBUF[5]_inst_i_5/O
                         net (fo=2, routed)           0.443     6.530    y_OBUF[5]_inst_i_5_n_0
    SLICE_X3Y18          LUT4 (Prop_lut4_I3_O)        0.168     6.698 r  y_OBUF[5]_inst_i_9/O
                         net (fo=1, routed)           0.000     6.698    y_OBUF[5]_inst_i_9_n_0
    SLICE_X3Y18          CARRY4 (Prop_carry4_S[0]_O[0])
                                                      0.147     6.845 r  y_OBUF[5]_inst_i_1/O[0]
                         net (fo=1, routed)           1.614     8.458    y_OBUF[2]
    P19                  OBUF (Prop_obuf_I_O)         2.583    11.041 r  y_OBUF[2]_inst/O
                         net (fo=0)                   0.000    11.041    y[2]
    P19                                                               r  y[2] (OUT)
  -------------------------------------------------------------------    -------------------

                         max delay                   20.000    20.000    
                         clock pessimism              0.000    20.000    
                         output delay                -0.000    20.000    
  -------------------------------------------------------------------
                         required time                         20.000    
                         arrival time                         -11.041    
  -------------------------------------------------------------------
                         slack                                  8.959    

Slack (MET) :             9.509ns  (required time - arrival time)
  Source:                 x2[0]
                            (input port)
  Destination:            y[1]
  Path Group:             **default**
  Path Type:              Max at Slow Process Corner
  Requirement:            20.000ns  (MaxDelay Path 20.000ns)
  Data Path Delay:        10.491ns  (logic 5.175ns (49.329%)  route 5.316ns (50.671%))
  Logic Levels:           9  (CARRY4=5 IBUF=1 LUT2=1 LUT4=1 OBUF=1)
  Output Delay:           0.000ns
  Timing Exception:       MaxDelay Path 20.000ns

    Location             Delay type                Incr(ns)  Path(ns)    Netlist Resource(s)
  -------------------------------------------------------------------    -------------------
    P16                                               0.000     0.000 r  x2[0] (IN)
                         net (fo=0)                   0.000     0.000    x2[0]
    P16                  IBUF (Prop_ibuf_I_O)         0.794     0.794 r  x2_IBUF[0]_inst/O
                         net (fo=2, routed)           1.189     1.983    jpc2/U0/i_mult/gLUT.gLUT_speed.iLUT/B[2]
    SLICE_X1Y13          CARRY4 (Prop_carry4_S[0]_O[2])
                                                      0.376     2.359 r  jpc2/U0/i_mult/gLUT.gLUT_speed.iLUT/NxM_mult.ppgen[1].carrychain[8].ppadd.b_is_even.stageN.muxcy0_CARRY4/O[2]
                         net (fo=1, routed)           0.456     2.815    jpc2/U0/i_mult/gLUT.gLUT_speed.iLUT/pp_out[1]_1[10]
    SLICE_X0Y13          CARRY4 (Prop_carry4_S[2]_O[2])
                                                      0.292     3.107 r  jpc2/U0/i_mult/gLUT.gLUT_speed.iLUT/plusOp_carry__1/O[2]
                         net (fo=2, routed)           0.769     3.876    jpc2/U0/i_mult/gLUT.gLUT_speed.iLUT/plusOp[10]
    SLICE_X0Y16          LUT2 (Prop_lut2_I0_O)        0.152     4.028 r  jpc2/U0/i_mult/gLUT.gLUT_speed.iLUT/plusOp__79_carry__1_i_5/O
                         net (fo=1, routed)           0.000     4.028    jpc2/U0/i_mult/gLUT.gLUT_speed.iLUT/plusOp__79_carry__1_i_5_n_0
    SLICE_X0Y16          CARRY4 (Prop_carry4_S[0]_O[1])
                                                      0.271     4.299 r  jpc2/U0/i_mult/gLUT.gLUT_speed.iLUT/plusOp__79_carry__1/O[1]
                         net (fo=2, routed)           0.682     4.981    jpc2/U0/i_mult/gLUT.gLUT_speed.iLUT/plusOp5[9]
    SLICE_X2Y17          CARRY4 (Prop_carry4_DI[1]_O[2])
                                                      0.425     5.406 r  jpc2/U0/i_mult/gLUT.gLUT_speed.iLUT/plusOp__167_carry__0/O[2]
                         net (fo=2, routed)           0.515     5.921    t2[14]
    SLICE_X3Y17          LUT4 (Prop_lut4_I0_O)        0.152     6.073 r  y_OBUF[1]_inst_i_5/O
                         net (fo=1, routed)           0.000     6.073    y_OBUF[1]_inst_i_5_n_0
    SLICE_X3Y17          CARRY4 (Prop_carry4_S[3]_O[3])
                                                      0.140     6.213 r  y_OBUF[1]_inst_i_1/O[3]
                         net (fo=1, routed)           1.705     7.918    y_OBUF[1]
    P20                  OBUF (Prop_obuf_I_O)         2.573    10.491 r  y_OBUF[1]_inst/O
                         net (fo=0)                   0.000    10.491    y[1]
    P20                                                               r  y[1] (OUT)
  -------------------------------------------------------------------    -------------------

                         max delay                   20.000    20.000    
                         clock pessimism              0.000    20.000    
                         output delay                -0.000    20.000    
  -------------------------------------------------------------------
                         required time                         20.000    
                         arrival time                         -10.491    
  -------------------------------------------------------------------
                         slack                                  9.509    

Slack (MET) :             9.769ns  (required time - arrival time)
  Source:                 x2[0]
                            (input port)
  Destination:            y[0]
  Path Group:             **default**
  Path Type:              Max at Slow Process Corner
  Requirement:            20.000ns  (MaxDelay Path 20.000ns)
  Data Path Delay:        10.231ns  (logic 5.185ns (50.674%)  route 5.047ns (49.326%))
  Logic Levels:           10  (CARRY4=5 IBUF=1 LUT2=1 LUT3=1 LUT4=1 OBUF=1)
  Output Delay:           0.000ns
  Timing Exception:       MaxDelay Path 20.000ns

    Location             Delay type                Incr(ns)  Path(ns)    Netlist Resource(s)
  -------------------------------------------------------------------    -------------------
    P16                                               0.000     0.000 r  x2[0] (IN)
                         net (fo=0)                   0.000     0.000    x2[0]
    P16                  IBUF (Prop_ibuf_I_O)         0.794     0.794 r  x2_IBUF[0]_inst/O
                         net (fo=2, routed)           1.189     1.983    jpc2/U0/i_mult/gLUT.gLUT_speed.iLUT/B[2]
    SLICE_X1Y13          CARRY4 (Prop_carry4_S[0]_O[0])
                                                      0.200     2.183 r  jpc2/U0/i_mult/gLUT.gLUT_speed.iLUT/NxM_mult.ppgen[1].carrychain[8].ppadd.b_is_even.stageN.muxcy0_CARRY4/O[0]
                         net (fo=1, routed)           0.305     2.487    jpc2/U0/i_mult/gLUT.gLUT_speed.iLUT/pp_out[1]_1[8]
    SLICE_X0Y13          LUT2 (Prop_lut2_I1_O)        0.155     2.642 r  jpc2/U0/i_mult/gLUT.gLUT_speed.iLUT/plusOp_carry__1_i_5/O
                         net (fo=1, routed)           0.000     2.642    jpc2/U0/i_mult/gLUT.gLUT_speed.iLUT/plusOp_carry__1_i_5_n_0
    SLICE_X0Y13          CARRY4 (Prop_carry4_S[0]_O[0])
                                                      0.147     2.789 r  jpc2/U0/i_mult/gLUT.gLUT_speed.iLUT/plusOp_carry__1/O[0]
                         net (fo=2, routed)           0.455     3.245    jpc2/U0/i_mult/gLUT.gLUT_speed.iLUT/plusOp[8]
    SLICE_X0Y15          CARRY4 (Prop_carry4_DI[2]_O[3])
                                                      0.362     3.607 r  jpc2/U0/i_mult/gLUT.gLUT_speed.iLUT/plusOp__79_carry__0/O[3]
                         net (fo=2, routed)           0.598     4.205    jpc2/U0/i_mult/gLUT.gLUT_speed.iLUT/plusOp5[7]
    SLICE_X2Y16          CARRY4 (Prop_carry4_S[3]_O[3])
                                                      0.280     4.485 r  jpc2/U0/i_mult/gLUT.gLUT_speed.iLUT/plusOp__167_carry/O[3]
                         net (fo=2, routed)           0.437     4.922    t2[11]
    SLICE_X3Y17          LUT3 (Prop_lut3_I0_O)        0.156     5.078 r  y_OBUF[1]_inst_i_4/O
                         net (fo=2, routed)           0.459     5.537    y_OBUF[1]_inst_i_4_n_0
    SLICE_X3Y17          LUT4 (Prop_lut4_I3_O)        0.170     5.707 r  y_OBUF[1]_inst_i_7/O
                         net (fo=1, routed)           0.000     5.707    y_OBUF[1]_inst_i_7_n_0
    SLICE_X3Y17          CARRY4 (Prop_carry4_S[1]_O[2])
                                                      0.345     6.052 r  y_OBUF[1]_inst_i_1/O[2]
                         net (fo=1, routed)           1.604     7.656    y_OBUF[0]
    M21                  OBUF (Prop_obuf_I_O)         2.575    10.231 r  y_OBUF[0]_inst/O
                         net (fo=0)                   0.000    10.231    y[0]
    M21                                                               r  y[0] (OUT)
  -------------------------------------------------------------------    -------------------

                         max delay                   20.000    20.000    
                         clock pessimism              0.000    20.000    
                         output delay                -0.000    20.000    
  -------------------------------------------------------------------
                         required time                         20.000    
                         arrival time                         -10.231    
  -------------------------------------------------------------------
                         slack                                  9.769    





--------------------------------------------------------------------------------------
Path Group:  (none)
From Clock:  
  To Clock:  

Max Delay             0 Endpoints
Min Delay            10 Endpoints
--------------------------------------------------------------------------------------


Min Delay Paths
--------------------------------------------------------------------------------------
Slack:                    inf
  Source:                 x2[7]
                            (input port)
  Destination:            y[9]
                            (output port)
  Path Group:             (none)
  Path Type:              Min at Fast Process Corner
  Data Path Delay:        3.246ns  (logic 1.962ns (60.424%)  route 1.285ns (39.576%))
  Logic Levels:           9  (CARRY4=5 IBUF=1 LUT2=1 LUT6=1 OBUF=1)

    Location             Delay type                Incr(ns)  Path(ns)    Netlist Resource(s)
  -------------------------------------------------------------------    -------------------
    R20                                               0.000     0.000 r  x2[7] (IN)
                         net (fo=0)                   0.000     0.000    x2[7]
    R20                  IBUF (Prop_ibuf_I_O)         0.090     0.090 r  x2_IBUF[7]_inst/O
                         net (fo=4, routed)           0.321     0.411    jpc2/U0/i_mult/gLUT.gLUT_speed.iLUT/B[9]
    SLICE_X1Y18          CARRY4 (Prop_carry4_S[3]_O[3])
                                                      0.077     0.488 r  jpc2/U0/i_mult/gLUT.gLUT_speed.iLUT/NxM_mult.ppgen[4].carrychain[8].ppadd.b_is_even.stageN.muxcy0_CARRY4/O[3]
                         net (fo=2, routed)           0.112     0.600    jpc2/U0/i_mult/gLUT.gLUT_speed.iLUT/pp_out[4]_4[11]
    SLICE_X0Y20          CARRY4 (Prop_carry4_DI[1]_CO[3])
                                                      0.155     0.755 r  jpc2/U0/i_mult/gLUT.gLUT_speed.iLUT/plusOp__127_carry__1/CO[3]
                         net (fo=1, routed)           0.000     0.755    jpc2/U0/i_mult/gLUT.gLUT_speed.iLUT/plusOp__127_carry__1_n_0
    SLICE_X0Y21          CARRY4 (Prop_carry4_CI_O[0])
                                                      0.041     0.796 r  jpc2/U0/i_mult/gLUT.gLUT_speed.iLUT/plusOp__127_carry__2/O[0]
                         net (fo=2, routed)           0.155     0.951    jpc2/U0/i_mult/gLUT.gLUT_speed.iLUT/plusOp3[12]
    SLICE_X2Y19          LUT2 (Prop_lut2_I1_O)        0.066     1.017 r  jpc2/U0/i_mult/gLUT.gLUT_speed.iLUT/plusOp__167_carry_i_3__2/O
                         net (fo=1, routed)           0.000     1.017    jpc2/U0/i_mult/gLUT.gLUT_speed.iLUT/plusOp__167_carry_i_3__2_n_0
    SLICE_X2Y19          CARRY4 (Prop_carry4_S[2]_O[2])
                                                      0.047     1.064 r  jpc2/U0/i_mult/gLUT.gLUT_speed.iLUT/plusOp__167_carry__2/O[2]
                         net (fo=1, routed)           0.122     1.186    t2[22]
    SLICE_X3Y19          LUT6 (Prop_lut6_I4_O)        0.071     1.257 r  y_OBUF[9]_inst_i_5/O
                         net (fo=1, routed)           0.000     1.257    y_OBUF[9]_inst_i_5_n_0
    SLICE_X3Y19          CARRY4 (Prop_carry4_S[3]_O[3])
                                                      0.049     1.306 r  y_OBUF[9]_inst_i_1/O[3]
                         net (fo=1, routed)           0.575     1.881    y_OBUF[9]
    M26                  OBUF (Prop_obuf_I_O)         1.365     3.246 r  y_OBUF[9]_inst/O
                         net (fo=0)                   0.000     3.246    y[9]
    M26                                                               r  y[9] (OUT)
  -------------------------------------------------------------------    -------------------

Slack:                    inf
  Source:                 x2[6]
                            (input port)
  Destination:            y[4]
                            (output port)
  Path Group:             (none)
  Path Type:              Min at Fast Process Corner
  Data Path Delay:        3.277ns  (logic 1.906ns (58.178%)  route 1.370ns (41.822%))
  Logic Levels:           8  (CARRY4=4 IBUF=1 LUT2=1 LUT4=1 OBUF=1)

    Location             Delay type                Incr(ns)  Path(ns)    Netlist Resource(s)
  -------------------------------------------------------------------    -------------------
    T22                                               0.000     0.000 r  x2[6] (IN)
                         net (fo=0)                   0.000     0.000    x2[6]
    T22                  IBUF (Prop_ibuf_I_O)         0.097     0.097 r  x2_IBUF[6]_inst/O
                         net (fo=2, routed)           0.372     0.468    jpc2/U0/i_mult/gLUT.gLUT_speed.iLUT/B[8]
    SLICE_X1Y18          CARRY4 (Prop_carry4_S[0]_O[0])
                                                      0.083     0.551 r  jpc2/U0/i_mult/gLUT.gLUT_speed.iLUT/NxM_mult.ppgen[4].carrychain[8].ppadd.b_is_even.stageN.muxcy0_CARRY4/O[0]
                         net (fo=2, routed)           0.108     0.659    jpc2/U0/i_mult/gLUT.gLUT_speed.iLUT/pp_out[4]_4[8]
    SLICE_X0Y19          CARRY4 (Prop_carry4_DI[2]_O[3])
                                                      0.137     0.796 r  jpc2/U0/i_mult/gLUT.gLUT_speed.iLUT/plusOp__127_carry__0/O[3]
                         net (fo=1, routed)           0.238     1.034    jpc2/U0/i_mult/gLUT.gLUT_speed.iLUT/plusOp3[7]
    SLICE_X2Y18          LUT2 (Prop_lut2_I1_O)        0.068     1.102 r  jpc2/U0/i_mult/gLUT.gLUT_speed.iLUT/plusOp__167_carry_i_3__1/O
                         net (fo=1, routed)           0.000     1.102    jpc2/U0/i_mult/gLUT.gLUT_speed.iLUT/plusOp__167_carry_i_3__1_n_0
    SLICE_X2Y18          CARRY4 (Prop_carry4_S[1]_O[1])
                                                      0.047     1.149 r  jpc2/U0/i_mult/gLUT.gLUT_speed.iLUT/plusOp__167_carry__1/O[1]
                         net (fo=2, routed)           0.131     1.281    t2[17]
    SLICE_X3Y18          LUT4 (Prop_lut4_I0_O)        0.068     1.349 r  y_OBUF[5]_inst_i_7/O
                         net (fo=1, routed)           0.000     1.349    y_OBUF[5]_inst_i_7_n_0
    SLICE_X3Y18          CARRY4 (Prop_carry4_S[2]_O[2])
                                                      0.051     1.400 r  y_OBUF[5]_inst_i_1/O[2]
                         net (fo=1, routed)           0.521     1.921    y_OBUF[4]
    M24                  OBUF (Prop_obuf_I_O)         1.356     3.277 r  y_OBUF[4]_inst/O
                         net (fo=0)                   0.000     3.277    y[4]
    M24                                                               r  y[4] (OUT)
  -------------------------------------------------------------------    -------------------

Slack:                    inf
  Source:                 x2[6]
                            (input port)
  Destination:            y[5]
                            (output port)
  Path Group:             (none)
  Path Type:              Min at Fast Process Corner
  Data Path Delay:        3.284ns  (logic 1.915ns (58.311%)  route 1.369ns (41.689%))
  Logic Levels:           9  (CARRY4=5 IBUF=1 LUT2=1 LUT4=1 OBUF=1)

    Location             Delay type                Incr(ns)  Path(ns)    Netlist Resource(s)
  -------------------------------------------------------------------    -------------------
    T22                                               0.000     0.000 r  x2[6] (IN)
                         net (fo=0)                   0.000     0.000    x2[6]
    T22                  IBUF (Prop_ibuf_I_O)         0.097     0.097 r  x2_IBUF[6]_inst/O
                         net (fo=2, routed)           0.372     0.468    jpc2/U0/i_mult/gLUT.gLUT_speed.iLUT/B[8]
    SLICE_X1Y18          CARRY4 (Prop_carry4_S[0]_O[0])
                                                      0.083     0.551 r  jpc2/U0/i_mult/gLUT.gLUT_speed.iLUT/NxM_mult.ppgen[4].carrychain[8].ppadd.b_is_even.stageN.muxcy0_CARRY4/O[0]
                         net (fo=2, routed)           0.108     0.659    jpc2/U0/i_mult/gLUT.gLUT_speed.iLUT/pp_out[4]_4[8]
    SLICE_X0Y19          CARRY4 (Prop_carry4_DI[2]_CO[3])
                                                      0.128     0.787 r  jpc2/U0/i_mult/gLUT.gLUT_speed.iLUT/plusOp__127_carry__0/CO[3]
                         net (fo=1, routed)           0.000     0.787    jpc2/U0/i_mult/gLUT.gLUT_speed.iLUT/plusOp__127_carry__0_n_0
    SLICE_X0Y20          CARRY4 (Prop_carry4_CI_O[0])
                                                      0.041     0.828 r  jpc2/U0/i_mult/gLUT.gLUT_speed.iLUT/plusOp__127_carry__1/O[0]
                         net (fo=1, routed)           0.212     1.040    jpc2/U0/i_mult/gLUT.gLUT_speed.iLUT/plusOp3[8]
    SLICE_X2Y18          LUT2 (Prop_lut2_I1_O)        0.066     1.106 r  jpc2/U0/i_mult/gLUT.gLUT_speed.iLUT/plusOp__167_carry_i_2__1/O
                         net (fo=1, routed)           0.000     1.106    jpc2/U0/i_mult/gLUT.gLUT_speed.iLUT/plusOp__167_carry_i_2__1_n_0
    SLICE_X2Y18          CARRY4 (Prop_carry4_S[2]_O[2])
                                                      0.047     1.153 r  jpc2/U0/i_mult/gLUT.gLUT_speed.iLUT/plusOp__167_carry__1/O[2]
                         net (fo=2, routed)           0.122     1.275    t2[18]
    SLICE_X3Y18          LUT4 (Prop_lut4_I0_O)        0.071     1.346 r  y_OBUF[5]_inst_i_6/O
                         net (fo=1, routed)           0.000     1.346    y_OBUF[5]_inst_i_6_n_0
    SLICE_X3Y18          CARRY4 (Prop_carry4_S[3]_O[3])
                                                      0.049     1.395 r  y_OBUF[5]_inst_i_1/O[3]
                         net (fo=1, routed)           0.556     1.951    y_OBUF[5]
    M20                  OBUF (Prop_obuf_I_O)         1.333     3.284 r  y_OBUF[5]_inst/O
                         net (fo=0)                   0.000     3.284    y[5]
    M20                                                               r  y[5] (OUT)
  -------------------------------------------------------------------    -------------------

Slack:                    inf
  Source:                 x2[6]
                            (input port)
  Destination:            y[3]
                            (output port)
  Path Group:             (none)
  Path Type:              Min at Fast Process Corner
  Data Path Delay:        3.287ns  (logic 1.896ns (57.667%)  route 1.392ns (42.333%))
  Logic Levels:           8  (CARRY4=4 IBUF=1 LUT2=1 LUT4=1 OBUF=1)

    Location             Delay type                Incr(ns)  Path(ns)    Netlist Resource(s)
  -------------------------------------------------------------------    -------------------
    T22                                               0.000     0.000 r  x2[6] (IN)
                         net (fo=0)                   0.000     0.000    x2[6]
    T22                  IBUF (Prop_ibuf_I_O)         0.097     0.097 r  x2_IBUF[6]_inst/O
                         net (fo=2, routed)           0.372     0.468    jpc2/U0/i_mult/gLUT.gLUT_speed.iLUT/B[8]
    SLICE_X1Y18          CARRY4 (Prop_carry4_S[0]_O[0])
                                                      0.083     0.551 r  jpc2/U0/i_mult/gLUT.gLUT_speed.iLUT/NxM_mult.ppgen[4].carrychain[8].ppadd.b_is_even.stageN.muxcy0_CARRY4/O[0]
                         net (fo=2, routed)           0.163     0.714    jpc2/U0/i_mult/gLUT.gLUT_speed.iLUT/pp_out[4]_4[8]
    SLICE_X0Y19          CARRY4 (Prop_carry4_S[2]_O[2])
                                                      0.117     0.831 r  jpc2/U0/i_mult/gLUT.gLUT_speed.iLUT/plusOp__127_carry__0/O[2]
                         net (fo=1, routed)           0.184     1.015    jpc2/U0/i_mult/gLUT.gLUT_speed.iLUT/plusOp3[6]
    SLICE_X2Y18          LUT2 (Prop_lut2_I1_O)        0.067     1.082 r  jpc2/U0/i_mult/gLUT.gLUT_speed.iLUT/plusOp__167_carry_i_4__1/O
                         net (fo=1, routed)           0.000     1.082    jpc2/U0/i_mult/gLUT.gLUT_speed.iLUT/plusOp__167_carry_i_4__1_n_0
    SLICE_X2Y18          CARRY4 (Prop_carry4_S[0]_O[0])
                                                      0.050     1.132 r  jpc2/U0/i_mult/gLUT.gLUT_speed.iLUT/plusOp__167_carry__1/O[0]
                         net (fo=2, routed)           0.169     1.301    t2[16]
    SLICE_X3Y18          LUT4 (Prop_lut4_I0_O)        0.066     1.367 r  y_OBUF[5]_inst_i_8/O
                         net (fo=1, routed)           0.000     1.367    y_OBUF[5]_inst_i_8_n_0
    SLICE_X3Y18          CARRY4 (Prop_carry4_S[1]_O[1])
                                                      0.049     1.416 r  y_OBUF[5]_inst_i_1/O[1]
                         net (fo=1, routed)           0.504     1.920    y_OBUF[3]
    L24                  OBUF (Prop_obuf_I_O)         1.367     3.287 r  y_OBUF[3]_inst/O
                         net (fo=0)                   0.000     3.287    y[3]
    L24                                                               r  y[3] (OUT)
  -------------------------------------------------------------------    -------------------

Slack:                    inf
  Source:                 x2[7]
                            (input port)
  Destination:            y[8]
                            (output port)
  Path Group:             (none)
  Path Type:              Min at Fast Process Corner
  Data Path Delay:        3.319ns  (logic 1.899ns (57.225%)  route 1.420ns (42.775%))
  Logic Levels:           8  (CARRY4=4 IBUF=1 LUT2=1 LUT4=1 OBUF=1)

    Location             Delay type                Incr(ns)  Path(ns)    Netlist Resource(s)
  -------------------------------------------------------------------    -------------------
    R20                                               0.000     0.000 r  x2[7] (IN)
                         net (fo=0)                   0.000     0.000    x2[7]
    R20                  IBUF (Prop_ibuf_I_O)         0.090     0.090 r  x2_IBUF[7]_inst/O
                         net (fo=4, routed)           0.321     0.411    jpc2/U0/i_mult/gLUT.gLUT_speed.iLUT/B[9]
    SLICE_X1Y18          CARRY4 (Prop_carry4_S[3]_O[3])
                                                      0.077     0.488 r  jpc2/U0/i_mult/gLUT.gLUT_speed.iLUT/NxM_mult.ppgen[4].carrychain[8].ppadd.b_is_even.stageN.muxcy0_CARRY4/O[3]
                         net (fo=2, routed)           0.112     0.600    jpc2/U0/i_mult/gLUT.gLUT_speed.iLUT/pp_out[4]_4[11]
    SLICE_X0Y20          CARRY4 (Prop_carry4_DI[1]_O[2])
                                                      0.159     0.759 r  jpc2/U0/i_mult/gLUT.gLUT_speed.iLUT/plusOp__127_carry__1/O[2]
                         net (fo=3, routed)           0.250     1.009    jpc2/U0/i_mult/gLUT.gLUT_speed.iLUT/plusOp3[10]
    SLICE_X2Y19          LUT2 (Prop_lut2_I0_O)        0.067     1.076 r  jpc2/U0/i_mult/gLUT.gLUT_speed.iLUT/plusOp__167_carry_i_4__2/O
                         net (fo=1, routed)           0.000     1.076    jpc2/U0/i_mult/gLUT.gLUT_speed.iLUT/plusOp__167_carry_i_4__2_n_0
    SLICE_X2Y19          CARRY4 (Prop_carry4_S[1]_O[1])
                                                      0.047     1.123 r  jpc2/U0/i_mult/gLUT.gLUT_speed.iLUT/plusOp__167_carry__2/O[1]
                         net (fo=2, routed)           0.142     1.265    t2[21]
    SLICE_X3Y19          LUT4 (Prop_lut4_I2_O)        0.068     1.333 r  y_OBUF[9]_inst_i_6/O
                         net (fo=1, routed)           0.000     1.333    y_OBUF[9]_inst_i_6_n_0
    SLICE_X3Y19          CARRY4 (Prop_carry4_S[2]_O[2])
                                                      0.051     1.384 r  y_OBUF[9]_inst_i_1/O[2]
                         net (fo=1, routed)           0.595     1.979    y_OBUF[8]
    R25                  OBUF (Prop_obuf_I_O)         1.340     3.319 r  y_OBUF[8]_inst/O
                         net (fo=0)                   0.000     3.319    y[8]
    R25                                                               r  y[8] (OUT)
  -------------------------------------------------------------------    -------------------

Slack:                    inf
  Source:                 x1[6]
                            (input port)
  Destination:            y[6]
                            (output port)
  Path Group:             (none)
  Path Type:              Min at Fast Process Corner
  Data Path Delay:        3.339ns  (logic 1.860ns (55.725%)  route 1.478ns (44.275%))
  Logic Levels:           8  (CARRY4=4 IBUF=1 LUT2=1 LUT4=1 OBUF=1)

    Location             Delay type                Incr(ns)  Path(ns)    Netlist Resource(s)
  -------------------------------------------------------------------    -------------------
    N18                                               0.000     0.000 r  x1[6] (IN)
                         net (fo=0)                   0.000     0.000    x1[6]
    N18                  IBUF (Prop_ibuf_I_O)         0.092     0.092 r  x1_IBUF[6]_inst/O
                         net (fo=4, routed)           0.410     0.503    jpc1/U0/i_mult/gLUT.gLUT_speed.iLUT/B[8]
    SLICE_X3Y10          CARRY4 (Prop_carry4_S[2]_O[2])
                                                      0.079     0.582 r  jpc1/U0/i_mult/gLUT.gLUT_speed.iLUT/NxM_mult.ppgen[4].carrychain[8].ppadd.b_is_even.stageN.muxcy0_CARRY4/O[2]
                         net (fo=2, routed)           0.106     0.688    jpc1/U0/i_mult/gLUT.gLUT_speed.iLUT/pp_out[4]_4[10]
    SLICE_X1Y11          CARRY4 (Prop_carry4_DI[0]_O[1])
                                                      0.129     0.817 r  jpc1/U0/i_mult/gLUT.gLUT_speed.iLUT/plusOp__127_carry__1/O[1]
                         net (fo=1, routed)           0.166     0.983    jpc1/U0/i_mult/gLUT.gLUT_speed.iLUT/plusOp3[9]
    SLICE_X2Y11          LUT2 (Prop_lut2_I1_O)        0.066     1.049 r  jpc1/U0/i_mult/gLUT.gLUT_speed.iLUT/plusOp__167_carry_i_1__1/O
                         net (fo=1, routed)           0.000     1.049    jpc1/U0/i_mult/gLUT.gLUT_speed.iLUT/plusOp__167_carry_i_1__1_n_0
    SLICE_X2Y11          CARRY4 (Prop_carry4_S[3]_O[3])
                                                      0.046     1.095 r  jpc1/U0/i_mult/gLUT.gLUT_speed.iLUT/plusOp__167_carry__1/O[3]
                         net (fo=2, routed)           0.243     1.338    t1[19]
    SLICE_X3Y19          LUT4 (Prop_lut4_I1_O)        0.068     1.406 r  y_OBUF[9]_inst_i_8/O
                         net (fo=1, routed)           0.000     1.406    y_OBUF[9]_inst_i_8_n_0
    SLICE_X3Y19          CARRY4 (Prop_carry4_S[0]_O[0])
                                                      0.055     1.461 r  y_OBUF[9]_inst_i_1/O[0]
                         net (fo=1, routed)           0.553     2.013    y_OBUF[6]
    N19                  OBUF (Prop_obuf_I_O)         1.325     3.339 r  y_OBUF[6]_inst/O
                         net (fo=0)                   0.000     3.339    y[6]
    N19                                                               r  y[6] (OUT)
  -------------------------------------------------------------------    -------------------

Slack:                    inf
  Source:                 x2[7]
                            (input port)
  Destination:            y[7]
                            (output port)
  Path Group:             (none)
  Path Type:              Min at Fast Process Corner
  Data Path Delay:        3.340ns  (logic 1.902ns (56.963%)  route 1.437ns (43.037%))
  Logic Levels:           8  (CARRY4=4 IBUF=1 LUT2=1 LUT4=1 OBUF=1)

    Location             Delay type                Incr(ns)  Path(ns)    Netlist Resource(s)
  -------------------------------------------------------------------    -------------------
    R20                                               0.000     0.000 r  x2[7] (IN)
                         net (fo=0)                   0.000     0.000    x2[7]
    R20                  IBUF (Prop_ibuf_I_O)         0.090     0.090 r  x2_IBUF[7]_inst/O
                         net (fo=4, routed)           0.321     0.411    jpc2/U0/i_mult/gLUT.gLUT_speed.iLUT/B[9]
    SLICE_X1Y18          CARRY4 (Prop_carry4_S[3]_O[3])
                                                      0.077     0.488 r  jpc2/U0/i_mult/gLUT.gLUT_speed.iLUT/NxM_mult.ppgen[4].carrychain[8].ppadd.b_is_even.stageN.muxcy0_CARRY4/O[3]
                         net (fo=2, routed)           0.112     0.600    jpc2/U0/i_mult/gLUT.gLUT_speed.iLUT/pp_out[4]_4[11]
    SLICE_X0Y20          CARRY4 (Prop_carry4_DI[1]_O[2])
                                                      0.159     0.759 r  jpc2/U0/i_mult/gLUT.gLUT_speed.iLUT/plusOp__127_carry__1/O[2]
                         net (fo=3, routed)           0.253     1.012    jpc2/U0/i_mult/gLUT.gLUT_speed.iLUT/plusOp3[10]
    SLICE_X2Y19          LUT2 (Prop_lut2_I0_O)        0.067     1.079 r  jpc2/U0/i_mult/gLUT.gLUT_speed.iLUT/plusOp__167_carry_i_5/O
                         net (fo=1, routed)           0.000     1.079    jpc2/U0/i_mult/gLUT.gLUT_speed.iLUT/plusOp__167_carry_i_5_n_0
    SLICE_X2Y19          CARRY4 (Prop_carry4_S[0]_O[0])
                                                      0.050     1.129 r  jpc2/U0/i_mult/gLUT.gLUT_speed.iLUT/plusOp__167_carry__2/O[0]
                         net (fo=2, routed)           0.184     1.313    t2[20]
    SLICE_X3Y19          LUT4 (Prop_lut4_I0_O)        0.066     1.379 r  y_OBUF[9]_inst_i_7/O
                         net (fo=1, routed)           0.000     1.379    y_OBUF[9]_inst_i_7_n_0
    SLICE_X3Y19          CARRY4 (Prop_carry4_S[1]_O[1])
                                                      0.049     1.428 r  y_OBUF[9]_inst_i_1/O[1]
                         net (fo=1, routed)           0.567     1.996    y_OBUF[7]
    P25                  OBUF (Prop_obuf_I_O)         1.344     3.340 r  y_OBUF[7]_inst/O
                         net (fo=0)                   0.000     3.340    y[7]
    P25                                                               r  y[7] (OUT)
  -------------------------------------------------------------------    -------------------

Slack:                    inf
  Source:                 x2[2]
                            (input port)
  Destination:            y[0]
                            (output port)
  Path Group:             (none)
  Path Type:              Min at Fast Process Corner
  Data Path Delay:        3.376ns  (logic 1.987ns (58.877%)  route 1.388ns (41.123%))
  Logic Levels:           9  (CARRY4=5 IBUF=1 LUT2=1 LUT4=1 OBUF=1)

    Location             Delay type                Incr(ns)  Path(ns)    Netlist Resource(s)
  -------------------------------------------------------------------    -------------------
    T18                                               0.000     0.000 r  x2[2] (IN)
                         net (fo=0)                   0.000     0.000    x2[2]
    T18                  IBUF (Prop_ibuf_I_O)         0.079     0.079 r  x2_IBUF[2]_inst/O
                         net (fo=2, routed)           0.373     0.452    jpc2/U0/i_mult/gLUT.gLUT_speed.iLUT/B[4]
    SLICE_X2Y14          CARRY4 (Prop_carry4_S[0]_O[0])
                                                      0.078     0.530 r  jpc2/U0/i_mult/gLUT.gLUT_speed.iLUT/NxM_mult.ppgen[2].carrychain[8].ppadd.b_is_even.stageN.muxcy0_CARRY4/O[0]
                         net (fo=2, routed)           0.107     0.637    jpc2/U0/i_mult/gLUT.gLUT_speed.iLUT/pp_out[2]_2[8]
    SLICE_X1Y15          CARRY4 (Prop_carry4_DI[2]_O[3])
                                                      0.137     0.774 r  jpc2/U0/i_mult/gLUT.gLUT_speed.iLUT/plusOp__39_carry__0/O[3]
                         net (fo=1, routed)           0.130     0.904    jpc2/U0/i_mult/gLUT.gLUT_speed.iLUT/plusOp1[7]
    SLICE_X0Y16          LUT2 (Prop_lut2_I1_O)        0.068     0.972 r  jpc2/U0/i_mult/gLUT.gLUT_speed.iLUT/plusOp__79_carry__1_i_4/O
                         net (fo=1, routed)           0.000     0.972    jpc2/U0/i_mult/gLUT.gLUT_speed.iLUT/plusOp__79_carry__1_i_4_n_0
    SLICE_X0Y16          CARRY4 (Prop_carry4_S[1]_O[1])
                                                      0.049     1.021 r  jpc2/U0/i_mult/gLUT.gLUT_speed.iLUT/plusOp__79_carry__1/O[1]
                         net (fo=2, routed)           0.152     1.173    jpc2/U0/i_mult/gLUT.gLUT_speed.iLUT/plusOp5[9]
    SLICE_X2Y17          CARRY4 (Prop_carry4_S[1]_O[1])
                                                      0.113     1.286 r  jpc2/U0/i_mult/gLUT.gLUT_speed.iLUT/plusOp__167_carry__0/O[1]
                         net (fo=2, routed)           0.131     1.417    t2[13]
    SLICE_X3Y17          LUT4 (Prop_lut4_I0_O)        0.068     1.485 r  y_OBUF[1]_inst_i_6/O
                         net (fo=1, routed)           0.000     1.485    y_OBUF[1]_inst_i_6_n_0
    SLICE_X3Y17          CARRY4 (Prop_carry4_S[2]_O[2])
                                                      0.051     1.536 r  y_OBUF[1]_inst_i_1/O[2]
                         net (fo=1, routed)           0.495     2.031    y_OBUF[0]
    M21                  OBUF (Prop_obuf_I_O)         1.344     3.376 r  y_OBUF[0]_inst/O
                         net (fo=0)                   0.000     3.376    y[0]
    M21                                                               r  y[0] (OUT)
  -------------------------------------------------------------------    -------------------

Slack:                    inf
  Source:                 x2[4]
                            (input port)
  Destination:            y[2]
                            (output port)
  Path Group:             (none)
  Path Type:              Min at Fast Process Corner
  Data Path Delay:        3.431ns  (logic 2.005ns (58.427%)  route 1.426ns (41.573%))
  Logic Levels:           10  (CARRY4=5 IBUF=1 LUT2=2 LUT4=1 OBUF=1)

    Location             Delay type                Incr(ns)  Path(ns)    Netlist Resource(s)
  -------------------------------------------------------------------    -------------------
    U19                                               0.000     0.000 r  x2[4] (IN)
                         net (fo=0)                   0.000     0.000    x2[4]
    U19                  IBUF (Prop_ibuf_I_O)         0.073     0.073 r  x2_IBUF[4]_inst/O
                         net (fo=2, routed)           0.400     0.473    jpc2/U0/i_mult/gLUT.gLUT_speed.iLUT/B[6]
    SLICE_X4Y16          CARRY4 (Prop_carry4_S[0]_O[0])
                                                      0.083     0.556 r  jpc2/U0/i_mult/gLUT.gLUT_speed.iLUT/NxM_mult.ppgen[3].carrychain[8].ppadd.b_is_even.stageN.muxcy0_CARRY4/O[0]
                         net (fo=1, routed)           0.105     0.661    jpc2/U0/i_mult/gLUT.gLUT_speed.iLUT/pp_out[3]_3[8]
    SLICE_X1Y16          LUT2 (Prop_lut2_I1_O)        0.066     0.727 r  jpc2/U0/i_mult/gLUT.gLUT_speed.iLUT/plusOp__39_carry__1_i_5/O
                         net (fo=1, routed)           0.000     0.727    jpc2/U0/i_mult/gLUT.gLUT_speed.iLUT/plusOp__39_carry__1_i_5_n_0
    SLICE_X1Y16          CARRY4 (Prop_carry4_S[0]_O[0])
                                                      0.055     0.782 r  jpc2/U0/i_mult/gLUT.gLUT_speed.iLUT/plusOp__39_carry__1/O[0]
                         net (fo=1, routed)           0.110     0.892    jpc2/U0/i_mult/gLUT.gLUT_speed.iLUT/plusOp1[8]
    SLICE_X0Y16          LUT2 (Prop_lut2_I1_O)        0.066     0.958 r  jpc2/U0/i_mult/gLUT.gLUT_speed.iLUT/plusOp__79_carry__1_i_3/O
                         net (fo=1, routed)           0.000     0.958    jpc2/U0/i_mult/gLUT.gLUT_speed.iLUT/plusOp__79_carry__1_i_3_n_0
    SLICE_X0Y16          CARRY4 (Prop_carry4_S[2]_O[2])
                                                      0.051     1.009 r  jpc2/U0/i_mult/gLUT.gLUT_speed.iLUT/plusOp__79_carry__1/O[2]
                         net (fo=2, routed)           0.146     1.155    jpc2/U0/i_mult/gLUT.gLUT_speed.iLUT/plusOp5[10]
    SLICE_X2Y17          CARRY4 (Prop_carry4_S[2]_O[3])
                                                      0.140     1.295 r  jpc2/U0/i_mult/gLUT.gLUT_speed.iLUT/plusOp__167_carry__0/O[3]
                         net (fo=2, routed)           0.160     1.455    t2[15]
    SLICE_X3Y18          LUT4 (Prop_lut4_I0_O)        0.068     1.523 r  y_OBUF[5]_inst_i_9/O
                         net (fo=1, routed)           0.000     1.523    y_OBUF[5]_inst_i_9_n_0
    SLICE_X3Y18          CARRY4 (Prop_carry4_S[0]_O[0])
                                                      0.055     1.578 r  y_OBUF[5]_inst_i_1/O[0]
                         net (fo=1, routed)           0.506     2.083    y_OBUF[2]
    P19                  OBUF (Prop_obuf_I_O)         1.348     3.431 r  y_OBUF[2]_inst/O
                         net (fo=0)                   0.000     3.431    y[2]
    P19                                                               r  y[2] (OUT)
  -------------------------------------------------------------------    -------------------

Slack:                    inf
  Source:                 x2[2]
                            (input port)
  Destination:            y[1]
                            (output port)
  Path Group:             (none)
  Path Type:              Min at Fast Process Corner
  Data Path Delay:        3.453ns  (logic 2.020ns (58.493%)  route 1.433ns (41.507%))
  Logic Levels:           9  (CARRY4=5 IBUF=1 LUT2=1 LUT4=1 OBUF=1)

    Location             Delay type                Incr(ns)  Path(ns)    Netlist Resource(s)
  -------------------------------------------------------------------    -------------------
    T18                                               0.000     0.000 r  x2[2] (IN)
                         net (fo=0)                   0.000     0.000    x2[2]
    T18                  IBUF (Prop_ibuf_I_O)         0.079     0.079 r  x2_IBUF[2]_inst/O
                         net (fo=2, routed)           0.373     0.452    jpc2/U0/i_mult/gLUT.gLUT_speed.iLUT/B[4]
    SLICE_X2Y14          CARRY4 (Prop_carry4_S[0]_O[0])
                                                      0.078     0.530 r  jpc2/U0/i_mult/gLUT.gLUT_speed.iLUT/NxM_mult.ppgen[2].carrychain[8].ppadd.b_is_even.stageN.muxcy0_CARRY4/O[0]
                         net (fo=2, routed)           0.107     0.637    jpc2/U0/i_mult/gLUT.gLUT_speed.iLUT/pp_out[2]_2[8]
    SLICE_X1Y15          CARRY4 (Prop_carry4_DI[2]_O[3])
                                                      0.137     0.774 r  jpc2/U0/i_mult/gLUT.gLUT_speed.iLUT/plusOp__39_carry__0/O[3]
                         net (fo=1, routed)           0.130     0.904    jpc2/U0/i_mult/gLUT.gLUT_speed.iLUT/plusOp1[7]
    SLICE_X0Y16          LUT2 (Prop_lut2_I1_O)        0.068     0.972 r  jpc2/U0/i_mult/gLUT.gLUT_speed.iLUT/plusOp__79_carry__1_i_4/O
                         net (fo=1, routed)           0.000     0.972    jpc2/U0/i_mult/gLUT.gLUT_speed.iLUT/plusOp__79_carry__1_i_4_n_0
    SLICE_X0Y16          CARRY4 (Prop_carry4_S[1]_O[1])
                                                      0.049     1.021 r  jpc2/U0/i_mult/gLUT.gLUT_speed.iLUT/plusOp__79_carry__1/O[1]
                         net (fo=2, routed)           0.152     1.173    jpc2/U0/i_mult/gLUT.gLUT_speed.iLUT/plusOp5[9]
    SLICE_X2Y17          CARRY4 (Prop_carry4_S[1]_O[1])
                                                      0.113     1.286 r  jpc2/U0/i_mult/gLUT.gLUT_speed.iLUT/plusOp__167_carry__0/O[1]
                         net (fo=2, routed)           0.131     1.417    t2[13]
    SLICE_X3Y17          LUT4 (Prop_lut4_I0_O)        0.068     1.485 r  y_OBUF[1]_inst_i_6/O
                         net (fo=1, routed)           0.000     1.485    y_OBUF[1]_inst_i_6_n_0
    SLICE_X3Y17          CARRY4 (Prop_carry4_S[2]_O[3])
                                                      0.075     1.560 r  y_OBUF[1]_inst_i_1/O[3]
                         net (fo=1, routed)           0.540     2.100    y_OBUF[1]
    P20                  OBUF (Prop_obuf_I_O)         1.353     3.453 r  y_OBUF[1]_inst/O
                         net (fo=0)                   0.000     3.453    y[1]
    P20                                                               r  y[1] (OUT)
  -------------------------------------------------------------------    -------------------





