#-----------------------------------------------------------
# Vivado v2022.1 (64-bit)
# SW Build 3526262 on Mon Apr 18 15:48:16 MDT 2022
# IP Build 3524634 on Mon Apr 18 20:55:01 MDT 2022
# Start of session at: Wed Nov  9 08:59:15 2022
# Process ID: 27020
# Current directory: C:/ece4743/lab8
# Command line: vivado.exe -gui_launcher_event rodinguilauncherevent9540 C:\ece4743\lab8\empty_template.xpr
# Log file: C:/ece4743/lab8/vivado.log
# Journal file: C:/ece4743/lab8\vivado.jou
# Running On: Lenovo-9i-Joe-Laptop, OS: Windows, CPU Frequency: 2995 MHz, CPU Physical cores: 4, Host memory: 16901 MB
#-----------------------------------------------------------
start_gui
open_project C:/ece4743/lab8/empty_template.xpr
WARNING: [Board 49-26] cannot add Board Part xilinx.com:kc705:part0:1.6 available at C:/Xilinx/Vivado/2022.1/data/xhub/boards/XilinxBoardStore/boards/Xilinx/kc705/1.6/board.xml as part xc7k325tffg900-2 specified in board_part file is either invalid or not available
WARNING: [Board 49-26] cannot add Board Part xilinx.com:kcu105:part0:1.6 available at C:/Xilinx/Vivado/2022.1/data/xhub/boards/XilinxBoardStore/boards/Xilinx/kcu105/1.6/board.xml as part xcku040-ffva1156-2-e specified in board_part file is either invalid or not available
WARNING: [Board 49-26] cannot add Board Part xilinx.com:kcu105:part0:1.7 available at C:/Xilinx/Vivado/2022.1/data/xhub/boards/XilinxBoardStore/boards/Xilinx/kcu105/1.7/board.xml as part xcku040-ffva1156-2-e specified in board_part file is either invalid or not available
WARNING: [Board 49-26] cannot add Board Part xilinx.com:kcu1500:part0:1.2 available at C:/Xilinx/Vivado/2022.1/data/xhub/boards/XilinxBoardStore/boards/Xilinx/kcu1500/1.2/board.xml as part xcku115-flvb2104-2-e specified in board_part file is either invalid or not available
WARNING: [Board 49-26] cannot add Board Part xilinx.com:vc707:part0:1.4 available at C:/Xilinx/Vivado/2022.1/data/xhub/boards/XilinxBoardStore/boards/Xilinx/vc707/1.4/board.xml as part xc7vx485tffg1761-2 specified in board_part file is either invalid or not available
WARNING: [Board 49-26] cannot add Board Part xilinx.com:vc709:part0:1.8 available at C:/Xilinx/Vivado/2022.1/data/xhub/boards/XilinxBoardStore/boards/Xilinx/vc709/1.8/board.xml as part xc7vx690tffg1761-2 specified in board_part file is either invalid or not available
WARNING: [Board 49-26] cannot add Board Part xilinx.com:vck190:part0:2.2 available at C:/Xilinx/Vivado/2022.1/data/xhub/boards/XilinxBoardStore/boards/Xilinx/vck190/production/2.2/board.xml as part xcvc1902-vsva2197-2mp-e-s specified in board_part file is either invalid or not available
WARNING: [Board 49-26] cannot add Board Part xilinx.com:vck190:part0:3.0 available at C:/Xilinx/Vivado/2022.1/data/xhub/boards/XilinxBoardStore/boards/Xilinx/vck190/production/3.0/board.xml as part xcvc1902-vsva2197-2mp-e-s specified in board_part file is either invalid or not available
WARNING: [Board 49-26] cannot add Board Part xilinx.com:vck190_newl:part0:1.0 available at C:/Xilinx/Vivado/2022.1/data/xhub/boards/XilinxBoardStore/boards/Xilinx/vck190_newl/production/1.0/board.xml as part xcvc1902-vsva2197-2mp-e-s specified in board_part file is either invalid or not available
WARNING: [Board 49-26] cannot add Board Part xilinx.com:vcu108:part0:1.6 available at C:/Xilinx/Vivado/2022.1/data/xhub/boards/XilinxBoardStore/boards/Xilinx/vcu108/1.6/board.xml as part xcvu095-ffva2104-2-e specified in board_part file is either invalid or not available
WARNING: [Board 49-26] cannot add Board Part xilinx.com:vcu108:part0:1.7 available at C:/Xilinx/Vivado/2022.1/data/xhub/boards/XilinxBoardStore/boards/Xilinx/vcu108/1.7/board.xml as part xcvu095-ffva2104-2-e specified in board_part file is either invalid or not available
WARNING: [Board 49-26] cannot add Board Part xilinx.com:vcu110:part0:1.4 available at C:/Xilinx/Vivado/2022.1/data/xhub/boards/XilinxBoardStore/boards/Xilinx/vcu110/1.4/board.xml as part xcvu190-flgc2104-2-e specified in board_part file is either invalid or not available
WARNING: [Board 49-26] cannot add Board Part xilinx.com:vcu118:part0:2.0 available at C:/Xilinx/Vivado/2022.1/data/xhub/boards/XilinxBoardStore/boards/Xilinx/vcu118/2.0/board.xml as part xcvu9p-flga2104-2l-e specified in board_part file is either invalid or not available
WARNING: [Board 49-26] cannot add Board Part xilinx.com:vcu118:part0:2.3 available at C:/Xilinx/Vivado/2022.1/data/xhub/boards/XilinxBoardStore/boards/Xilinx/vcu118/2.3/board.xml as part xcvu9p-flga2104-2l-e specified in board_part file is either invalid or not available
WARNING: [Board 49-26] cannot add Board Part xilinx.com:vcu118:part0:2.4 available at C:/Xilinx/Vivado/2022.1/data/xhub/boards/XilinxBoardStore/boards/Xilinx/vcu118/2.4/board.xml as part xcvu9p-flga2104-2l-e specified in board_part file is either invalid or not available
WARNING: [Board 49-26] cannot add Board Part xilinx.com:vcu128:part0:1.0 available at C:/Xilinx/Vivado/2022.1/data/xhub/boards/XilinxBoardStore/boards/Xilinx/vcu128/production/1.0/board.xml as part xcvu37p-fsvh2892-2l-e specified in board_part file is either invalid or not available
WARNING: [Board 49-26] cannot add Board Part xilinx.com:vcu129:part0:1.0 available at C:/Xilinx/Vivado/2022.1/data/xhub/boards/XilinxBoardStore/boards/Xilinx/vcu129/production/1.0/board.xml as part xcvu29p-fsga2577-2l-e specified in board_part file is either invalid or not available
WARNING: [Board 49-26] cannot add Board Part xilinx.com:vcu1525:part0:1.3 available at C:/Xilinx/Vivado/2022.1/data/xhub/boards/XilinxBoardStore/boards/Xilinx/vcu1525/1.3/board.xml as part xcvu9p-fsgd2104-2l-e specified in board_part file is either invalid or not available
WARNING: [Board 49-26] cannot add Board Part xilinx.com:vermeo_t1_mpsoc:part0:1.0 available at C:/Xilinx/Vivado/2022.1/data/xhub/boards/XilinxBoardStore/boards/Xilinx/vermeo_t1_mpsoc/1.0/board.xml as part xczu19eg-ffvd1760-2l-e specified in board_part file is either invalid or not available
WARNING: [Board 49-26] cannot add Board Part xilinx.com:vermeo_t1_rfsoc:part0:1.0 available at C:/Xilinx/Vivado/2022.1/data/xhub/boards/XilinxBoardStore/boards/Xilinx/vermeo_t1_rfsoc/1.0/board.xml as part xczu21dr-ffvd1156-2l-e specified in board_part file is either invalid or not available
WARNING: [Board 49-26] cannot add Board Part xilinx.com:vmk180:part0:2.2 available at C:/Xilinx/Vivado/2022.1/data/xhub/boards/XilinxBoardStore/boards/Xilinx/vmk180/production/2.2/board.xml as part xcvm1802-vsva2197-2mp-e-s specified in board_part file is either invalid or not available
WARNING: [Board 49-26] cannot add Board Part xilinx.com:vmk180:part0:3.0 available at C:/Xilinx/Vivado/2022.1/data/xhub/boards/XilinxBoardStore/boards/Xilinx/vmk180/production/3.0/board.xml as part xcvm1802-vsva2197-2mp-e-s specified in board_part file is either invalid or not available
WARNING: [Board 49-26] cannot add Board Part xilinx.com:vmk180_newl:part0:1.0 available at C:/Xilinx/Vivado/2022.1/data/xhub/boards/XilinxBoardStore/boards/Xilinx/vmk180_newl/production/1.0/board.xml as part xcvm1802-vsva2197-2mp-e-s specified in board_part file is either invalid or not available
WARNING: [Board 49-26] cannot add Board Part xilinx.com:vpk120_es:part0:1.2 available at C:/Xilinx/Vivado/2022.1/data/xhub/boards/XilinxBoardStore/boards/Xilinx/vpk120/es/1.2/board.xml as part xcvp1202-vsva2785-2mp-e-s-es1 specified in board_part file is either invalid or not available
WARNING: [Board 49-26] cannot add Board Part xilinx.com:vpk120_es_revb:part0:1.0 available at C:/Xilinx/Vivado/2022.1/data/xhub/boards/XilinxBoardStore/boards/Xilinx/vpk120_revb/es/1.0/board.xml as part xcvp1202-vsva2785-2mp-e-s-es1 specified in board_part file is either invalid or not available
WARNING: [Board 49-26] cannot add Board Part xilinx.com:zc706:part0:1.4 available at C:/Xilinx/Vivado/2022.1/data/xhub/boards/XilinxBoardStore/boards/Xilinx/zc706/1.4/board.xml as part xc7z045ffg900-2 specified in board_part file is either invalid or not available
WARNING: [Board 49-26] cannot add Board Part xilinx.com:zcu102:part0:3.3 available at C:/Xilinx/Vivado/2022.1/data/xhub/boards/XilinxBoardStore/boards/Xilinx/zcu102/3.3/board.xml as part xczu9eg-ffvb1156-2-e specified in board_part file is either invalid or not available
WARNING: [Board 49-26] cannot add Board Part xilinx.com:zcu102:part0:3.4 available at C:/Xilinx/Vivado/2022.1/data/xhub/boards/XilinxBoardStore/boards/Xilinx/zcu102/3.4/board.xml as part xczu9eg-ffvb1156-2-e specified in board_part file is either invalid or not available
WARNING: [Board 49-26] cannot add Board Part xilinx.com:zcu111:part0:1.2 available at C:/Xilinx/Vivado/2022.1/data/xhub/boards/XilinxBoardStore/boards/Xilinx/zcu111/1.2/board.xml as part xczu28dr-ffvg1517-2-e specified in board_part file is either invalid or not available
WARNING: [Board 49-26] cannot add Board Part xilinx.com:zcu111:part0:1.3 available at C:/Xilinx/Vivado/2022.1/data/xhub/boards/XilinxBoardStore/boards/Xilinx/zcu111/1.3/board.xml as part xczu28dr-ffvg1517-2-e specified in board_part file is either invalid or not available
WARNING: [Board 49-26] cannot add Board Part xilinx.com:zcu111:part0:1.4 available at C:/Xilinx/Vivado/2022.1/data/xhub/boards/XilinxBoardStore/boards/Xilinx/zcu111/1.4/board.xml as part xczu28dr-ffvg1517-2-e specified in board_part file is either invalid or not available
WARNING: [Board 49-26] cannot add Board Part xilinx.com:zcu1275:part0:1.0 available at C:/Xilinx/Vivado/2022.1/data/xhub/boards/XilinxBoardStore/boards/Xilinx/zcu1275/1.0/board.xml as part xczu29dr-ffvf1760-2-e specified in board_part file is either invalid or not available
WARNING: [Board 49-26] cannot add Board Part xilinx.com:zcu1285:part0:1.0 available at C:/Xilinx/Vivado/2022.1/data/xhub/boards/XilinxBoardStore/boards/Xilinx/zcu1285/1.0/board.xml as part xczu39dr-ffvf1760-2-i specified in board_part file is either invalid or not available
WARNING: [Board 49-26] cannot add Board Part xilinx.com:zcu208:part0:2.0 available at C:/Xilinx/Vivado/2022.1/data/xhub/boards/XilinxBoardStore/boards/Xilinx/zcu208/production/2.0/board.xml as part xczu48dr-fsvg1517-2-e specified in board_part file is either invalid or not available
WARNING: [Board 49-26] cannot add Board Part xilinx.com:zcu208ld:part0:2.0 available at C:/Xilinx/Vivado/2022.1/data/xhub/boards/XilinxBoardStore/boards/Xilinx/zcu208ld/production/2.0/board.xml as part xczu58dr-fsvg1517-2-i specified in board_part file is either invalid or not available
WARNING: [Board 49-26] cannot add Board Part xilinx.com:zcu216:part0:2.0 available at C:/Xilinx/Vivado/2022.1/data/xhub/boards/XilinxBoardStore/boards/Xilinx/zcu216/production/2.0/board.xml as part xczu49dr-ffvf1760-2-e specified in board_part file is either invalid or not available
WARNING: [Board 49-26] cannot add Board Part xilinx.com:zcu216ld:part0:2.0 available at C:/Xilinx/Vivado/2022.1/data/xhub/boards/XilinxBoardStore/boards/Xilinx/zcu216ld/production/2.0/board.xml as part xczu59dr-ffvf1760-2-i specified in board_part file is either invalid or not available
WARNING: [Board 49-26] cannot add Board Part xilinx.com:zcu670:part0:2.0 available at C:/Xilinx/Vivado/2022.1/data/xhub/boards/XilinxBoardStore/boards/Xilinx/zcu670/2.0/board.xml as part xczu67dr-fsve1156-2-i specified in board_part file is either invalid or not available
WARNING: [Board 49-26] cannot add Board Part xilinx.com:zcu670ld:part0:1.0 available at C:/Xilinx/Vivado/2022.1/data/xhub/boards/XilinxBoardStore/boards/Xilinx/zcu670ld/1.0/board.xml as part xczu57dr-fsve1156-2-i specified in board_part file is either invalid or not available
INFO: [Project 1-313] Project file moved from 'C:/Users/jpcok/Desktop/School Docs/Junior_1/Digital_System_Design/github files/lab1' since last save.
INFO: [filemgmt 56-2] Default IP Output Path : Could not find the directory 'C:/ece4743/lab8/empty_template.gen/sources_1', nor could it be found using path 'C:/Users/jpcok/Desktop/School Docs/Junior_1/Digital_System_Design/github files/lab1/empty_template.gen/sources_1'.
WARNING: [Project 1-312] File not found as 'C:/ece4743/lab8/empty_template.srcs/sources_1/new/p2.v'; using path 'C:/Users/jpcok/Desktop/School Docs/Junior_1/Digital_System_Design/github files/lab1/empty_template.srcs/sources_1/new/p2.v' instead.
WARNING: [Project 1-312] File not found as 'C:/ece4743/lab8/empty_template.srcs/sim_1/new/p2_tb.v'; using path 'C:/Users/jpcok/Desktop/School Docs/Junior_1/Digital_System_Design/github files/lab1/empty_template.srcs/sim_1/new/p2_tb.v' instead.
Scanning sources...
Finished scanning sources
WARNING: [Project 1-509] GeneratedRun file for 'synth_1' not found
INFO: [IP_Flow 19-234] Refreshing IP repositories
INFO: [IP_Flow 19-1704] No user IP repositories specified
INFO: [IP_Flow 19-2313] Loaded Vivado IP repository 'C:/Xilinx/Vivado/2022.1/data/ip'.
open_project: Time (s): cpu = 00:00:39 ; elapsed = 00:00:14 . Memory (MB): peak = 1235.684 ; gain = 0.000
update_compile_order -fileset sources_1
export_ip_user_files -of_objects  [get_files {{C:/Users/jpcok/Desktop/School Docs/Junior_1/Digital_System_Design/github files/lab1/empty_template.srcs/sources_1/new/p2.v}}] -no_script -reset -force -quiet
remove_files  {{C:/Users/jpcok/Desktop/School Docs/Junior_1/Digital_System_Design/github files/lab1/empty_template.srcs/sources_1/new/p2.v}}
export_ip_user_files -of_objects  [get_files {{C:/Users/jpcok/Desktop/School Docs/Junior_1/Digital_System_Design/github files/lab1/empty_template.srcs/sim_1/new/p2_tb.v}}] -no_script -reset -force -quiet
remove_files  -fileset sim_1 {{C:/Users/jpcok/Desktop/School Docs/Junior_1/Digital_System_Design/github files/lab1/empty_template.srcs/sim_1/new/p2_tb.v}}
add_files -norecurse C:/ece4743/lab8/fifo.v
set_property SOURCE_SET sources_1 [get_filesets sim_1]
add_files -fileset sim_1 -norecurse C:/ece4743/lab8/tb_fifo.v
update_compile_order -fileset sim_1
update_compile_order -fileset sim_1
WARNING: [IP_Flow 19-4067] Ignoring invalid widget type specified checkbox.Providing a default widget
WARNING: [IP_Flow 19-4067] Ignoring invalid widget type specified checkbox.Providing a default widget
create_ip -name blk_mem_gen -vendor xilinx.com -library ip -version 8.4 -module_name blk_mem_gen_0
set_property -dict [list CONFIG.Memory_Type {True_Dual_Port_RAM} CONFIG.Assume_Synchronous_Clk {true} CONFIG.Write_Width_A {8} CONFIG.Write_Depth_A {8} CONFIG.Read_Width_A {8} CONFIG.Write_Width_B {8} CONFIG.Read_Width_B {8} CONFIG.Enable_B {Use_ENB_Pin} CONFIG.Register_PortA_Output_of_Memory_Primitives {false} CONFIG.Register_PortB_Output_of_Memory_Primitives {false} CONFIG.Port_B_Clock {100} CONFIG.Port_B_Write_Rate {50} CONFIG.Port_B_Enable_Rate {100}] [get_ips blk_mem_gen_0]
generate_target {instantiation_template} [get_files c:/ece4743/lab8/empty_template.srcs/sources_1/ip/blk_mem_gen_0/blk_mem_gen_0.xci]
INFO: [IP_Flow 19-1686] Generating 'Instantiation Template' target for IP 'blk_mem_gen_0'...
update_compile_order -fileset sources_1
generate_target all [get_files  c:/ece4743/lab8/empty_template.srcs/sources_1/ip/blk_mem_gen_0/blk_mem_gen_0.xci]
INFO: [IP_Flow 19-1686] Generating 'Synthesis' target for IP 'blk_mem_gen_0'...
INFO: [IP_Flow 19-1686] Generating 'Simulation' target for IP 'blk_mem_gen_0'...
INFO: [IP_Flow 19-1686] Generating 'Miscellaneous' target for IP 'blk_mem_gen_0'...
INFO: [IP_Flow 19-1686] Generating 'Change Log' target for IP 'blk_mem_gen_0'...
export_ip_user_files -of_objects [get_files c:/ece4743/lab8/empty_template.srcs/sources_1/ip/blk_mem_gen_0/blk_mem_gen_0.xci] -no_script -sync -force -quiet
create_ip_run [get_files -of_objects [get_fileset sources_1] c:/ece4743/lab8/empty_template.srcs/sources_1/ip/blk_mem_gen_0/blk_mem_gen_0.xci]
launch_runs blk_mem_gen_0_synth_1 -jobs 4
[Wed Nov  9 09:05:33 2022] Launched blk_mem_gen_0_synth_1...
Run output will be captured here: C:/ece4743/lab8/empty_template.runs/blk_mem_gen_0_synth_1/runme.log
export_simulation -of_objects [get_files c:/ece4743/lab8/empty_template.srcs/sources_1/ip/blk_mem_gen_0/blk_mem_gen_0.xci] -directory C:/vivado_2016/empty_template/empty_template.ip_user_files/sim_scripts -ip_user_files_dir C:/vivado_2016/empty_template/empty_template.ip_user_files -ipstatic_source_dir C:/ece4743/lab8/empty_template.ip_user_files/ipstatic -lib_map_path [list {modelsim=C:/ece4743/lab8/empty_template.cache/compile_simlib/modelsim} {questa=C:/ece4743/lab8/empty_template.cache/compile_simlib/questa} {riviera=C:/ece4743/lab8/empty_template.cache/compile_simlib/riviera} {activehdl=C:/ece4743/lab8/empty_template.cache/compile_simlib/activehdl}] -use_ip_compiled_libs -force -quiet
export_ip_user_files -of_objects  [get_files c:/ece4743/lab8/empty_template.srcs/sources_1/ip/blk_mem_gen_0/blk_mem_gen_0.xci] -no_script -reset -force -quiet
remove_files  -fileset blk_mem_gen_0 c:/ece4743/lab8/empty_template.srcs/sources_1/ip/blk_mem_gen_0/blk_mem_gen_0.xci
WARNING: [Vivado 12-1017] Problems encountered:
1. Process appears to be on host 'LENOVO-9I-JOE-L' and cannot be killed from host 'Lenovo-9i-Joe-Laptop'

INFO: [Project 1-386] Moving file 'c:/ece4743/lab8/empty_template.srcs/sources_1/ip/blk_mem_gen_0/blk_mem_gen_0.xci' from fileset 'blk_mem_gen_0' to fileset 'sources_1'.
file delete -force c:/ece4743/lab8/empty_template.srcs/sources_1/ip/blk_mem_gen_0
file delete -force c:/ece4743/lab8/empty_template.gen/sources_1/ip/blk_mem_gen_0
WARNING: [IP_Flow 19-4067] Ignoring invalid widget type specified checkbox.Providing a default widget
WARNING: [IP_Flow 19-4067] Ignoring invalid widget type specified checkbox.Providing a default widget
create_ip -name blk_mem_gen -vendor xilinx.com -library ip -version 8.4 -module_name blk_mem_gen
set_property -dict [list CONFIG.Component_Name {blk_mem_gen} CONFIG.Memory_Type {True_Dual_Port_RAM} CONFIG.Assume_Synchronous_Clk {true} CONFIG.Write_Width_A {8} CONFIG.Write_Depth_A {8} CONFIG.Read_Width_A {8} CONFIG.Write_Width_B {8} CONFIG.Read_Width_B {8} CONFIG.Enable_B {Use_ENB_Pin} CONFIG.Register_PortA_Output_of_Memory_Primitives {false} CONFIG.Register_PortB_Output_of_Memory_Primitives {false} CONFIG.Port_B_Clock {100} CONFIG.Port_B_Write_Rate {50} CONFIG.Port_B_Enable_Rate {100}] [get_ips blk_mem_gen]
WARNING: [Vivado 12-3523] Attempt to change 'Component_Name' from 'blk_mem_gen' to 'blk_mem_gen' is not allowed and is ignored.
generate_target {instantiation_template} [get_files c:/ece4743/lab8/empty_template.srcs/sources_1/ip/blk_mem_gen/blk_mem_gen.xci]
INFO: [IP_Flow 19-1686] Generating 'Instantiation Template' target for IP 'blk_mem_gen'...
generate_target all [get_files  c:/ece4743/lab8/empty_template.srcs/sources_1/ip/blk_mem_gen/blk_mem_gen.xci]
INFO: [IP_Flow 19-1686] Generating 'Synthesis' target for IP 'blk_mem_gen'...
INFO: [IP_Flow 19-1686] Generating 'Simulation' target for IP 'blk_mem_gen'...
INFO: [IP_Flow 19-1686] Generating 'Miscellaneous' target for IP 'blk_mem_gen'...
INFO: [IP_Flow 19-1686] Generating 'Change Log' target for IP 'blk_mem_gen'...
export_ip_user_files -of_objects [get_files c:/ece4743/lab8/empty_template.srcs/sources_1/ip/blk_mem_gen/blk_mem_gen.xci] -no_script -sync -force -quiet
create_ip_run [get_files -of_objects [get_fileset sources_1] c:/ece4743/lab8/empty_template.srcs/sources_1/ip/blk_mem_gen/blk_mem_gen.xci]
launch_runs blk_mem_gen_synth_1 -jobs 4
[Wed Nov  9 09:07:00 2022] Launched blk_mem_gen_synth_1...
Run output will be captured here: C:/ece4743/lab8/empty_template.runs/blk_mem_gen_synth_1/runme.log
export_simulation -of_objects [get_files c:/ece4743/lab8/empty_template.srcs/sources_1/ip/blk_mem_gen/blk_mem_gen.xci] -directory C:/vivado_2016/empty_template/empty_template.ip_user_files/sim_scripts -ip_user_files_dir C:/vivado_2016/empty_template/empty_template.ip_user_files -ipstatic_source_dir C:/ece4743/lab8/empty_template.ip_user_files/ipstatic -lib_map_path [list {modelsim=C:/ece4743/lab8/empty_template.cache/compile_simlib/modelsim} {questa=C:/ece4743/lab8/empty_template.cache/compile_simlib/questa} {riviera=C:/ece4743/lab8/empty_template.cache/compile_simlib/riviera} {activehdl=C:/ece4743/lab8/empty_template.cache/compile_simlib/activehdl}] -use_ip_compiled_libs -force -quiet
WARNING: [IP_Flow 19-4067] Ignoring invalid widget type specified checkbox.Providing a default widget
WARNING: [IP_Flow 19-4067] Ignoring invalid widget type specified checkbox.Providing a default widget
exit
INFO: [Common 17-206] Exiting Vivado at Wed Nov  9 12:20:01 2022...
