Vivado Simulator v2022.1
Copyright 1986-1999, 2001-2022 Xilinx, Inc. All Rights Reserved.
Running: C:/Xilinx/Vivado/2022.1/bin/unwrapped/win64.o/xelab.exe --incr --debug typical --relax --mt 2 --maxdelay -L xil_defaultlib -L simprims_ver -L secureip --snapshot timertop_time_impl -transport_int_delays -pulse_r 0 -pulse_int_r 0 -pulse_e 0 -pulse_int_e 0 xil_defaultlib.timertop xil_defaultlib.glbl -log elaborate.log 
Using 2 slave threads.
Starting static elaboration
Pass Through NonSizing Optimizer
Completed static elaboration
Starting simulation data flow analysis
Completed simulation data flow analysis
INFO: [XSIM 43-3451] SDF backannotation process started with SDF file "timertop_time_impl.sdf", for root module "timertop".
INFO: [XSIM 43-3452] SDF backannotation was successful for SDF file "timertop_time_impl.sdf", for root module "timertop".
Time Resolution for simulation is 1ps
Compiling module simprims_ver.OBUF
Compiling module simprims_ver.IBUF
Compiling module simprims_ver.BUFG
Compiling module simprims_ver.MMCME2_ADV(CLKFBOUT_MULT_F=10.0,...
Compiling module xil_defaultlib.clk_wiz_clk_wiz
Compiling module xil_defaultlib.clk_wiz
Compiling module simprims_ver.FDRE_default
Compiling module simprims_ver.x_lut2_mux4
Compiling module simprims_ver.LUT2
Compiling module simprims_ver.FDCE_default
Compiling module simprims_ver.CARRY4
Compiling module simprims_ver.x_lut3_mux8
Compiling module simprims_ver.LUT3
Compiling module xil_defaultlib.timer32
Compiling module xil_defaultlib.timer32__parameterized0
Compiling module xil_defaultlib.timer32__parameterized1
Compiling module xil_defaultlib.timer32__parameterized2
Compiling module xil_defaultlib.timer32__parameterized3
Compiling module xil_defaultlib.timer32__parameterized4
Compiling module xil_defaultlib.timer32__parameterized5
Compiling module xil_defaultlib.timertop
Compiling module xil_defaultlib.glbl
Built simulation snapshot timertop_time_impl
